FastTree Version 2.1.11 Double precision (No SSE3)
Alignment: aligned.fas
Nucleotide distances: Jukes-Cantor Joins: balanced Support: SH-like 1000
Search: Normal +NNI +SPR (2 rounds range 10) +ML-NNI opt-each=1
TopHits: 1.00*sqrtN close=default refresh=0.80
ML Model: Generalized Time-Reversible, CAT approximation with 20 rate categories
Ignored unknown character r (seen 6 times)
Ignored unknown character s (seen 1 times)
Ignored unknown character y (seen 6 times)
Initial topology in 0.00 seconds
Refining topology: 8 rounds ME-NNIs, 2 rounds ME-SPRs, 4 rounds ML-NNIs
Total branch-length 0.008 after 0.02 sec
ML-NNI round 1: LogLk = -36397.244 NNIs 0 max delta 0.00 Time 0.05
      0.10 seconds: Optimizing GTR model, step 3 of 12
      0.21 seconds: Optimizing GTR model, step 8 of 12
GTR Frequencies: 0.2486 0.2306 0.2849 0.2359
GTR rates(ac ag at cg ct gt) 0.7812 4.1627 0.5076 0.8648 4.7415 1.0000
      0.31 seconds: Site likelihoods with rate category 1 of 20
Switched to using 20 rate categories (CAT approximation)
Rate categories were divided by 0.625 so that average rate = 1.0
CAT-based log-likelihoods may not be comparable across runs
ML-NNI round 2: LogLk = -36168.705 NNIs 0 max delta 0.00 Time 0.36
Turning off heuristics for final round of ML NNIs (converged)
ML-NNI round 3: LogLk = -36168.705 NNIs 0 max delta 0.00 Time 0.40 (final)
Optimize all lengths: LogLk = -36168.705 Time 0.42
      0.78 seconds: Site likelihoods with rate category 1 of 20
      0.91 seconds: Optimizing alpha round 2
      1.05 seconds: Optimizing alpha round 4
      1.17 seconds: Optimizing alpha round 6
      1.29 seconds: Optimizing alpha round 8
      1.41 seconds: Optimizing alpha round 10
Gamma(20) LogLk = -36209.523 alpha = 0.025 rescaling lengths by 2.173
Total time: 1.48 seconds Unique: 4/4 Bad splits: 0/1
