[12:56:08 - MdlStrTF] Successfully removed temporary files from /var/folders/vs/4d0w8drx4zdg1jl70nymtyt00000gn/T/tmpsvv_jfxl.
[12:56:09 - MdlStrTF] Successfully removed temporary files from /var/folders/vs/4d0w8drx4zdg1jl70nymtyt00000gn/T/tmphwl7efy3.
Using the existing fai index file /Volumes/Seagate/monotrac/nextflow/References/targets.fasta.fai
Using the existing mmi index file /Volumes/Seagate/monotrac/nextflow/References/targets.fasta.map-ont.mmi
[M::main::0.047*0.37] loaded/built the index for 20 target sequence(s)
[M::mm_mapopt_update::0.048*0.38] mid_occ = 2
[M::mm_idx_stat] kmer size: 15; skip: 10; is_hpc: 0; #seq: 20
[M::mm_idx_stat::0.048*0.38] distinct minimizers: 4818 (100.00% are singletons); average occurrences: 1.000; average spacing: 5.410
[M::worker_pipeline::0.099*0.66] mapped 10000 sequences
[M::main] Version: 2.11-r797
[M::main] CMD: minimap2 -x map-ont --secondary=no -L --MD -A 2 -B 4 -O 4,24 -E 2,1 -t 1 -a /Volumes/Seagate/monotrac/nextflow/References/targets.fasta.map-ont.mmi /Volumes/Seagate/monotrac/guy_nextflow/early_1_1.fq.gz
[M::main] Real time: 0.101 sec; CPU: 0.067 sec
[12:56:15 - Predict] Setting tensorflow inter/intra-op threads to 1/1.
[12:56:15 - Predict] Processing region(s): Tb927.1.3230:0-2148 Tb927.10.13980:0-627 Tb927.10.14170:0-939 Tb927.10.15300:0-3465 Tb927.10.1820:0-795 Tb927.10.2810:0-1017 Tb927.10.4720:0-1083 Tb927.11.1940:0-1395 Tb927.11.3980:0-1557 Tb927.3.4350:0-2325 Tb927.4.980:0-1119 Tb927.5.1220:0-567 Tb927.6.1100:0-1479 Tb927.6.2630:0-1320 Tb927.6.3660:0-831 Tb927.6.5000:0-1185 Tb927.7.6560:0-684 Tb927.8.3480:0-1827 Tb927.8.3810:0-1173 Tb927.9.10660:0-528
[12:56:15 - Predict] Using model: /opt/anaconda3/envs/medaka/lib/python3.8/site-packages/medaka/data/r1041_e82_400bps_sup_v5.0.0_model.tar.gz.
[12:56:15 - Predict] Using minimum mapQ threshold of 1 for read filtering.
[12:56:15 - BAMFile] Creating pool of 16 BAM file sets.
[12:56:15 - Predict] Processing 20 short region(s).
[12:56:16 - MdlStrTF] Model <keras.src.engine.sequential.Sequential object at 0x7f932326bf70>
[12:56:16 - MdlStrTF] loading weights from /var/folders/vs/4d0w8drx4zdg1jl70nymtyt00000gn/T/tmps7lx19hk/model/variables/variables (using expect partial)
[12:56:16 - Sampler] Initializing sampler for consensus of region Tb927.1.3230:0-2148.
[12:56:16 - Sampler] Initializing sampler for consensus of region Tb927.10.13980:0-627.
[12:56:16 - PWorker] Running inference for 0.0M draft bases.
[12:56:16 - Sampler] Took 0.04s to make features.
[12:56:16 - Sampler] Initializing sampler for consensus of region Tb927.10.14170:0-939.
[12:56:16 - Sampler] Took 0.03s to make features.
[12:56:16 - Sampler] Took 0.00s to make features.
[12:56:16 - Sampler] Initializing sampler for consensus of region Tb927.10.15300:0-3465.
[12:56:16 - Sampler] Initializing sampler for consensus of region Tb927.10.1820:0-795.
[12:56:16 - Sampler] Took 0.05s to make features.
[12:56:16 - Sampler] Initializing sampler for consensus of region Tb927.10.2810:0-1017.
[12:56:16 - Sampler] Took 0.04s to make features.
[12:56:16 - Sampler] Initializing sampler for consensus of region Tb927.10.4720:0-1083.
[12:56:16 - Sampler] Took 0.02s to make features.
[12:56:16 - Sampler] Initializing sampler for consensus of region Tb927.11.1940:0-1395.
[12:56:16 - Sampler] Took 0.07s to make features.
[12:56:16 - Sampler] Initializing sampler for consensus of region Tb927.11.3980:0-1557.
[12:56:16 - Sampler] Took 0.04s to make features.
[12:56:16 - Sampler] Initializing sampler for consensus of region Tb927.3.4350:0-2325.
[12:56:16 - Sampler] Took 0.02s to make features.
[12:56:16 - Sampler] Initializing sampler for consensus of region Tb927.4.980:0-1119.
[12:56:16 - Sampler] Took 0.04s to make features.
[12:56:16 - Sampler] Initializing sampler for consensus of region Tb927.5.1220:0-567.
[12:56:16 - Sampler] Took 0.05s to make features.
[12:56:16 - Sampler] Initializing sampler for consensus of region Tb927.6.1100:0-1479.
[12:56:16 - Sampler] Took 0.03s to make features.
[12:56:16 - Sampler] Initializing sampler for consensus of region Tb927.6.2630:0-1320.
[12:56:16 - Sampler] Took 0.02s to make features.
[12:56:16 - Sampler] Initializing sampler for consensus of region Tb927.6.3660:0-831.
[12:56:16 - Sampler] Took 0.03s to make features.
[12:56:16 - Sampler] Initializing sampler for consensus of region Tb927.6.5000:0-1185.
[12:56:16 - Sampler] Took 0.02s to make features.
[12:56:16 - Sampler] Initializing sampler for consensus of region Tb927.7.6560:0-684.
[12:56:16 - Sampler] Took 0.02s to make features.
[12:56:16 - Sampler] Initializing sampler for consensus of region Tb927.8.3480:0-1827.
[12:56:16 - Sampler] Took 0.02s to make features.
[12:56:16 - Sampler] Initializing sampler for consensus of region Tb927.8.3810:0-1173.
[12:56:16 - Sampler] Took 0.02s to make features.
[12:56:16 - Sampler] Initializing sampler for consensus of region Tb927.9.10660:0-528.
[12:56:16 - Sampler] Took 0.02s to make features.
[12:56:16 - Sampler] Took 0.06s to make features.
[12:56:16 - PWorker] Processed 0 batches
[12:56:16 - PWorker] All done, 0 remainder regions.
[12:56:16 - Predict] Finished processing all regions.
[12:56:16 - MdlStrTF] Successfully removed temporary files from /var/folders/vs/4d0w8drx4zdg1jl70nymtyt00000gn/T/tmps7lx19hk.
[12:56:18 - DataIndx] Loaded 1/1 (100.00%) sample files.
[12:56:18 - Stitcher] Copying contig 'Tb927.8.3810' verbatim from input.
[12:56:18 - Stitcher] Copying contig 'Tb927.3.4350' verbatim from input.
[12:56:18 - Stitcher] Copying contig 'Tb927.8.3480' verbatim from input.
[12:56:18 - Stitcher] Copying contig 'Tb927.11.1940' verbatim from input.
[12:56:18 - Stitcher] Copying contig 'Tb927.6.1100' verbatim from input.
[12:56:18 - Stitcher] Copying contig 'Tb927.1.3230' verbatim from input.
[12:56:18 - Stitcher] Copying contig 'Tb927.10.4720' verbatim from input.
[12:56:18 - Stitcher] Copying contig 'Tb927.9.10660' verbatim from input.
[12:56:18 - Stitcher] Copying contig 'Tb927.6.2630' verbatim from input.
[12:56:18 - Stitcher] Copying contig 'Tb927.10.1820' verbatim from input.
[12:56:18 - Stitcher] Copying contig 'Tb927.10.2810' verbatim from input.
[12:56:18 - Stitcher] Copying contig 'Tb927.4.980' verbatim from input.
[12:56:18 - Stitcher] Copying contig 'Tb927.10.13980' verbatim from input.
[12:56:18 - Stitcher] Copying contig 'Tb927.10.14170' verbatim from input.
[12:56:18 - Stitcher] Copying contig 'Tb927.11.3980' verbatim from input.
[12:56:18 - Stitcher] Copying contig 'Tb927.5.1220' verbatim from input.
[12:56:18 - Stitcher] Copying contig 'Tb927.7.6560' verbatim from input.
[12:56:18 - Stitcher] Copying contig 'Tb927.6.3660' verbatim from input.
[12:56:18 - Stitcher] Copying contig 'Tb927.10.15300' verbatim from input.
[12:56:18 - Stitcher] Copying contig 'Tb927.6.5000' verbatim from input.
