FastTree Version 2.1.11 Double precision (No SSE3)
Alignment: aligned.fas
Nucleotide distances: Jukes-Cantor Joins: balanced Support: SH-like 1000
Search: Normal +NNI +SPR (2 rounds range 10) +ML-NNI opt-each=1
TopHits: 1.00*sqrtN close=default refresh=0.80
ML Model: Generalized Time-Reversible, CAT approximation with 20 rate categories
Ignored unknown character k (seen 3 times)
Ignored unknown character m (seen 4 times)
Ignored unknown character r (seen 23 times)
Ignored unknown character s (seen 2 times)
Ignored unknown character w (seen 4 times)
Ignored unknown character y (seen 19 times)
Initial topology in 0.00 seconds
Refining topology: 8 rounds ME-NNIs, 2 rounds ME-SPRs, 4 rounds ML-NNIs
Total branch-length 0.007 after 0.03 sec
ML-NNI round 1: LogLk = -36402.545 NNIs 0 max delta 0.00 Time 0.10
      0.14 seconds: Optimizing GTR model, step 2 of 12
      0.27 seconds: Optimizing GTR model, step 5 of 12
      0.37 seconds: Optimizing GTR model, step 9 of 12
GTR Frequencies: 0.2486 0.2307 0.2848 0.2359
GTR rates(ac ag at cg ct gt) 0.8544 4.8739 0.5340 0.9724 5.7730 1.0000
      0.50 seconds: Site likelihoods with rate category 1 of 20
Switched to using 20 rate categories (CAT approximation)
Rate categories were divided by 0.625 so that average rate = 1.0
CAT-based log-likelihoods may not be comparable across runs
ML-NNI round 2: LogLk = -36176.741 NNIs 0 max delta 0.00 Time 0.56
Turning off heuristics for final round of ML NNIs (converged)
ML-NNI round 3: LogLk = -36176.741 NNIs 0 max delta 0.00 Time 0.65 (final)
      0.64 seconds: ML Lengths 1 of 2 splits
Optimize all lengths: LogLk = -36176.741 Time 0.70
      1.29 seconds: Site likelihoods with rate category 1 of 20
      1.60 seconds: Optimizing alpha round 2
      1.71 seconds: Optimizing alpha round 3
      1.82 seconds: Optimizing alpha round 4
      1.94 seconds: Optimizing alpha round 5
      2.06 seconds: Optimizing alpha round 6
      2.16 seconds: Optimizing alpha round 7
      2.26 seconds: Optimizing alpha round 8
      2.37 seconds: Optimizing alpha round 9
Gamma(20) LogLk = -36232.566 alpha = 0.052 rescaling lengths by 1.263
Total time: 2.59 seconds Unique: 4/4 Bad splits: 0/1
