[21:44:36 - MdlStrTF] Successfully removed temporary files from /var/folders/vs/4d0w8drx4zdg1jl70nymtyt00000gn/T/tmp2s5l3sl3.
[21:44:37 - MdlStrTF] Successfully removed temporary files from /var/folders/vs/4d0w8drx4zdg1jl70nymtyt00000gn/T/tmp5hvyrb2r.
Using the existing fai index file /Volumes/Seagate/monotrac/nextflow/References/targets.fasta.fai
Using the existing mmi index file /Volumes/Seagate/monotrac/nextflow/References/targets.fasta.map-ont.mmi
[M::main::0.024*0.89] loaded/built the index for 20 target sequence(s)
[M::mm_mapopt_update::0.024*0.89] mid_occ = 2
[M::mm_idx_stat] kmer size: 15; skip: 10; is_hpc: 0; #seq: 20
[M::mm_idx_stat::0.024*0.89] distinct minimizers: 4818 (100.00% are singletons); average occurrences: 1.000; average spacing: 5.410
[M::worker_pipeline::0.340*0.73] mapped 1313 sequences
[M::main] Version: 2.11-r797
[M::main] CMD: minimap2 -x map-ont --secondary=no -L --MD -A 2 -B 4 -O 4,24 -E 2,1 -t 1 -a /Volumes/Seagate/monotrac/nextflow/References/targets.fasta.map-ont.mmi /Volumes/Seagate/monotrac/nextflow/Raw_reads/barcode2.fq.gz
[M::main] Real time: 0.343 sec; CPU: 0.250 sec
[21:44:43 - Predict] Setting tensorflow inter/intra-op threads to 1/1.
[21:44:43 - Predict] Processing region(s): Tb927.1.3230:0-2148 Tb927.10.13980:0-627 Tb927.10.14170:0-939 Tb927.10.15300:0-3465 Tb927.10.1820:0-795 Tb927.10.2810:0-1017 Tb927.10.4720:0-1083 Tb927.11.1940:0-1395 Tb927.11.3980:0-1557 Tb927.3.4350:0-2325 Tb927.4.980:0-1119 Tb927.5.1220:0-567 Tb927.6.1100:0-1479 Tb927.6.2630:0-1320 Tb927.6.3660:0-831 Tb927.6.5000:0-1185 Tb927.7.6560:0-684 Tb927.8.3480:0-1827 Tb927.8.3810:0-1173 Tb927.9.10660:0-528
[21:44:43 - Predict] Using model: /opt/anaconda3/envs/medaka/lib/python3.8/site-packages/medaka/data/r1041_e82_400bps_sup_v5.0.0_model.tar.gz.
[21:44:43 - Predict] Using minimum mapQ threshold of 1 for read filtering.
[21:44:43 - BAMFile] Creating pool of 16 BAM file sets.
[21:44:43 - Predict] Processing 20 short region(s).
[21:44:44 - MdlStrTF] Model <keras.src.engine.sequential.Sequential object at 0x7fa9a2074f40>
[21:44:44 - MdlStrTF] loading weights from /var/folders/vs/4d0w8drx4zdg1jl70nymtyt00000gn/T/tmpa0bawheg/model/variables/variables (using expect partial)
[21:44:44 - Sampler] Initializing sampler for consensus of region Tb927.1.3230:0-2148.
[21:44:44 - Sampler] Initializing sampler for consensus of region Tb927.10.13980:0-627.
[21:44:44 - PWorker] Running inference for 0.0M draft bases.
[21:44:44 - Feature] Pileup counts do not span requested region, requested Tb927.1.3230:0-2148, received 34-2146.
[21:44:44 - Feature] Pileup counts do not span requested region, requested Tb927.10.13980:0-627, received 0-582.
[21:44:44 - Feature] Processed Tb927.10.13980:0.0-582.0 (median depth 2.0)
[21:44:44 - Feature] Processed Tb927.1.3230:34.0-2146.0 (median depth 1.0)
[21:44:44 - Sampler] Took 0.17s to make features.
[21:44:44 - Sampler] Took 0.20s to make features.
[21:44:44 - Sampler] Initializing sampler for consensus of region Tb927.10.14170:0-939.
[21:44:44 - Sampler] Initializing sampler for consensus of region Tb927.10.15300:0-3465.
[21:44:44 - Feature] Processed Tb927.10.15300:0.0-3464.0 (median depth 5.0)
[21:44:44 - Sampler] Took 0.07s to make features.
[21:44:44 - Sampler] Initializing sampler for consensus of region Tb927.10.1820:0-795.
[21:44:44 - Feature] Processed Tb927.10.14170:0.0-938.0 (median depth 3.0)
[21:44:44 - Sampler] Took 0.09s to make features.
[21:44:44 - Sampler] Initializing sampler for consensus of region Tb927.10.2810:0-1017.
[21:44:44 - Feature] Processed Tb927.10.2810:0.0-1016.0 (median depth 9.0)
[21:44:44 - Sampler] Took 0.10s to make features.
[21:44:44 - Sampler] Initializing sampler for consensus of region Tb927.10.4720:0-1083.
[21:44:44 - Feature] Processed Tb927.10.1820:0.0-794.0 (median depth 17.0)
[21:44:44 - Sampler] Took 0.12s to make features.
[21:44:44 - Sampler] Initializing sampler for consensus of region Tb927.11.1940:0-1395.
[21:44:44 - Feature] Processed Tb927.10.4720:0.0-1082.0 (median depth 4.0)
[21:44:44 - Sampler] Took 0.05s to make features.
[21:44:44 - Sampler] Initializing sampler for consensus of region Tb927.11.3980:0-1557.
[21:44:44 - Feature] Pileup counts do not span requested region, requested Tb927.11.3980:0-1557, received 1020-1539.
[21:44:44 - Feature] Processed Tb927.11.3980:1020.0-1539.0 (median depth 1.0)
[21:44:44 - Sampler] Took 0.03s to make features.
[21:44:44 - Sampler] Initializing sampler for consensus of region Tb927.3.4350:0-2325.
[21:44:44 - Feature] Processed Tb927.11.1940:0.0-1394.0 (median depth 163.0)
[21:44:44 - Sampler] Took 0.09s to make features.
[21:44:44 - Sampler] Initializing sampler for consensus of region Tb927.4.980:0-1119.
[21:44:45 - Feature] Processed Tb927.3.4350:0.0-2324.0 (median depth 62.0)
[21:44:45 - Sampler] Took 0.12s to make features.
[21:44:45 - Sampler] Initializing sampler for consensus of region Tb927.5.1220:0-567.
[21:44:45 - Feature] Processed Tb927.4.980:0.0-1118.0 (median depth 8.0)
[21:44:45 - Sampler] Took 0.10s to make features.
[21:44:45 - Sampler] Took 0.00s to make features.
[21:44:45 - Sampler] Initializing sampler for consensus of region Tb927.6.1100:0-1479.
[21:44:45 - Sampler] Initializing sampler for consensus of region Tb927.6.2630:0-1320.
[21:44:45 - Sampler] Took 0.00s to make features.
[21:44:45 - Sampler] Initializing sampler for consensus of region Tb927.6.3660:0-831.
[21:44:45 - Sampler] Took 0.00s to make features.
[21:44:45 - Sampler] Initializing sampler for consensus of region Tb927.6.5000:0-1185.
[21:44:45 - Feature] Processed Tb927.6.2630:0.0-1319.0 (median depth 3.0)
[21:44:45 - Sampler] Took 0.00s to make features.
[21:44:45 - Sampler] Initializing sampler for consensus of region Tb927.7.6560:0-684.
[21:44:45 - Feature] Processed Tb927.6.5000:0.0-1184.0 (median depth 11.0)
[21:44:45 - Sampler] Took 0.00s to make features.
[21:44:45 - Sampler] Initializing sampler for consensus of region Tb927.8.3480:0-1827.
[21:44:45 - Feature] Processed Tb927.7.6560:0.0-683.0 (median depth 3.0)
[21:44:45 - Sampler] Took 0.00s to make features.
[21:44:45 - Sampler] Initializing sampler for consensus of region Tb927.8.3810:0-1173.
[21:44:45 - Sampler] Took 0.00s to make features.
[21:44:45 - Sampler] Initializing sampler for consensus of region Tb927.9.10660:0-528.
[21:44:45 - Feature] Pileup counts do not span requested region, requested Tb927.8.3480:0-1827, received 0-659.
[21:44:45 - Feature] Processed Tb927.8.3480:0.0-659.0 (median depth 2.0)
[21:44:45 - Feature] Pileup counts do not span requested region, requested Tb927.8.3480:0-1827, received 992-1822.
[21:44:45 - Feature] Processed Tb927.9.10660:0.0-527.0 (median depth 5.0)
[21:44:45 - Sampler] Took 0.00s to make features.
[21:44:45 - Feature] Processed Tb927.8.3480:992.0-1822.0 (median depth 2.0)
[21:44:45 - Sampler] Took 0.00s to make features.
[21:44:55 - PWorker] Batches in cache: 8.
[21:44:55 - PWorker] 6.5% Done (0.0/0.0 Mbases) in 10.6s
[21:45:07 - PWorker] Batches in cache: 8.
[21:45:07 - PWorker] 16.3% Done (0.0/0.0 Mbases) in 23.2s
[21:45:14 - PWorker] Batches in cache: 8.
[21:45:21 - PWorker] Batches in cache: 8.
[21:45:21 - PWorker] 23.7% Done (0.0/0.0 Mbases) in 36.8s
[21:45:31 - PWorker] Batches in cache: 8.
[21:45:31 - PWorker] 28.9% Done (0.0/0.0 Mbases) in 47.4s
[21:45:42 - PWorker] Batches in cache: 8.
[21:45:42 - PWorker] 35.2% Done (0.0/0.0 Mbases) in 58.4s
[21:45:50 - PWorker] Batches in cache: 6.
[21:45:55 - PWorker] 38.4% Done (0.0/0.0 Mbases) in 70.7s
[21:45:57 - PWorker] Batches in cache: 4.
[21:46:05 - PWorker] Batches in cache: 1.
[21:46:05 - PWorker] 48.7% Done (0.0/0.0 Mbases) in 80.8s
[21:46:05 - PWorker] Processed 17 batches
[21:46:05 - PWorker] All done, 0 remainder regions.
[21:46:05 - Predict] Finished processing all regions.
[21:46:05 - MdlStrTF] Successfully removed temporary files from /var/folders/vs/4d0w8drx4zdg1jl70nymtyt00000gn/T/tmpa0bawheg.
[21:46:07 - DataIndx] Loaded 1/1 (100.00%) sample files.
[21:46:07 - Stitcher] Stitching Tb927.10.4720:0-1083
[21:46:07 - Stitcher] Stitching Tb927.1.3230:0-2148
[21:46:07 - Stitcher] Stitching Tb927.4.980:0-1119
[21:46:07 - Stitcher] Stitching Tb927.6.5000:0-1185
[21:46:07 - Stitcher] Stitching Tb927.10.15300:0-3465
[21:46:07 - Stitcher] Stitching Tb927.11.3980:0-1557
[21:46:07 - Stitcher] Stitching Tb927.7.6560:0-684
[21:46:07 - Stitcher] Stitching Tb927.6.2630:0-1320
[21:46:07 - Stitcher] Stitching Tb927.10.13980:0-627
[21:46:07 - Stitcher] Stitching Tb927.10.2810:0-1017
[21:46:07 - Stitcher] Stitching Tb927.9.10660:0-528
[21:46:07 - Stitcher] Stitching Tb927.10.1820:0-795
[21:46:07 - Stitcher] Stitching Tb927.8.3480:0-1827
[21:46:07 - TrimOlap] Tb927.8.3480:0.0-659.0 and Tb927.8.3480:992.0-1822.0 cannot be concatenated as there is no overlap and they do not abut.
[21:46:07 - Stitcher] Stitching Tb927.11.1940:0-1395
[21:46:07 - Stitcher] Stitching Tb927.3.4350:0-2325
[21:46:07 - Stitcher] Stitching Tb927.10.14170:0-939
[21:46:07 - Stitcher] Copying contig 'Tb927.6.3660' verbatim from input.
[21:46:07 - Stitcher] Copying contig 'Tb927.8.3810' verbatim from input.
[21:46:07 - Stitcher] Copying contig 'Tb927.6.1100' verbatim from input.
[21:46:07 - Stitcher] Copying contig 'Tb927.5.1220' verbatim from input.
[21:46:08 - DataIndx] Loaded 1/1 (100.00%) sample files.
[21:46:08 - Variants] Processing Tb927.1.3230:0-.
[21:46:08 - Variants] Processing Tb927.10.13980:0-.
[21:46:08 - Variants] Processing Tb927.10.14170:0-.
[21:46:08 - Variants] Processing Tb927.10.15300:0-.
[21:46:08 - Variants] Processing Tb927.10.1820:0-.
[21:46:08 - Variants] Processing Tb927.10.2810:0-.
[21:46:08 - Variants] Processing Tb927.10.4720:0-.
[21:46:08 - Variants] Processing Tb927.11.1940:0-.
[21:46:08 - Variants] Processing Tb927.11.3980:0-.
[21:46:08 - Variants] Processing Tb927.3.4350:0-.
[21:46:08 - Variants] Processing Tb927.4.980:0-.
[21:46:08 - Variants] Processing Tb927.6.2630:0-.
[21:46:08 - Variants] Processing Tb927.6.5000:0-.
[21:46:08 - Variants] Processing Tb927.7.6560:0-.
[21:46:08 - Variants] Processing Tb927.8.3480:0-.
[21:46:08 - TrimOlap] Tb927.8.3480:0.0-659.0 and Tb927.8.3480:992.0-1822.0 cannot be concatenated as there is no overlap and they do not abut.
[21:46:08 - Variants] Processing Tb927.9.10660:0-.
[21:46:09 - Annotate] Getting chrom coordinates
[21:46:09 - Annotate] Processing chunk with coordinates: Tb927.1.3230:40-2123
[21:46:09 - BAMFile] Creating pool of 16 BAM file sets.
[21:46:09 - Annotate] Processing chunk with coordinates: Tb927.10.13980:38-571
[21:46:09 - BAMFile] Creating pool of 16 BAM file sets.
[21:46:09 - Annotate] Processing chunk with coordinates: Tb927.10.14170:90-927
[21:46:09 - BAMFile] Creating pool of 16 BAM file sets.
[21:46:09 - Annotate] Processing chunk with coordinates: Tb927.10.15300:8-3434
[21:46:09 - BAMFile] Creating pool of 16 BAM file sets.
[21:46:09 - Annotate] Processing chunk with coordinates: Tb927.10.1820:110-735
[21:46:09 - BAMFile] Creating pool of 16 BAM file sets.
[21:46:09 - Annotate] Processing chunk with coordinates: Tb927.10.2810:3-1008
[21:46:09 - BAMFile] Creating pool of 16 BAM file sets.
[21:46:09 - Annotate] Processing chunk with coordinates: Tb927.10.4720:37-1067
[21:46:09 - BAMFile] Creating pool of 16 BAM file sets.
[21:46:09 - Annotate] Processing chunk with coordinates: Tb927.11.1940:326-545
[21:46:09 - BAMFile] Creating pool of 16 BAM file sets.
[21:46:09 - Annotate] Processing chunk with coordinates: Tb927.11.3980:1026-1511
[21:46:09 - BAMFile] Creating pool of 16 BAM file sets.
[21:46:09 - Annotate] Processing chunk with coordinates: Tb927.3.4350:541-2300
[21:46:09 - BAMFile] Creating pool of 16 BAM file sets.
[21:46:09 - Annotate] Processing chunk with coordinates: Tb927.4.980:29-1022
[21:46:09 - BAMFile] Creating pool of 16 BAM file sets.
[21:46:09 - Annotate] Processing chunk with coordinates: Tb927.6.2630:60-1307
[21:46:09 - BAMFile] Creating pool of 16 BAM file sets.
[21:46:09 - Annotate] Processing chunk with coordinates: Tb927.6.5000:120-1086
[21:46:09 - BAMFile] Creating pool of 16 BAM file sets.
[21:46:09 - Annotate] Processing chunk with coordinates: Tb927.7.6560:18-669
[21:46:09 - BAMFile] Creating pool of 16 BAM file sets.
[21:46:09 - Annotate] Processing chunk with coordinates: Tb927.8.3480:6-1813
[21:46:09 - BAMFile] Creating pool of 16 BAM file sets.
[21:46:09 - Annotate] Processing chunk with coordinates: Tb927.9.10660:5-487
[21:46:09 - BAMFile] Creating pool of 16 BAM file sets.
Note: the --sample option not given, applying all records regardless of the genotype
Warning: Sequence "Tb927.5.1220" not in barcode2_consensus/medaka.annotated.vcf.gz
Warning: Sequence "Tb927.6.1100" not in barcode2_consensus/medaka.annotated.vcf.gz
Warning: Sequence "Tb927.6.3660" not in barcode2_consensus/medaka.annotated.vcf.gz
Warning: Sequence "Tb927.8.3810" not in barcode2_consensus/medaka.annotated.vcf.gz
Applied 35 variants
