FastTree Version 2.1.11 Double precision (No SSE3)
Alignment: aligned.fas
Nucleotide distances: Jukes-Cantor Joins: balanced Support: SH-like 1000
Search: Normal +NNI +SPR (2 rounds range 10) +ML-NNI opt-each=1
TopHits: 1.00*sqrtN close=default refresh=0.80
ML Model: Generalized Time-Reversible, CAT approximation with 20 rate categories
Ignored unknown character k (seen 3 times)
Ignored unknown character r (seen 8 times)
Ignored unknown character s (seen 3 times)
Ignored unknown character w (seen 1 times)
Ignored unknown character y (seen 6 times)
Initial topology in 0.00 seconds
Refining topology: 8 rounds ME-NNIs, 2 rounds ME-SPRs, 4 rounds ML-NNIs
Total branch-length 0.008 after 0.02 sec
ML-NNI round 1: LogLk = -36495.331 NNIs 0 max delta 0.00 Time 0.08
      0.11 seconds: Optimizing GTR model, step 2 of 12
      0.23 seconds: Optimizing GTR model, step 7 of 12
      0.35 seconds: Optimizing GTR model, step 12 of 12
GTR Frequencies: 0.2486 0.2306 0.2848 0.2359
GTR rates(ac ag at cg ct gt) 0.8773 4.8582 0.6439 1.1706 5.0959 1.0000
      0.45 seconds: Site likelihoods with rate category 12 of 20
Switched to using 20 rate categories (CAT approximation)
Rate categories were divided by 0.625 so that average rate = 1.0
CAT-based log-likelihoods may not be comparable across runs
ML-NNI round 2: LogLk = -36273.404 NNIs 0 max delta 0.00 Time 0.49
Turning off heuristics for final round of ML NNIs (converged)
ML-NNI round 3: LogLk = -36273.404 NNIs 0 max delta 0.00 Time 0.57 (final)
      0.56 seconds: ML Lengths 1 of 2 splits
Optimize all lengths: LogLk = -36273.404 Time 0.60
      1.19 seconds: Site likelihoods with rate category 1 of 20
      1.45 seconds: Optimizing alpha round 2
      1.57 seconds: Optimizing alpha round 3
      1.69 seconds: Optimizing alpha round 4
      1.81 seconds: Optimizing alpha round 5
      1.97 seconds: Optimizing alpha round 6
      2.08 seconds: Optimizing alpha round 7
      2.33 seconds: Optimizing alpha round 9
      2.43 seconds: Optimizing alpha round 10
Gamma(20) LogLk = -36333.132 alpha = 0.065 rescaling lengths by 1.158
Total time: 2.59 seconds Unique: 4/4 Bad splits: 0/1
