[21:44:36 - MdlStrTF] Successfully removed temporary files from /var/folders/vs/4d0w8drx4zdg1jl70nymtyt00000gn/T/tmp006qa5pz.
[21:44:37 - MdlStrTF] Successfully removed temporary files from /var/folders/vs/4d0w8drx4zdg1jl70nymtyt00000gn/T/tmpwv1rvn2k.
Using the existing fai index file /Volumes/Seagate/monotrac/nextflow/References/targets.fasta.fai
Using the existing mmi index file /Volumes/Seagate/monotrac/nextflow/References/targets.fasta.map-ont.mmi
[M::main::0.021*0.88] loaded/built the index for 20 target sequence(s)
[M::mm_mapopt_update::0.022*0.89] mid_occ = 2
[M::mm_idx_stat] kmer size: 15; skip: 10; is_hpc: 0; #seq: 20
[M::mm_idx_stat::0.022*0.89] distinct minimizers: 4818 (100.00% are singletons); average occurrences: 1.000; average spacing: 5.410
[M::worker_pipeline::3.587*0.68] mapped 15532 sequences
[M::main] Version: 2.11-r797
[M::main] CMD: minimap2 -x map-ont --secondary=no -L --MD -A 2 -B 4 -O 4,24 -E 2,1 -t 1 -a /Volumes/Seagate/monotrac/nextflow/References/targets.fasta.map-ont.mmi /Volumes/Seagate/monotrac/nextflow/Raw_reads/ERR9695747.fq.gz
[M::main] Real time: 3.589 sec; CPU: 2.456 sec
[21:44:45 - Predict] Setting tensorflow inter/intra-op threads to 1/1.
[21:44:45 - Predict] Processing region(s): Tb927.1.3230:0-2148 Tb927.10.13980:0-627 Tb927.10.14170:0-939 Tb927.10.15300:0-3465 Tb927.10.1820:0-795 Tb927.10.2810:0-1017 Tb927.10.4720:0-1083 Tb927.11.1940:0-1395 Tb927.11.3980:0-1557 Tb927.3.4350:0-2325 Tb927.4.980:0-1119 Tb927.5.1220:0-567 Tb927.6.1100:0-1479 Tb927.6.2630:0-1320 Tb927.6.3660:0-831 Tb927.6.5000:0-1185 Tb927.7.6560:0-684 Tb927.8.3480:0-1827 Tb927.8.3810:0-1173 Tb927.9.10660:0-528
[21:44:45 - Predict] Using model: /opt/anaconda3/envs/medaka/lib/python3.8/site-packages/medaka/data/r1041_e82_400bps_sup_v5.0.0_model.tar.gz.
[21:44:45 - Predict] Using minimum mapQ threshold of 1 for read filtering.
[21:44:45 - BAMFile] Creating pool of 16 BAM file sets.
[21:44:45 - Predict] Processing 20 short region(s).
[21:44:46 - MdlStrTF] Model <keras.src.engine.sequential.Sequential object at 0x7fa469b0bf70>
[21:44:46 - MdlStrTF] loading weights from /var/folders/vs/4d0w8drx4zdg1jl70nymtyt00000gn/T/tmppjk4otn7/model/variables/variables (using expect partial)
[21:44:46 - Sampler] Initializing sampler for consensus of region Tb927.1.3230:0-2148.
[21:44:46 - Sampler] Initializing sampler for consensus of region Tb927.10.13980:0-627.
[21:44:46 - PWorker] Running inference for 0.0M draft bases.
[21:44:46 - Feature] Pileup counts do not span requested region, requested Tb927.1.3230:0-2148, received 0-2146.
[21:44:46 - Feature] Processed Tb927.1.3230:0.0-2146.0 (median depth 134.0)
[21:44:46 - Sampler] Took 0.19s to make features.
[21:44:46 - Sampler] Initializing sampler for consensus of region Tb927.10.14170:0-939.
[21:44:46 - Feature] Processed Tb927.10.13980:0.0-626.0 (median depth 125.0)
[21:44:46 - Sampler] Took 0.19s to make features.
[21:44:46 - Sampler] Initializing sampler for consensus of region Tb927.10.15300:0-3465.
[21:44:46 - Feature] Processed Tb927.10.14170:0.0-938.0 (median depth 248.0)
[21:44:46 - Sampler] Took 0.11s to make features.
[21:44:46 - Feature] Processed Tb927.10.15300:0.0-3464.0 (median depth 124.0)
[21:44:46 - Sampler] Took 0.08s to make features.
[21:44:46 - Sampler] Initializing sampler for consensus of region Tb927.10.1820:0-795.
[21:44:46 - Sampler] Initializing sampler for consensus of region Tb927.10.2810:0-1017.
[21:44:46 - Feature] Processed Tb927.10.2810:0.0-1016.0 (median depth 138.0)
[21:44:46 - Sampler] Took 0.08s to make features.
[21:44:46 - Sampler] Initializing sampler for consensus of region Tb927.10.4720:0-1083.
[21:44:46 - Feature] Processed Tb927.10.1820:0.0-794.0 (median depth 143.0)
[21:44:46 - Sampler] Took 0.11s to make features.
[21:44:46 - Sampler] Initializing sampler for consensus of region Tb927.11.1940:0-1395.
[21:44:46 - Feature] Processed Tb927.10.4720:0.0-1082.0 (median depth 118.0)
[21:44:46 - Sampler] Took 0.08s to make features.
[21:44:46 - Sampler] Initializing sampler for consensus of region Tb927.11.3980:0-1557.
[21:44:47 - Feature] Processed Tb927.11.1940:0.0-1394.0 (median depth 135.0)
[21:44:47 - Sampler] Took 0.13s to make features.
[21:44:47 - Sampler] Initializing sampler for consensus of region Tb927.3.4350:0-2325.
[21:44:47 - Feature] Processed Tb927.11.3980:0.0-1556.0 (median depth 118.0)
[21:44:47 - Sampler] Took 0.08s to make features.
[21:44:47 - Sampler] Initializing sampler for consensus of region Tb927.4.980:0-1119.
[21:44:47 - Feature] Processed Tb927.3.4350:0.0-2324.0 (median depth 131.0)
[21:44:47 - Sampler] Took 0.10s to make features.
[21:44:47 - Sampler] Initializing sampler for consensus of region Tb927.5.1220:0-567.
[21:44:47 - Feature] Processed Tb927.4.980:0.0-1118.0 (median depth 137.0)
[21:44:47 - Sampler] Took 0.08s to make features.
[21:44:47 - Sampler] Initializing sampler for consensus of region Tb927.6.1100:0-1479.
[21:44:47 - Feature] Processed Tb927.5.1220:0.0-566.0 (median depth 164.0)
[21:44:47 - Sampler] Took 0.01s to make features.
[21:44:47 - Sampler] Initializing sampler for consensus of region Tb927.6.2630:0-1320.
[21:44:47 - Feature] Processed Tb927.6.1100:0.0-1478.0 (median depth 122.0)
[21:44:47 - Sampler] Took 0.03s to make features.
[21:44:47 - Sampler] Initializing sampler for consensus of region Tb927.6.3660:0-831.
[21:44:47 - Feature] Processed Tb927.6.2630:0.0-1319.0 (median depth 146.0)
[21:44:47 - Sampler] Took 0.03s to make features.
[21:44:47 - Sampler] Initializing sampler for consensus of region Tb927.6.5000:0-1185.
[21:44:47 - Feature] Processed Tb927.6.3660:0.0-830.0 (median depth 139.0)
[21:44:47 - Sampler] Took 0.03s to make features.
[21:44:47 - Sampler] Initializing sampler for consensus of region Tb927.7.6560:0-684.
[21:44:47 - Feature] Processed Tb927.6.5000:0.0-1184.0 (median depth 102.0)
[21:44:47 - Sampler] Took 0.02s to make features.
[21:44:47 - Sampler] Initializing sampler for consensus of region Tb927.8.3480:0-1827.
[21:44:47 - Feature] Processed Tb927.7.6560:0.0-683.0 (median depth 158.0)
[21:44:47 - Sampler] Took 0.06s to make features.
[21:44:47 - Sampler] Initializing sampler for consensus of region Tb927.8.3810:0-1173.
[21:44:47 - Feature] Processed Tb927.8.3480:0.0-1826.0 (median depth 162.0)
[21:44:47 - Sampler] Took 0.07s to make features.
[21:44:47 - Sampler] Initializing sampler for consensus of region Tb927.9.10660:0-528.
[21:44:47 - Feature] Processed Tb927.8.3810:0.0-1172.0 (median depth 123.0)
[21:44:47 - Sampler] Took 0.03s to make features.
[21:44:47 - Feature] Processed Tb927.9.10660:0.0-527.0 (median depth 138.0)
[21:44:47 - Sampler] Took 0.02s to make features.
[21:45:02 - PWorker] Batches in cache: 8.
[21:45:02 - PWorker] 6.4% Done (0.0/0.0 Mbases) in 16.5s
[21:45:15 - PWorker] Batches in cache: 8.
[21:45:15 - PWorker] 9.2% Done (0.0/0.0 Mbases) in 28.6s
[21:45:39 - PWorker] Batches in cache: 8.
[21:45:39 - PWorker] 20.6% Done (0.0/0.0 Mbases) in 53.0s
[21:45:46 - PWorker] Batches in cache: 8.
[21:45:52 - PWorker] Batches in cache: 8.
[21:45:52 - PWorker] 24.1% Done (0.0/0.0 Mbases) in 65.8s
[21:46:00 - PWorker] Batches in cache: 8.
[21:46:11 - PWorker] Batches in cache: 8.
[21:46:11 - PWorker] 30.0% Done (0.0/0.0 Mbases) in 85.4s
[21:46:22 - PWorker] Batches in cache: 8.
[21:46:22 - PWorker] 34.1% Done (0.0/0.0 Mbases) in 95.8s
[21:46:37 - PWorker] Batches in cache: 8.
[21:46:37 - PWorker] 41.2% Done (0.0/0.0 Mbases) in 111.0s
[21:46:44 - PWorker] Batches in cache: 8.
[21:46:48 - PWorker] 44.1% Done (0.0/0.0 Mbases) in 122.0s
[21:46:57 - PWorker] Batches in cache: 8.
[21:47:06 - PWorker] Batches in cache: 7.
[21:47:06 - PWorker] 51.4% Done (0.0/0.0 Mbases) in 140.4s
[21:47:18 - PWorker] Batches in cache: 5.
[21:47:18 - PWorker] 55.3% Done (0.0/0.0 Mbases) in 152.2s
[21:47:37 - PWorker] Batches in cache: 3.
[21:47:37 - PWorker] 61.6% Done (0.0/0.0 Mbases) in 168.6s
[21:47:45 - PWorker] Batches in cache: 2.
[21:47:48 - PWorker] 64.6% Done (0.0/0.0 Mbases) in 180.2s
[21:47:49 - PWorker] Processed 20 batches
[21:47:49 - PWorker] All done, 0 remainder regions.
[21:47:49 - Predict] Finished processing all regions.
[21:47:49 - MdlStrTF] Successfully removed temporary files from /var/folders/vs/4d0w8drx4zdg1jl70nymtyt00000gn/T/tmppjk4otn7.
[21:47:50 - DataIndx] Loaded 1/1 (100.00%) sample files.
[21:47:50 - Stitcher] Stitching Tb927.8.3480:0-1827
[21:47:50 - Stitcher] Stitching Tb927.6.2630:0-1320
[21:47:50 - Stitcher] Stitching Tb927.6.1100:0-1479
[21:47:50 - Stitcher] Stitching Tb927.10.2810:0-1017
[21:47:50 - Stitcher] Stitching Tb927.6.5000:0-1185
[21:47:50 - Stitcher] Stitching Tb927.1.3230:0-2148
[21:47:50 - Stitcher] Stitching Tb927.10.4720:0-1083
[21:47:50 - Stitcher] Stitching Tb927.10.13980:0-627
[21:47:50 - Stitcher] Stitching Tb927.4.980:0-1119
[21:47:50 - Stitcher] Stitching Tb927.10.15300:0-3465
[21:47:51 - Stitcher] Stitching Tb927.10.1820:0-795
[21:47:51 - Stitcher] Stitching Tb927.10.14170:0-939
[21:47:51 - Stitcher] Stitching Tb927.11.3980:0-1557
[21:47:51 - Stitcher] Stitching Tb927.7.6560:0-684
[21:47:51 - Stitcher] Stitching Tb927.8.3810:0-1173
[21:47:51 - Stitcher] Stitching Tb927.9.10660:0-528
[21:47:51 - Stitcher] Stitching Tb927.6.3660:0-831
[21:47:51 - Stitcher] Stitching Tb927.5.1220:0-567
[21:47:51 - Stitcher] Stitching Tb927.3.4350:0-2325
[21:47:51 - Stitcher] Stitching Tb927.11.1940:0-1395
[21:47:52 - DataIndx] Loaded 1/1 (100.00%) sample files.
[21:47:52 - Variants] Processing Tb927.1.3230:0-.
[21:47:52 - Variants] Processing Tb927.10.13980:0-.
[21:47:52 - Variants] Processing Tb927.10.14170:0-.
[21:47:52 - Variants] Processing Tb927.10.15300:0-.
[21:47:52 - Variants] Processing Tb927.10.1820:0-.
[21:47:52 - Variants] Processing Tb927.10.2810:0-.
[21:47:52 - Variants] Processing Tb927.10.4720:0-.
[21:47:52 - Variants] Processing Tb927.11.1940:0-.
[21:47:52 - Variants] Processing Tb927.11.3980:0-.
[21:47:52 - Variants] Processing Tb927.3.4350:0-.
[21:47:52 - Variants] Processing Tb927.4.980:0-.
[21:47:52 - Variants] Processing Tb927.5.1220:0-.
[21:47:52 - Variants] Processing Tb927.6.1100:0-.
[21:47:52 - Variants] Processing Tb927.6.2630:0-.
[21:47:52 - Variants] Processing Tb927.6.3660:0-.
[21:47:52 - Variants] Processing Tb927.6.5000:0-.
[21:47:52 - Variants] Processing Tb927.7.6560:0-.
[21:47:52 - Variants] Processing Tb927.8.3480:0-.
[21:47:52 - Variants] Processing Tb927.8.3810:0-.
[21:47:52 - Variants] Processing Tb927.9.10660:0-.
[21:47:52 - Annotate] Getting chrom coordinates
[21:47:52 - Annotate] Processing chunk with coordinates: Tb927.1.3230:358-2011
[21:47:52 - BAMFile] Creating pool of 16 BAM file sets.
[21:47:52 - Annotate] Processing chunk with coordinates: Tb927.10.13980:38-415
[21:47:52 - BAMFile] Creating pool of 16 BAM file sets.
[21:47:52 - Annotate] Processing chunk with coordinates: Tb927.10.14170:96-896
[21:47:52 - BAMFile] Creating pool of 16 BAM file sets.
[21:47:53 - Annotate] Processing chunk with coordinates: Tb927.10.15300:8-3298
[21:47:53 - BAMFile] Creating pool of 16 BAM file sets.
[21:47:53 - Annotate] Processing chunk with coordinates: Tb927.10.1820:110-735
[21:47:53 - BAMFile] Creating pool of 16 BAM file sets.
[21:47:54 - Annotate] Processing chunk with coordinates: Tb927.10.2810:3-1008
[21:47:54 - BAMFile] Creating pool of 16 BAM file sets.
[21:47:54 - Annotate] Processing chunk with coordinates: Tb927.10.4720:135-1052
[21:47:54 - BAMFile] Creating pool of 16 BAM file sets.
[21:47:54 - Annotate] Processing chunk with coordinates: Tb927.11.1940:326-336
[21:47:54 - BAMFile] Creating pool of 16 BAM file sets.
[21:47:54 - Annotate] Processing chunk with coordinates: Tb927.11.3980:221-1058
[21:47:54 - BAMFile] Creating pool of 16 BAM file sets.
[21:47:54 - Annotate] Processing chunk with coordinates: Tb927.3.4350:212-2180
[21:47:54 - BAMFile] Creating pool of 16 BAM file sets.
[21:47:54 - Annotate] Processing chunk with coordinates: Tb927.4.980:29-57
[21:47:54 - BAMFile] Creating pool of 16 BAM file sets.
[21:47:54 - Annotate] Processing chunk with coordinates: Tb927.5.1220:43-435
[21:47:54 - BAMFile] Creating pool of 16 BAM file sets.
[21:47:54 - Annotate] Processing chunk with coordinates: Tb927.6.1100:38-1215
[21:47:54 - BAMFile] Creating pool of 16 BAM file sets.
[21:47:54 - Annotate] Processing chunk with coordinates: Tb927.6.2630:288-1307
[21:47:54 - BAMFile] Creating pool of 16 BAM file sets.
[21:47:54 - Annotate] Processing chunk with coordinates: Tb927.6.3660:331-715
[21:47:54 - BAMFile] Creating pool of 16 BAM file sets.
[21:47:54 - Annotate] Processing chunk with coordinates: Tb927.6.5000:116-1068
[21:47:54 - BAMFile] Creating pool of 16 BAM file sets.
[21:47:54 - Annotate] Processing chunk with coordinates: Tb927.7.6560:73-641
[21:47:54 - BAMFile] Creating pool of 16 BAM file sets.
[21:47:54 - Annotate] Processing chunk with coordinates: Tb927.8.3480:6-1424
[21:47:54 - BAMFile] Creating pool of 16 BAM file sets.
[21:47:55 - Annotate] Processing chunk with coordinates: Tb927.8.3810:113-606
[21:47:55 - BAMFile] Creating pool of 16 BAM file sets.
[21:47:55 - Annotate] Processing chunk with coordinates: Tb927.9.10660:7-487
[21:47:55 - BAMFile] Creating pool of 16 BAM file sets.
Note: the --sample option not given, applying all records regardless of the genotype
Applied 198 variants
