FastTree Version 2.1.11 Double precision (No SSE3)
Alignment: aligned.fas
Nucleotide distances: Jukes-Cantor Joins: balanced Support: SH-like 1000
Search: Normal +NNI +SPR (2 rounds range 10) +ML-NNI opt-each=1
TopHits: 1.00*sqrtN close=default refresh=0.80
ML Model: Generalized Time-Reversible, CAT approximation with 20 rate categories
Ignored unknown character k (seen 3 times)
Ignored unknown character m (seen 3 times)
Ignored unknown character r (seen 13 times)
Ignored unknown character s (seen 4 times)
Ignored unknown character w (seen 2 times)
Ignored unknown character y (seen 9 times)
Initial topology in 0.00 seconds
Refining topology: 8 rounds ME-NNIs, 2 rounds ME-SPRs, 4 rounds ML-NNIs
Total branch-length 0.008 after 0.03 sec
ML-NNI round 1: LogLk = -36446.708 NNIs 0 max delta 0.00 Time 0.11
      0.11 seconds: Optimizing GTR model, step 1 of 12
      0.24 seconds: Optimizing GTR model, step 5 of 12
      0.36 seconds: Optimizing GTR model, step 9 of 12
GTR Frequencies: 0.2486 0.2307 0.2848 0.2359
GTR rates(ac ag at cg ct gt) 0.9357 5.2596 0.6103 0.9693 5.4372 1.0000
      0.48 seconds: Site likelihoods with rate category 1 of 20
Switched to using 20 rate categories (CAT approximation)
Rate categories were divided by 0.625 so that average rate = 1.0
CAT-based log-likelihoods may not be comparable across runs
ML-NNI round 2: LogLk = -36220.318 NNIs 0 max delta 0.00 Time 0.54
Turning off heuristics for final round of ML NNIs (converged)
ML-NNI round 3: LogLk = -36220.318 NNIs 0 max delta 0.00 Time 0.59 (final)
      0.59 seconds: ML Lengths 1 of 2 splits
Optimize all lengths: LogLk = -36220.318 Time 0.62
      1.13 seconds: Site likelihoods with rate category 1 of 20
      1.38 seconds: Optimizing alpha round 2
      1.60 seconds: Optimizing alpha round 4
      1.72 seconds: Optimizing alpha round 5
      1.85 seconds: Optimizing alpha round 6
      1.95 seconds: Optimizing alpha round 7
      2.15 seconds: Optimizing alpha round 9
      2.25 seconds: Optimizing alpha round 10
Gamma(20) LogLk = -36277.707 alpha = 0.055 rescaling lengths by 1.231
Total time: 2.36 seconds Unique: 4/4 Bad splits: 0/1
