[11:23:53 - MdlStrTF] Successfully removed temporary files from /var/folders/vs/4d0w8drx4zdg1jl70nymtyt00000gn/T/tmpybska30d.
[11:23:54 - MdlStrTF] Successfully removed temporary files from /var/folders/vs/4d0w8drx4zdg1jl70nymtyt00000gn/T/tmpiq69phel.
Using the existing fai index file /Volumes/Seagate/monotrac/nextflow/References/targets.fasta.fai
Using the existing mmi index file /Volumes/Seagate/monotrac/nextflow/References/targets.fasta.map-ont.mmi
[M::main::0.014*1.97] loaded/built the index for 20 target sequence(s)
[M::mm_mapopt_update::0.015*1.92] mid_occ = 2
[M::mm_idx_stat] kmer size: 15; skip: 10; is_hpc: 0; #seq: 20
[M::mm_idx_stat::0.015*1.91] distinct minimizers: 4818 (100.00% are singletons); average occurrences: 1.000; average spacing: 5.410
[M::worker_pipeline::4.192*0.66] mapped 15532 sequences
[M::main] Version: 2.11-r797
[M::main] CMD: minimap2 -x map-ont --secondary=no -L --MD -A 2 -B 4 -O 4,24 -E 2,1 -t 1 -a /Volumes/Seagate/monotrac/nextflow/References/targets.fasta.map-ont.mmi /Volumes/Seagate/monotrac/nextflow/Raw_reads/ERR9695747.fq.gz
[M::main] Real time: 4.195 sec; CPU: 2.790 sec
[11:24:03 - Predict] Setting tensorflow inter/intra-op threads to 1/1.
[11:24:03 - Predict] Processing region(s): Tb927.1.3230:0-2148 Tb927.10.13980:0-627 Tb927.10.14170:0-939 Tb927.10.15300:0-3465 Tb927.10.1820:0-795 Tb927.10.2810:0-1017 Tb927.10.4720:0-1083 Tb927.11.1940:0-1395 Tb927.11.3980:0-1557 Tb927.3.4350:0-2325 Tb927.4.980:0-1119 Tb927.5.1220:0-567 Tb927.6.1100:0-1479 Tb927.6.2630:0-1320 Tb927.6.3660:0-831 Tb927.6.5000:0-1185 Tb927.7.6560:0-684 Tb927.8.3480:0-1827 Tb927.8.3810:0-1173 Tb927.9.10660:0-528
[11:24:03 - Predict] Using model: /opt/anaconda3/envs/medaka/lib/python3.8/site-packages/medaka/data/r1041_e82_400bps_sup_v5.0.0_model.tar.gz.
[11:24:03 - Predict] Using minimum mapQ threshold of 1 for read filtering.
[11:24:03 - BAMFile] Creating pool of 16 BAM file sets.
[11:24:03 - Predict] Processing 20 short region(s).
[11:24:04 - MdlStrTF] Model <keras.src.engine.sequential.Sequential object at 0x7feae9a84f70>
[11:24:04 - MdlStrTF] loading weights from /var/folders/vs/4d0w8drx4zdg1jl70nymtyt00000gn/T/tmpxmqdn0h7/model/variables/variables (using expect partial)
[11:24:04 - Sampler] Initializing sampler for consensus of region Tb927.1.3230:0-2148.
[11:24:04 - Sampler] Initializing sampler for consensus of region Tb927.10.13980:0-627.
[11:24:04 - PWorker] Running inference for 0.0M draft bases.
[11:24:04 - Feature] Pileup counts do not span requested region, requested Tb927.1.3230:0-2148, received 0-2146.
[11:24:05 - Feature] Processed Tb927.10.13980:0.0-626.0 (median depth 125.0)
[11:24:05 - Feature] Processed Tb927.1.3230:0.0-2146.0 (median depth 134.0)
[11:24:05 - Sampler] Took 0.28s to make features.
[11:24:05 - Sampler] Took 0.29s to make features.
[11:24:05 - Sampler] Initializing sampler for consensus of region Tb927.10.14170:0-939.
[11:24:05 - Sampler] Initializing sampler for consensus of region Tb927.10.15300:0-3465.
[11:24:05 - Feature] Processed Tb927.10.15300:0.0-3464.0 (median depth 124.0)
[11:24:05 - Sampler] Took 0.08s to make features.
[11:24:05 - Sampler] Initializing sampler for consensus of region Tb927.10.1820:0-795.
[11:24:05 - Feature] Processed Tb927.10.1820:0.0-794.0 (median depth 143.0)
[11:24:05 - Sampler] Took 0.03s to make features.
[11:24:05 - Feature] Processed Tb927.10.14170:0.0-938.0 (median depth 248.0)
[11:24:05 - Sampler] Took 0.13s to make features.
[11:24:05 - Sampler] Initializing sampler for consensus of region Tb927.10.2810:0-1017.
[11:24:05 - Sampler] Initializing sampler for consensus of region Tb927.10.4720:0-1083.
[11:24:05 - Feature] Processed Tb927.10.2810:0.0-1016.0 (median depth 138.0)
[11:24:05 - Sampler] Took 0.02s to make features.
[11:24:05 - Sampler] Initializing sampler for consensus of region Tb927.11.1940:0-1395.
[11:24:05 - Feature] Processed Tb927.10.4720:0.0-1082.0 (median depth 118.0)
[11:24:05 - Sampler] Took 0.04s to make features.
[11:24:05 - Sampler] Initializing sampler for consensus of region Tb927.11.3980:0-1557.
[11:24:05 - Feature] Processed Tb927.11.1940:0.0-1394.0 (median depth 135.0)
[11:24:05 - Sampler] Took 0.02s to make features.
[11:24:05 - Sampler] Initializing sampler for consensus of region Tb927.3.4350:0-2325.
[11:24:05 - Feature] Processed Tb927.11.3980:0.0-1556.0 (median depth 118.0)
[11:24:05 - Sampler] Took 0.04s to make features.
[11:24:05 - Sampler] Initializing sampler for consensus of region Tb927.4.980:0-1119.
[11:24:05 - Feature] Processed Tb927.3.4350:0.0-2324.0 (median depth 131.0)
[11:24:05 - Sampler] Took 0.04s to make features.
[11:24:05 - Sampler] Initializing sampler for consensus of region Tb927.5.1220:0-567.
[11:24:05 - Feature] Processed Tb927.4.980:0.0-1118.0 (median depth 137.0)
[11:24:05 - Sampler] Took 0.02s to make features.
[11:24:05 - Sampler] Initializing sampler for consensus of region Tb927.6.1100:0-1479.
[11:24:05 - Feature] Processed Tb927.5.1220:0.0-566.0 (median depth 164.0)
[11:24:05 - Sampler] Took 0.02s to make features.
[11:24:05 - Sampler] Initializing sampler for consensus of region Tb927.6.2630:0-1320.
[11:24:05 - Feature] Processed Tb927.6.1100:0.0-1478.0 (median depth 122.0)
[11:24:05 - Sampler] Took 0.09s to make features.
[11:24:05 - Sampler] Initializing sampler for consensus of region Tb927.6.3660:0-831.
[11:24:05 - Feature] Processed Tb927.6.2630:0.0-1319.0 (median depth 146.0)
[11:24:05 - Sampler] Took 0.10s to make features.
[11:24:05 - Sampler] Initializing sampler for consensus of region Tb927.6.5000:0-1185.
[11:24:05 - Feature] Processed Tb927.6.3660:0.0-830.0 (median depth 139.0)
[11:24:05 - Sampler] Took 0.02s to make features.
[11:24:05 - Sampler] Initializing sampler for consensus of region Tb927.7.6560:0-684.
[11:24:05 - Feature] Processed Tb927.6.5000:0.0-1184.0 (median depth 102.0)
[11:24:05 - Sampler] Took 0.02s to make features.
[11:24:05 - Sampler] Initializing sampler for consensus of region Tb927.8.3480:0-1827.
[11:24:05 - Feature] Processed Tb927.7.6560:0.0-683.0 (median depth 158.0)
[11:24:05 - Sampler] Took 0.02s to make features.
[11:24:05 - Sampler] Initializing sampler for consensus of region Tb927.8.3810:0-1173.
[11:24:05 - Feature] Processed Tb927.8.3480:0.0-1826.0 (median depth 162.0)
[11:24:05 - Sampler] Took 0.04s to make features.
[11:24:05 - Sampler] Initializing sampler for consensus of region Tb927.9.10660:0-528.
[11:24:05 - Feature] Processed Tb927.8.3810:0.0-1172.0 (median depth 123.0)
[11:24:05 - Sampler] Took 0.03s to make features.
[11:24:05 - Feature] Processed Tb927.9.10660:0.0-527.0 (median depth 138.0)
[11:24:05 - Sampler] Took 0.01s to make features.
[11:24:10 - PWorker] Batches in cache: 8.
[11:24:24 - PWorker] Batches in cache: 8.
[11:24:24 - PWorker] 7.0% Done (0.0/0.0 Mbases) in 19.6s
[11:24:48 - PWorker] Batches in cache: 8.
[11:24:48 - PWorker] 18.4% Done (0.0/0.0 Mbases) in 43.2s
[11:24:53 - PWorker] Batches in cache: 8.
[11:25:01 - PWorker] Batches in cache: 8.
[11:25:01 - PWorker] 21.9% Done (0.0/0.0 Mbases) in 56.6s
[11:25:08 - PWorker] Batches in cache: 8.
[11:25:16 - PWorker] Batches in cache: 8.
[11:25:16 - PWorker] 26.5% Done (0.0/0.0 Mbases) in 71.4s
[11:25:26 - PWorker] Batches in cache: 8.
[11:25:26 - PWorker] 30.0% Done (0.0/0.0 Mbases) in 81.7s
[11:25:35 - PWorker] Batches in cache: 8.
[11:25:50 - PWorker] Batches in cache: 8.
[11:25:50 - PWorker] 41.2% Done (0.0/0.0 Mbases) in 105.7s
[11:25:57 - PWorker] Batches in cache: 8.
[11:26:01 - PWorker] 44.1% Done (0.0/0.0 Mbases) in 116.5s
[11:26:10 - PWorker] Batches in cache: 8.
[11:26:19 - PWorker] Batches in cache: 7.
[11:26:19 - PWorker] 51.4% Done (0.0/0.0 Mbases) in 134.5s
[11:26:31 - PWorker] Batches in cache: 5.
[11:26:31 - PWorker] 55.3% Done (0.0/0.0 Mbases) in 146.4s
[11:26:48 - PWorker] Batches in cache: 3.
[11:26:48 - PWorker] 61.6% Done (0.0/0.0 Mbases) in 163.2s
[11:26:55 - PWorker] Batches in cache: 2.
[11:26:59 - PWorker] 64.6% Done (0.0/0.0 Mbases) in 174.2s
[11:26:59 - PWorker] Processed 20 batches
[11:26:59 - PWorker] All done, 0 remainder regions.
[11:26:59 - Predict] Finished processing all regions.
[11:26:59 - MdlStrTF] Successfully removed temporary files from /var/folders/vs/4d0w8drx4zdg1jl70nymtyt00000gn/T/tmpxmqdn0h7.
[11:27:00 - DataIndx] Loaded 1/1 (100.00%) sample files.
[11:27:01 - Stitcher] Stitching Tb927.6.2630:0-1320
[11:27:01 - Stitcher] Stitching Tb927.8.3810:0-1173
[11:27:01 - Stitcher] Stitching Tb927.4.980:0-1119
[11:27:01 - Stitcher] Stitching Tb927.7.6560:0-684
[11:27:01 - Stitcher] Stitching Tb927.1.3230:0-2148
[11:27:01 - Stitcher] Stitching Tb927.10.1820:0-795
[11:27:01 - Stitcher] Stitching Tb927.6.1100:0-1479
[11:27:01 - Stitcher] Stitching Tb927.3.4350:0-2325
[11:27:01 - Stitcher] Stitching Tb927.10.2810:0-1017
[11:27:01 - Stitcher] Stitching Tb927.6.3660:0-831
[11:27:01 - Stitcher] Stitching Tb927.6.5000:0-1185
[11:27:01 - Stitcher] Stitching Tb927.10.4720:0-1083
[11:27:01 - Stitcher] Stitching Tb927.10.15300:0-3465
[11:27:01 - Stitcher] Stitching Tb927.11.3980:0-1557
[11:27:01 - Stitcher] Stitching Tb927.11.1940:0-1395
[11:27:01 - Stitcher] Stitching Tb927.5.1220:0-567
[11:27:01 - Stitcher] Stitching Tb927.8.3480:0-1827
[11:27:01 - Stitcher] Stitching Tb927.9.10660:0-528
[11:27:01 - Stitcher] Stitching Tb927.10.14170:0-939
[11:27:01 - Stitcher] Stitching Tb927.10.13980:0-627
[11:27:02 - DataIndx] Loaded 1/1 (100.00%) sample files.
[11:27:02 - Variants] Processing Tb927.1.3230:0-.
[11:27:02 - Variants] Processing Tb927.10.13980:0-.
[11:27:02 - Variants] Processing Tb927.10.14170:0-.
[11:27:02 - Variants] Processing Tb927.10.15300:0-.
[11:27:02 - Variants] Processing Tb927.10.1820:0-.
[11:27:02 - Variants] Processing Tb927.10.2810:0-.
[11:27:02 - Variants] Processing Tb927.10.4720:0-.
[11:27:02 - Variants] Processing Tb927.11.1940:0-.
[11:27:02 - Variants] Processing Tb927.11.3980:0-.
[11:27:02 - Variants] Processing Tb927.3.4350:0-.
[11:27:02 - Variants] Processing Tb927.4.980:0-.
[11:27:02 - Variants] Processing Tb927.5.1220:0-.
[11:27:02 - Variants] Processing Tb927.6.1100:0-.
[11:27:02 - Variants] Processing Tb927.6.2630:0-.
[11:27:02 - Variants] Processing Tb927.6.3660:0-.
[11:27:02 - Variants] Processing Tb927.6.5000:0-.
[11:27:02 - Variants] Processing Tb927.7.6560:0-.
[11:27:02 - Variants] Processing Tb927.8.3480:0-.
[11:27:02 - Variants] Processing Tb927.8.3810:0-.
[11:27:02 - Variants] Processing Tb927.9.10660:0-.
[11:27:02 - Annotate] Getting chrom coordinates
[11:27:02 - Annotate] Processing chunk with coordinates: Tb927.1.3230:358-2011
[11:27:02 - BAMFile] Creating pool of 16 BAM file sets.
[11:27:02 - Annotate] Processing chunk with coordinates: Tb927.10.13980:38-415
[11:27:02 - BAMFile] Creating pool of 16 BAM file sets.
[11:27:02 - Annotate] Processing chunk with coordinates: Tb927.10.14170:96-896
[11:27:02 - BAMFile] Creating pool of 16 BAM file sets.
[11:27:03 - Annotate] Processing chunk with coordinates: Tb927.10.15300:8-3298
[11:27:03 - BAMFile] Creating pool of 16 BAM file sets.
[11:27:03 - Annotate] Processing chunk with coordinates: Tb927.10.1820:110-735
[11:27:03 - BAMFile] Creating pool of 16 BAM file sets.
[11:27:03 - Annotate] Processing chunk with coordinates: Tb927.10.2810:3-1008
[11:27:03 - BAMFile] Creating pool of 16 BAM file sets.
[11:27:03 - Annotate] Processing chunk with coordinates: Tb927.10.4720:135-1052
[11:27:03 - BAMFile] Creating pool of 16 BAM file sets.
[11:27:04 - Annotate] Processing chunk with coordinates: Tb927.11.1940:326-336
[11:27:04 - BAMFile] Creating pool of 16 BAM file sets.
[11:27:04 - Annotate] Processing chunk with coordinates: Tb927.11.3980:221-1058
[11:27:04 - BAMFile] Creating pool of 16 BAM file sets.
[11:27:04 - Annotate] Processing chunk with coordinates: Tb927.3.4350:212-2180
[11:27:04 - BAMFile] Creating pool of 16 BAM file sets.
[11:27:04 - Annotate] Processing chunk with coordinates: Tb927.4.980:29-57
[11:27:04 - BAMFile] Creating pool of 16 BAM file sets.
[11:27:04 - Annotate] Processing chunk with coordinates: Tb927.5.1220:43-435
[11:27:04 - BAMFile] Creating pool of 16 BAM file sets.
[11:27:04 - Annotate] Processing chunk with coordinates: Tb927.6.1100:38-1215
[11:27:04 - BAMFile] Creating pool of 16 BAM file sets.
[11:27:04 - Annotate] Processing chunk with coordinates: Tb927.6.2630:288-1307
[11:27:04 - BAMFile] Creating pool of 16 BAM file sets.
[11:27:04 - Annotate] Processing chunk with coordinates: Tb927.6.3660:331-715
[11:27:04 - BAMFile] Creating pool of 16 BAM file sets.
[11:27:04 - Annotate] Processing chunk with coordinates: Tb927.6.5000:116-1068
[11:27:04 - BAMFile] Creating pool of 16 BAM file sets.
[11:27:04 - Annotate] Processing chunk with coordinates: Tb927.7.6560:73-641
[11:27:04 - BAMFile] Creating pool of 16 BAM file sets.
[11:27:04 - Annotate] Processing chunk with coordinates: Tb927.8.3480:6-1424
[11:27:04 - BAMFile] Creating pool of 16 BAM file sets.
[11:27:04 - Annotate] Processing chunk with coordinates: Tb927.8.3810:113-606
[11:27:04 - BAMFile] Creating pool of 16 BAM file sets.
[11:27:04 - Annotate] Processing chunk with coordinates: Tb927.9.10660:7-487
[11:27:04 - BAMFile] Creating pool of 16 BAM file sets.
Note: the --sample option not given, applying all records regardless of the genotype
Applied 198 variants
