FastTree Version 2.1.11 Double precision (No SSE3)
Alignment: aligned.fas
Nucleotide distances: Jukes-Cantor Joins: balanced Support: SH-like 1000
Search: Normal +NNI +SPR (2 rounds range 10) +ML-NNI opt-each=1
TopHits: 1.00*sqrtN close=default refresh=0.80
ML Model: Generalized Time-Reversible, CAT approximation with 20 rate categories
Ignored unknown character k (seen 6 times)
Ignored unknown character m (seen 3 times)
Ignored unknown character r (seen 15 times)
Ignored unknown character s (seen 5 times)
Ignored unknown character w (seen 2 times)
Ignored unknown character y (seen 20 times)
Initial topology in 0.01 seconds
Refining topology: 8 rounds ME-NNIs, 2 rounds ME-SPRs, 4 rounds ML-NNIs
Total branch-length 0.007 after 0.02 sec
ML-NNI round 1: LogLk = -36369.517 NNIs 0 max delta 0.00 Time 0.13
      0.12 seconds: Optimizing GTR model, step 1 of 12
      0.25 seconds: Optimizing GTR model, step 3 of 12
      0.38 seconds: Optimizing GTR model, step 5 of 12
      0.49 seconds: Optimizing GTR model, step 8 of 12
GTR Frequencies: 0.2487 0.2307 0.2847 0.2359
GTR rates(ac ag at cg ct gt) 0.9139 5.2284 0.5728 0.8906 6.0048 1.0000
      0.62 seconds: ML Lengths 1 of 2 splits
Switched to using 20 rate categories (CAT approximation)
Rate categories were divided by 0.625 so that average rate = 1.0
CAT-based log-likelihoods may not be comparable across runs
      0.72 seconds: ML NNI round 2 of 4, 1 of 2 splits
ML-NNI round 2: LogLk = -36143.368 NNIs 0 max delta 0.00 Time 0.73
Turning off heuristics for final round of ML NNIs (converged)
ML-NNI round 3: LogLk = -36143.366 NNIs 0 max delta 0.00 Time 0.86 (final)
      0.86 seconds: ML Lengths 1 of 2 splits
Optimize all lengths: LogLk = -36143.366 Time 0.95
      1.65 seconds: Site likelihoods with rate category 1 of 20
      1.94 seconds: Optimizing alpha round 2
      2.16 seconds: Optimizing alpha round 3
      2.28 seconds: Optimizing alpha round 4
      2.43 seconds: Optimizing alpha round 5
      2.62 seconds: Optimizing alpha round 6
      2.73 seconds: Optimizing alpha round 7
      2.86 seconds: Optimizing alpha round 8
      3.08 seconds: Optimizing alpha round 10
Gamma(20) LogLk = -36200.727 alpha = 0.059 rescaling lengths by 1.197
Total time: 3.21 seconds Unique: 4/4 Bad splits: 0/1
