FastTree Version 2.1.11 Double precision (No SSE3)
Alignment: aligned.fas
Nucleotide distances: Jukes-Cantor Joins: balanced Support: SH-like 1000
Search: Normal +NNI +SPR (2 rounds range 10) +ML-NNI opt-each=1
TopHits: 1.00*sqrtN close=default refresh=0.80
ML Model: Generalized Time-Reversible, CAT approximation with 20 rate categories
Ignored unknown character k (seen 1 times)
Ignored unknown character m (seen 1 times)
Ignored unknown character r (seen 4 times)
Ignored unknown character s (seen 2 times)
Ignored unknown character y (seen 2 times)
Initial topology in 0.00 seconds
Refining topology: 8 rounds ME-NNIs, 2 rounds ME-SPRs, 4 rounds ML-NNIs
Total branch-length 0.008 after 0.02 sec
ML-NNI round 1: LogLk = -36466.279 NNIs 0 max delta 0.00 Time 0.09
      0.12 seconds: Optimizing GTR model, step 2 of 12
      0.24 seconds: Optimizing GTR model, step 4 of 12
      0.38 seconds: Optimizing GTR model, step 7 of 12
      0.49 seconds: Optimizing GTR model, step 12 of 12
GTR Frequencies: 0.2486 0.2307 0.2848 0.2359
GTR rates(ac ag at cg ct gt) 0.8265 4.5746 0.5379 0.8532 4.8644 1.0000
      0.59 seconds: Site likelihoods with rate category 11 of 20
Switched to using 20 rate categories (CAT approximation)
Rate categories were divided by 0.625 so that average rate = 1.0
CAT-based log-likelihoods may not be comparable across runs
ML-NNI round 2: LogLk = -36241.164 NNIs 0 max delta 0.00 Time 0.70
Turning off heuristics for final round of ML NNIs (converged)
      0.70 seconds: ML NNI round 3 of 4, 1 of 2 splits
ML-NNI round 3: LogLk = -36241.164 NNIs 0 max delta 0.00 Time 0.79 (final)
Optimize all lengths: LogLk = -36241.164 Time 0.83
      1.53 seconds: Site likelihoods with rate category 1 of 20
      1.86 seconds: Optimizing alpha round 2
      1.98 seconds: Optimizing alpha round 3
      2.11 seconds: Optimizing alpha round 4
      2.25 seconds: Optimizing alpha round 5
      2.37 seconds: Optimizing alpha round 6
      2.51 seconds: Optimizing alpha round 7
      2.62 seconds: Optimizing alpha round 8
      2.73 seconds: Optimizing alpha round 9
      2.88 seconds: Optimizing alpha round 10
Gamma(20) LogLk = -36299.423 alpha = 0.058 rescaling lengths by 1.208
Total time: 2.99 seconds Unique: 4/4 Bad splits: 0/1
