[16:28:34 - MdlStrTF] Successfully removed temporary files from /var/folders/vs/4d0w8drx4zdg1jl70nymtyt00000gn/T/tmpmikvh16b.
[16:28:35 - MdlStrTF] Successfully removed temporary files from /var/folders/vs/4d0w8drx4zdg1jl70nymtyt00000gn/T/tmpioejy28k.
Using the existing fai index file /Volumes/Seagate/monotrac/nextflow/References/targets.fasta.fai
Using the existing mmi index file /Volumes/Seagate/monotrac/nextflow/References/targets.fasta.map-ont.mmi
[M::main::0.009*2.12] loaded/built the index for 20 target sequence(s)
[M::mm_mapopt_update::0.010*2.03] mid_occ = 2
[M::mm_idx_stat] kmer size: 15; skip: 10; is_hpc: 0; #seq: 20
[M::mm_idx_stat::0.010*2.02] distinct minimizers: 4818 (100.00% are singletons); average occurrences: 1.000; average spacing: 5.410
[M::worker_pipeline::3.439*0.70] mapped 15532 sequences
[M::main] Version: 2.11-r797
[M::main] CMD: minimap2 -x map-ont --secondary=no -L --MD -A 2 -B 4 -O 4,24 -E 2,1 -t 1 -a /Volumes/Seagate/monotrac/nextflow/References/targets.fasta.map-ont.mmi /Volumes/Seagate/monotrac/nextflow/Raw_reads/ERR9695747.fq.gz
[M::main] Real time: 3.442 sec; CPU: 2.423 sec
[16:28:43 - Predict] Setting tensorflow inter/intra-op threads to 1/1.
[16:28:43 - Predict] Processing region(s): Tb927.1.3230:0-2148 Tb927.10.13980:0-627 Tb927.10.14170:0-939 Tb927.10.15300:0-3465 Tb927.10.1820:0-795 Tb927.10.2810:0-1017 Tb927.10.4720:0-1083 Tb927.11.1940:0-1395 Tb927.11.3980:0-1557 Tb927.3.4350:0-2325 Tb927.4.980:0-1119 Tb927.5.1220:0-567 Tb927.6.1100:0-1479 Tb927.6.2630:0-1320 Tb927.6.3660:0-831 Tb927.6.5000:0-1185 Tb927.7.6560:0-684 Tb927.8.3480:0-1827 Tb927.8.3810:0-1173 Tb927.9.10660:0-528
[16:28:43 - Predict] Using model: /opt/anaconda3/envs/medaka/lib/python3.8/site-packages/medaka/data/r1041_e82_400bps_sup_v5.0.0_model.tar.gz.
[16:28:43 - Predict] Using minimum mapQ threshold of 1 for read filtering.
[16:28:43 - BAMFile] Creating pool of 16 BAM file sets.
[16:28:43 - Predict] Processing 20 short region(s).
[16:28:44 - MdlStrTF] Model <keras.src.engine.sequential.Sequential object at 0x7fcb69bcbf70>
[16:28:44 - MdlStrTF] loading weights from /var/folders/vs/4d0w8drx4zdg1jl70nymtyt00000gn/T/tmp32x9pnah/model/variables/variables (using expect partial)
[16:28:44 - Sampler] Initializing sampler for consensus of region Tb927.1.3230:0-2148.
[16:28:44 - Sampler] Initializing sampler for consensus of region Tb927.10.13980:0-627.
[16:28:44 - PWorker] Running inference for 0.0M draft bases.
[16:28:44 - Feature] Pileup counts do not span requested region, requested Tb927.1.3230:0-2148, received 0-2146.
[16:28:44 - Feature] Processed Tb927.10.13980:0.0-626.0 (median depth 125.0)
[16:28:44 - Sampler] Took 0.24s to make features.
[16:28:44 - Feature] Processed Tb927.1.3230:0.0-2146.0 (median depth 134.0)
[16:28:44 - Sampler] Took 0.24s to make features.
[16:28:44 - Sampler] Initializing sampler for consensus of region Tb927.10.14170:0-939.
[16:28:44 - Sampler] Initializing sampler for consensus of region Tb927.10.15300:0-3465.
[16:28:44 - Feature] Processed Tb927.10.15300:0.0-3464.0 (median depth 124.0)
[16:28:44 - Sampler] Took 0.16s to make features.
[16:28:44 - Sampler] Initializing sampler for consensus of region Tb927.10.1820:0-795.
[16:28:44 - Feature] Processed Tb927.10.14170:0.0-938.0 (median depth 248.0)
[16:28:44 - Sampler] Took 0.17s to make features.
[16:28:44 - Sampler] Initializing sampler for consensus of region Tb927.10.2810:0-1017.
[16:28:44 - Feature] Processed Tb927.10.2810:0.0-1016.0 (median depth 138.0)
[16:28:44 - Sampler] Took 0.08s to make features.
[16:28:44 - Feature] Processed Tb927.10.1820:0.0-794.0 (median depth 143.0)
[16:28:44 - Sampler] Took 0.10s to make features.
[16:28:44 - Sampler] Initializing sampler for consensus of region Tb927.10.4720:0-1083.
[16:28:44 - Sampler] Initializing sampler for consensus of region Tb927.11.1940:0-1395.
[16:28:44 - Feature] Processed Tb927.10.4720:0.0-1082.0 (median depth 118.0)
[16:28:44 - Sampler] Took 0.05s to make features.
[16:28:44 - Sampler] Initializing sampler for consensus of region Tb927.11.3980:0-1557.
[16:28:44 - Feature] Processed Tb927.11.1940:0.0-1394.0 (median depth 135.0)
[16:28:44 - Sampler] Took 0.12s to make features.
[16:28:44 - Sampler] Initializing sampler for consensus of region Tb927.3.4350:0-2325.
[16:28:44 - Feature] Processed Tb927.11.3980:0.0-1556.0 (median depth 118.0)
[16:28:44 - Sampler] Took 0.17s to make features.
[16:28:44 - Sampler] Initializing sampler for consensus of region Tb927.4.980:0-1119.
[16:28:45 - Feature] Processed Tb927.3.4350:0.0-2324.0 (median depth 131.0)
[16:28:45 - Sampler] Took 0.15s to make features.
[16:28:45 - Sampler] Initializing sampler for consensus of region Tb927.5.1220:0-567.
[16:28:45 - Feature] Processed Tb927.4.980:0.0-1118.0 (median depth 137.0)
[16:28:45 - Sampler] Took 0.05s to make features.
[16:28:45 - Sampler] Initializing sampler for consensus of region Tb927.6.1100:0-1479.
[16:28:45 - Feature] Processed Tb927.5.1220:0.0-566.0 (median depth 164.0)
[16:28:45 - Sampler] Took 0.02s to make features.
[16:28:45 - Sampler] Initializing sampler for consensus of region Tb927.6.2630:0-1320.
[16:28:45 - Feature] Processed Tb927.6.1100:0.0-1478.0 (median depth 122.0)
[16:28:45 - Sampler] Took 0.03s to make features.
[16:28:45 - Sampler] Initializing sampler for consensus of region Tb927.6.3660:0-831.
[16:28:45 - Feature] Processed Tb927.6.2630:0.0-1319.0 (median depth 146.0)
[16:28:45 - Sampler] Took 0.04s to make features.
[16:28:45 - Sampler] Initializing sampler for consensus of region Tb927.6.5000:0-1185.
[16:28:45 - Feature] Processed Tb927.6.3660:0.0-830.0 (median depth 139.0)
[16:28:45 - Sampler] Took 0.03s to make features.
[16:28:45 - Sampler] Initializing sampler for consensus of region Tb927.7.6560:0-684.
[16:28:45 - Feature] Processed Tb927.7.6560:0.0-683.0 (median depth 158.0)
[16:28:45 - Sampler] Took 0.02s to make features.
[16:28:45 - Sampler] Initializing sampler for consensus of region Tb927.8.3480:0-1827.
[16:28:45 - Feature] Processed Tb927.6.5000:0.0-1184.0 (median depth 102.0)
[16:28:45 - Sampler] Took 0.04s to make features.
[16:28:45 - Sampler] Initializing sampler for consensus of region Tb927.8.3810:0-1173.
[16:28:45 - Feature] Processed Tb927.8.3480:0.0-1826.0 (median depth 162.0)
[16:28:45 - Sampler] Took 0.03s to make features.
[16:28:45 - Sampler] Initializing sampler for consensus of region Tb927.9.10660:0-528.
[16:28:45 - Feature] Processed Tb927.8.3810:0.0-1172.0 (median depth 123.0)
[16:28:45 - Sampler] Took 0.10s to make features.
[16:28:45 - Feature] Processed Tb927.9.10660:0.0-527.0 (median depth 138.0)
[16:28:45 - Sampler] Took 0.09s to make features.
[16:28:49 - PWorker] Batches in cache: 8.
[16:29:03 - PWorker] Batches in cache: 8.
[16:29:03 - PWorker] 7.0% Done (0.0/0.0 Mbases) in 19.2s
[16:29:26 - PWorker] Batches in cache: 8.
[16:29:26 - PWorker] 18.4% Done (0.0/0.0 Mbases) in 42.0s
[16:29:34 - PWorker] Batches in cache: 8.
[16:29:39 - PWorker] Batches in cache: 8.
[16:29:39 - PWorker] 21.9% Done (0.0/0.0 Mbases) in 55.1s
[16:29:47 - PWorker] Batches in cache: 8.
[16:29:54 - PWorker] Batches in cache: 8.
[16:29:54 - PWorker] 26.5% Done (0.0/0.0 Mbases) in 70.7s
