FastTree Version 2.1.11 Double precision (No SSE3)
Alignment: aligned.fas
Nucleotide distances: Jukes-Cantor Joins: balanced Support: SH-like 1000
Search: Normal +NNI +SPR (2 rounds range 10) +ML-NNI opt-each=1
TopHits: 1.00*sqrtN close=default refresh=0.80
ML Model: Generalized Time-Reversible, CAT approximation with 20 rate categories
Ignored unknown character k (seen 5 times)
Ignored unknown character m (seen 4 times)
Ignored unknown character r (seen 27 times)
Ignored unknown character s (seen 3 times)
Ignored unknown character w (seen 3 times)
Ignored unknown character y (seen 28 times)
Initial topology in 0.00 seconds
Refining topology: 8 rounds ME-NNIs, 2 rounds ME-SPRs, 4 rounds ML-NNIs
Total branch-length 0.008 after 0.02 sec
ML-NNI round 1: LogLk = -36330.948 NNIs 0 max delta 0.00 Time 0.07
      0.12 seconds: Optimizing GTR model, step 3 of 12
      0.24 seconds: Optimizing GTR model, step 6 of 12
      0.35 seconds: Optimizing GTR model, step 11 of 12
GTR Frequencies: 0.2486 0.2307 0.2848 0.2359
GTR rates(ac ag at cg ct gt) 0.9162 5.1625 0.6564 0.8914 5.8280 1.0000
      0.45 seconds: Site likelihoods with rate category 13 of 20
Switched to using 20 rate categories (CAT approximation)
Rate categories were divided by 0.625 so that average rate = 1.0
CAT-based log-likelihoods may not be comparable across runs
ML-NNI round 2: LogLk = -36110.156 NNIs 0 max delta 0.00 Time 0.48
Turning off heuristics for final round of ML NNIs (converged)
ML-NNI round 3: LogLk = -36110.155 NNIs 0 max delta 0.00 Time 0.56 (final)
      0.55 seconds: ML Lengths 1 of 2 splits
Optimize all lengths: LogLk = -36110.155 Time 0.59
      1.04 seconds: Site likelihoods with rate category 1 of 20
      1.20 seconds: Optimizing alpha round 2
      1.33 seconds: Optimizing alpha round 4
      1.48 seconds: Optimizing alpha round 6
      1.61 seconds: Optimizing alpha round 8
      1.74 seconds: Optimizing alpha round 10
Gamma(20) LogLk = -36164.284 alpha = 0.054 rescaling lengths by 1.243
Total time: 1.80 seconds Unique: 4/4 Bad splits: 0/1
