FastTree Version 2.1.11 Double precision (No SSE3)
Alignment: aligned.fas
Nucleotide distances: Jukes-Cantor Joins: balanced Support: SH-like 1000
Search: Normal +NNI +SPR (2 rounds range 10) +ML-NNI opt-each=1
TopHits: 1.00*sqrtN close=default refresh=0.80
ML Model: Generalized Time-Reversible, CAT approximation with 20 rate categories
Ignored unknown character m (seen 3 times)
Ignored unknown character r (seen 11 times)
Ignored unknown character s (seen 1 times)
Ignored unknown character w (seen 1 times)
Ignored unknown character y (seen 5 times)
Initial topology in 0.00 seconds
Refining topology: 8 rounds ME-NNIs, 2 rounds ME-SPRs, 4 rounds ML-NNIs
Total branch-length 0.008 after 0.02 sec
ML-NNI round 1: LogLk = -36439.081 NNIs 0 max delta 0.00 Time 0.07
      0.10 seconds: Optimizing GTR model, step 2 of 12
      0.22 seconds: Optimizing GTR model, step 5 of 12
      0.32 seconds: Optimizing GTR model, step 9 of 12
GTR Frequencies: 0.2486 0.2307 0.2848 0.2359
GTR rates(ac ag at cg ct gt) 0.8776 4.8047 0.5715 0.9076 5.0925 1.0000
      0.45 seconds: Site likelihoods with rate category 1 of 20
Switched to using 20 rate categories (CAT approximation)
Rate categories were divided by 0.625 so that average rate = 1.0
CAT-based log-likelihoods may not be comparable across runs
ML-NNI round 2: LogLk = -36215.611 NNIs 0 max delta 0.00 Time 0.54
Turning off heuristics for final round of ML NNIs (converged)
ML-NNI round 3: LogLk = -36215.611 NNIs 0 max delta 0.00 Time 0.63 (final)
      0.62 seconds: ML Lengths 1 of 2 splits
Optimize all lengths: LogLk = -36215.611 Time 0.66
      1.21 seconds: Site likelihoods with rate category 1 of 20
      1.55 seconds: Optimizing alpha round 2
      1.67 seconds: Optimizing alpha round 3
      1.77 seconds: Optimizing alpha round 4
      1.90 seconds: Optimizing alpha round 5
      2.01 seconds: Optimizing alpha round 6
      2.14 seconds: Optimizing alpha round 7
      2.32 seconds: Optimizing alpha round 9
      2.43 seconds: Optimizing alpha round 10
Gamma(20) LogLk = -36272.811 alpha = 0.056 rescaling lengths by 1.220
Total time: 2.53 seconds Unique: 4/4 Bad splits: 0/1
