FastTree Version 2.1.11 Double precision (No SSE3)
Alignment: aligned.fas
Nucleotide distances: Jukes-Cantor Joins: balanced Support: SH-like 1000
Search: Normal +NNI +SPR (2 rounds range 10) +ML-NNI opt-each=1
TopHits: 1.00*sqrtN close=default refresh=0.80
ML Model: Generalized Time-Reversible, CAT approximation with 20 rate categories
Ignored unknown character k (seen 3 times)
Ignored unknown character m (seen 4 times)
Ignored unknown character r (seen 23 times)
Ignored unknown character s (seen 2 times)
Ignored unknown character w (seen 4 times)
Ignored unknown character y (seen 19 times)
Initial topology in 0.01 seconds
Refining topology: 8 rounds ME-NNIs, 2 rounds ME-SPRs, 4 rounds ML-NNIs
Total branch-length 0.007 after 0.02 sec
ML-NNI round 1: LogLk = -36402.545 NNIs 0 max delta 0.00 Time 0.08
      0.13 seconds: Optimizing GTR model, step 2 of 12
      0.26 seconds: Optimizing GTR model, step 6 of 12
      0.37 seconds: Optimizing GTR model, step 9 of 12
GTR Frequencies: 0.2486 0.2307 0.2848 0.2359
GTR rates(ac ag at cg ct gt) 0.8544 4.8739 0.5340 0.9724 5.7730 1.0000
      0.48 seconds: ML Lengths 1 of 2 splits
Switched to using 20 rate categories (CAT approximation)
Rate categories were divided by 0.625 so that average rate = 1.0
CAT-based log-likelihoods may not be comparable across runs
      0.58 seconds: ML NNI round 2 of 4, 1 of 2 splits
ML-NNI round 2: LogLk = -36176.741 NNIs 0 max delta 0.00 Time 0.59
Turning off heuristics for final round of ML NNIs (converged)
ML-NNI round 3: LogLk = -36176.741 NNIs 0 max delta 0.00 Time 0.68 (final)
Optimize all lengths: LogLk = -36176.741 Time 0.73
      1.31 seconds: Site likelihoods with rate category 1 of 20
      1.57 seconds: Optimizing alpha round 2
      1.69 seconds: Optimizing alpha round 3
      1.83 seconds: Optimizing alpha round 4
      1.96 seconds: Optimizing alpha round 5
      2.06 seconds: Optimizing alpha round 6
      2.38 seconds: Optimizing alpha round 8
      2.59 seconds: Optimizing alpha round 10
Gamma(20) LogLk = -36232.566 alpha = 0.052 rescaling lengths by 1.263
Total time: 2.70 seconds Unique: 4/4 Bad splits: 0/1
