Mar-04 09:55:49.472 [main] DEBUG nextflow.cli.Launcher - $> nextflow run main.nf -resume
Mar-04 09:55:49.769 [main] DEBUG nextflow.cli.CmdRun - N E X T F L O W  ~  version 24.10.4
Mar-04 09:55:49.789 [main] DEBUG nextflow.plugin.PluginsFacade - Setting up plugin manager > mode=prod; embedded=false; plugins-dir=/Users/archiehogan/.nextflow/plugins; core-plugins: nf-amazon@2.9.2,nf-azure@1.10.2,nf-cloudcache@0.4.2,nf-codecommit@0.2.2,nf-console@1.1.4,nf-google@1.15.3,nf-tower@1.9.3,nf-wave@1.7.4
Mar-04 09:55:49.814 [main] INFO  o.pf4j.DefaultPluginStatusProvider - Enabled plugins: []
Mar-04 09:55:49.815 [main] INFO  o.pf4j.DefaultPluginStatusProvider - Disabled plugins: []
Mar-04 09:55:49.817 [main] INFO  org.pf4j.DefaultPluginManager - PF4J version 3.12.0 in 'deployment' mode
Mar-04 09:55:49.829 [main] INFO  org.pf4j.AbstractPluginManager - No plugins
Mar-04 09:55:49.844 [main] DEBUG nextflow.config.ConfigBuilder - Found config local: /Volumes/Seagate/monotrac/nextflow/nextflow.config
Mar-04 09:55:49.846 [main] DEBUG nextflow.config.ConfigBuilder - Parsing config file: /Volumes/Seagate/monotrac/nextflow/nextflow.config
Mar-04 09:55:49.871 [main] DEBUG n.secret.LocalSecretsProvider - Secrets store: /Users/archiehogan/.nextflow/secrets/store.json
Mar-04 09:55:49.874 [main] DEBUG nextflow.secret.SecretsLoader - Discovered secrets providers: [nextflow.secret.LocalSecretsProvider@32fdec40] - activable => nextflow.secret.LocalSecretsProvider@32fdec40
Mar-04 09:55:49.878 [main] DEBUG nextflow.config.ConfigBuilder - Applying config profile: `standard`
Mar-04 09:55:50.167 [main] DEBUG nextflow.cli.CmdRun - Applied DSL=2 from script declaration
Mar-04 09:55:50.179 [main] DEBUG nextflow.cli.CmdRun - Launching `main.nf` [adoring_wescoff] DSL2 - revision: ee67a48c45
Mar-04 09:55:50.180 [main] DEBUG nextflow.plugin.PluginsFacade - Plugins default=[]
Mar-04 09:55:50.180 [main] DEBUG nextflow.plugin.PluginsFacade - Plugins resolved requirement=[]
Mar-04 09:55:50.226 [main] DEBUG nextflow.Session - Session UUID: 2b2b50a6-5a01-4d63-968c-42f8815016e0
Mar-04 09:55:50.226 [main] DEBUG nextflow.Session - Run name: adoring_wescoff
Mar-04 09:55:50.227 [main] DEBUG nextflow.Session - Executor pool size: 8
Mar-04 09:55:50.234 [main] DEBUG nextflow.file.FilePorter - File porter settings maxRetries=3; maxTransfers=50; pollTimeout=null
Mar-04 09:55:50.240 [main] DEBUG nextflow.util.ThreadPoolBuilder - Creating thread pool 'FileTransfer' minSize=10; maxSize=24; workQueue=LinkedBlockingQueue[10000]; allowCoreThreadTimeout=false
Mar-04 09:55:50.263 [main] DEBUG nextflow.cli.CmdRun - 
  Version: 24.10.4 build 5934
  Created: 20-01-2025 16:47 UTC (16:47 BST)
  System: Mac OS X 15.3
  Runtime: Groovy 4.0.23 on OpenJDK 64-Bit Server VM 21+35
  Encoding: UTF-8 (UTF-8)
  Process: 22854@Archies-MacBook-Air-286.local [127.0.0.1]
  CPUs: 8 - Mem: 8 GB (84.8 MB) - Swap: 5 GB (1.3 GB)
Mar-04 09:55:50.292 [main] DEBUG nextflow.Session - Work-dir: /Volumes/Seagate/monotrac/nextflow/work [Mac OS X]
Mar-04 09:55:50.309 [main] DEBUG nextflow.executor.ExecutorFactory - Extension executors providers=[]
Mar-04 09:55:50.316 [main] DEBUG nextflow.Session - Observer factory: DefaultObserverFactory
Mar-04 09:55:50.335 [main] DEBUG nextflow.cache.CacheFactory - Using Nextflow cache factory: nextflow.cache.DefaultCacheFactory
Mar-04 09:55:50.343 [main] DEBUG nextflow.util.CustomThreadPool - Creating default thread pool > poolSize: 9; maxThreads: 1000
Mar-04 09:55:50.638 [main] DEBUG nextflow.Session - Session start
Mar-04 09:55:50.883 [main] DEBUG nextflow.script.ScriptRunner - > Launching execution
Mar-04 09:55:51.451 [main] DEBUG nextflow.executor.ExecutorFactory - << taskConfig executor: null
Mar-04 09:55:51.452 [main] DEBUG nextflow.executor.ExecutorFactory - >> processorType: 'local'
Mar-04 09:55:51.455 [main] DEBUG nextflow.executor.Executor - [warm up] executor > local
Mar-04 09:55:51.460 [main] DEBUG n.processor.LocalPollingMonitor - Creating local task monitor for executor 'local' > cpus=8; memory=8 GB; capacity=8; pollInterval=100ms; dumpInterval=5m
Mar-04 09:55:51.461 [main] DEBUG n.processor.TaskPollingMonitor - >>> barrier register (monitor: local)
Mar-04 09:55:51.501 [main] DEBUG nextflow.executor.ExecutorFactory - << taskConfig executor: null
Mar-04 09:55:51.501 [main] DEBUG nextflow.executor.ExecutorFactory - >> processorType: 'local'
Mar-04 09:55:51.507 [main] DEBUG nextflow.executor.ExecutorFactory - << taskConfig executor: null
Mar-04 09:55:51.508 [main] DEBUG nextflow.executor.ExecutorFactory - >> processorType: 'local'
Mar-04 09:55:51.511 [main] DEBUG nextflow.executor.ExecutorFactory - << taskConfig executor: null
Mar-04 09:55:51.511 [main] DEBUG nextflow.executor.ExecutorFactory - >> processorType: 'local'
Mar-04 09:55:51.515 [main] DEBUG nextflow.executor.ExecutorFactory - << taskConfig executor: null
Mar-04 09:55:51.515 [main] DEBUG nextflow.executor.ExecutorFactory - >> processorType: 'local'
Mar-04 09:55:51.517 [main] DEBUG nextflow.executor.ExecutorFactory - << taskConfig executor: null
Mar-04 09:55:51.517 [main] DEBUG nextflow.executor.ExecutorFactory - >> processorType: 'local'
Mar-04 09:55:51.520 [main] DEBUG nextflow.executor.ExecutorFactory - << taskConfig executor: null
Mar-04 09:55:51.520 [main] DEBUG nextflow.executor.ExecutorFactory - >> processorType: 'local'
Mar-04 09:55:51.523 [main] DEBUG nextflow.executor.ExecutorFactory - << taskConfig executor: null
Mar-04 09:55:51.523 [main] DEBUG nextflow.executor.ExecutorFactory - >> processorType: 'local'
Mar-04 09:55:51.526 [main] DEBUG nextflow.executor.ExecutorFactory - << taskConfig executor: null
Mar-04 09:55:51.526 [main] DEBUG nextflow.executor.ExecutorFactory - >> processorType: 'local'
Mar-04 09:55:51.529 [main] DEBUG nextflow.executor.ExecutorFactory - << taskConfig executor: null
Mar-04 09:55:51.529 [main] DEBUG nextflow.executor.ExecutorFactory - >> processorType: 'local'
Mar-04 09:55:51.530 [main] DEBUG nextflow.Session - Workflow process names [dsl2]: FASTQC, PLOTTING, ALIGN, MEDAKAVAR, MOSDEPTH, LINEPLOT, FASTTREE, BOXPLOT, COMBINEFILES, RAWCOMBINE
Mar-04 09:55:51.531 [main] DEBUG nextflow.Session - Igniting dataflow network (12)
Mar-04 09:55:51.535 [main] DEBUG nextflow.processor.TaskProcessor - Starting process > FASTQC
Mar-04 09:55:51.536 [main] DEBUG nextflow.processor.TaskProcessor - Starting process > MEDAKAVAR
Mar-04 09:55:51.536 [main] DEBUG nextflow.processor.TaskProcessor - Starting process > MOSDEPTH
Mar-04 09:55:51.536 [main] DEBUG nextflow.processor.TaskProcessor - Starting process > PLOTTING
Mar-04 09:55:51.536 [main] DEBUG nextflow.processor.TaskProcessor - Starting process > COMBINEFILES
Mar-04 09:55:51.536 [main] DEBUG nextflow.processor.TaskProcessor - Starting process > BOXPLOT
Mar-04 09:55:51.536 [main] DEBUG nextflow.processor.TaskProcessor - Starting process > RAWCOMBINE
Mar-04 09:55:51.536 [main] DEBUG nextflow.processor.TaskProcessor - Starting process > LINEPLOT
Mar-04 09:55:51.536 [main] DEBUG nextflow.processor.TaskProcessor - Starting process > ALIGN
Mar-04 09:55:51.536 [main] DEBUG nextflow.processor.TaskProcessor - Starting process > FASTTREE
Mar-04 09:55:51.537 [PathVisitor-2] DEBUG nextflow.file.PathVisitor - files for syntax: glob; folder: /Volumes/Seagate/monotrac/nextflow/isolate_fasta/; pattern: *.fas; options: [:]
Mar-04 09:55:51.538 [main] DEBUG nextflow.script.ScriptRunner - Parsed script files:
  Script_af8225aab15b0f4a: /Volumes/Seagate/monotrac/nextflow/./modules/fastqc.nf
  Script_9f7336fab6852298: /Volumes/Seagate/monotrac/nextflow/./modules/medakavar.nf
  Script_0f4132ec63b48263: /Volumes/Seagate/monotrac/nextflow/./modules/plotting.nf
  Script_41abe11c605065fb: /Volumes/Seagate/monotrac/nextflow/main.nf
  Script_75f87270387dea9b: /Volumes/Seagate/monotrac/nextflow/./modules/align.nf
  Script_544e34e1daf56062: /Volumes/Seagate/monotrac/nextflow/./modules/boxplot.nf
  Script_05c5e95f160da464: /Volumes/Seagate/monotrac/nextflow/./modules/lineplot.nf
  Script_ee019a6d35737ad5: /Volumes/Seagate/monotrac/nextflow/./modules/mosdepth.nf
  Script_c580bbcc5b5e237e: /Volumes/Seagate/monotrac/nextflow/./modules/fasttree.nf
  Script_21f72055fc3199e7: /Volumes/Seagate/monotrac/nextflow/./modules/rawCombine.nf
  Script_fe015f883ba3b878: /Volumes/Seagate/monotrac/nextflow/./modules/combineFiles.nf
Mar-04 09:55:51.538 [main] DEBUG nextflow.script.ScriptRunner - > Awaiting termination 
Mar-04 09:55:51.538 [main] DEBUG nextflow.Session - Session await
Mar-04 09:55:51.609 [Actor Thread 10] DEBUG nextflow.conda.CondaCache - conda found local env for environment=/opt/anaconda3/envs/monotrac; path=/opt/anaconda3/envs/monotrac
Mar-04 09:55:51.609 [Actor Thread 5] DEBUG nextflow.conda.CondaCache - conda found local env for environment=/opt/anaconda3/envs/medaka; path=/opt/anaconda3/envs/medaka
Mar-04 09:55:51.677 [Actor Thread 9] INFO  nextflow.processor.TaskProcessor - [f1/9d3863] Cached process > MEDAKAVAR (3)
Mar-04 09:55:51.677 [Actor Thread 4] INFO  nextflow.processor.TaskProcessor - [01/0277ce] Cached process > FASTQC (1)
Mar-04 09:55:51.677 [Actor Thread 3] INFO  nextflow.processor.TaskProcessor - [1b/e8014e] Cached process > FASTQC (2)
Mar-04 09:55:51.689 [Actor Thread 7] INFO  nextflow.processor.TaskProcessor - [19/e70b22] Cached process > MEDAKAVAR (2)
Mar-04 09:55:51.693 [Actor Thread 1] INFO  nextflow.processor.TaskProcessor - [a8/b948e6] Cached process > MEDAKAVAR (1)
Mar-04 09:55:51.696 [Actor Thread 6] INFO  nextflow.processor.TaskProcessor - [0c/6fb920] Cached process > FASTQC (3)
Mar-04 09:55:51.725 [Actor Thread 12] INFO  nextflow.processor.TaskProcessor - [76/41c1b4] Cached process > MOSDEPTH (1)
Mar-04 09:55:51.728 [Actor Thread 4] DEBUG nextflow.conda.CondaCache - conda found local env for environment=/opt/anaconda3/envs/mafft; path=/opt/anaconda3/envs/mafft
Mar-04 09:55:51.736 [Actor Thread 14] INFO  nextflow.processor.TaskProcessor - [e6/89554f] Cached process > MOSDEPTH (2)
Mar-04 09:55:51.746 [Actor Thread 10] INFO  nextflow.processor.TaskProcessor - [eb/609d49] Cached process > MOSDEPTH (3)
Mar-04 09:55:51.753 [Actor Thread 5] INFO  nextflow.processor.TaskProcessor - [ca/d47fe6] Cached process > PLOTTING (1)
Mar-04 09:55:51.760 [Actor Thread 3] INFO  nextflow.processor.TaskProcessor - [ac/20d617] Cached process > COMBINEFILES
Mar-04 09:55:51.771 [Actor Thread 4] INFO  nextflow.processor.TaskProcessor - [08/7f99db] Cached process > RAWCOMBINE
Mar-04 09:55:51.783 [Actor Thread 13] INFO  nextflow.processor.TaskProcessor - [02/ba3b96] Cached process > PLOTTING (2)
Mar-04 09:55:51.786 [Actor Thread 7] INFO  nextflow.processor.TaskProcessor - [5e/cc5395] Cached process > PLOTTING (3)
Mar-04 09:55:51.812 [Actor Thread 10] INFO  nextflow.processor.TaskProcessor - [24/0c4726] Cached process > BOXPLOT
Mar-04 09:55:51.814 [Task submitter] DEBUG n.executor.local.LocalTaskHandler - Launch cmd line: /bin/bash -ue .command.run
Mar-04 09:55:51.816 [Task submitter] INFO  nextflow.Session - [25/f89152] Submitted process > ALIGN
Mar-04 09:55:51.819 [Task submitter] DEBUG n.executor.local.LocalTaskHandler - Launch cmd line: /bin/bash -ue .command.run
Mar-04 09:55:51.819 [Task submitter] INFO  nextflow.Session - [19/cb1b24] Submitted process > LINEPLOT
Mar-04 09:56:05.714 [Task monitor] DEBUG n.processor.TaskPollingMonitor - Task completed > TaskHandler[id: 17; name: LINEPLOT; status: COMPLETED; exit: 0; error: -; workDir: /Volumes/Seagate/monotrac/nextflow/work/19/cb1b244cfaa95a1b3c8795ed49c48b]
Mar-04 09:56:05.813 [Task monitor] DEBUG nextflow.util.ThreadPoolBuilder - Creating thread pool 'TaskFinalizer' minSize=10; maxSize=24; workQueue=LinkedBlockingQueue[10000]; allowCoreThreadTimeout=false
Mar-04 09:56:06.834 [Task monitor] DEBUG n.processor.TaskPollingMonitor - Task completed > TaskHandler[id: 10; name: ALIGN; status: COMPLETED; exit: 0; error: -; workDir: /Volumes/Seagate/monotrac/nextflow/work/25/f891526681642482f9002261773449]
Mar-04 09:56:06.890 [Task submitter] DEBUG n.executor.local.LocalTaskHandler - Launch cmd line: /bin/bash -ue .command.run
Mar-04 09:56:06.891 [Task submitter] INFO  nextflow.Session - [02/222189] Submitted process > FASTTREE
Mar-04 09:56:27.612 [Task monitor] DEBUG n.processor.TaskPollingMonitor - Task completed > TaskHandler[id: 18; name: FASTTREE; status: COMPLETED; exit: 0; error: -; workDir: /Volumes/Seagate/monotrac/nextflow/work/02/2221895345a39e6ed7fc0bcfef6773]
Mar-04 09:56:27.614 [main] DEBUG nextflow.Session - Session await > all processes finished
Mar-04 09:56:27.717 [Task monitor] DEBUG n.processor.TaskPollingMonitor - <<< barrier arrives (monitor: local) - terminating tasks monitor poll loop
Mar-04 09:56:27.717 [main] DEBUG nextflow.Session - Session await > all barriers passed
Mar-04 09:56:27.719 [main] DEBUG nextflow.util.ThreadPoolManager - Thread pool 'TaskFinalizer' shutdown completed (hard=false)
Mar-04 09:56:27.721 [main] INFO  nextflow.Nextflow - 
Done!
Mar-04 09:56:27.727 [main] DEBUG n.trace.WorkflowStatsObserver - Workflow completed > WorkflowStats[succeededCount=3; failedCount=0; ignoredCount=0; cachedCount=15; pendingCount=0; submittedCount=0; runningCount=0; retriesCount=0; abortedCount=0; succeedDuration=49.5s; failedDuration=0ms; cachedDuration=7m 48s;loadCpus=0; loadMemory=0; peakRunning=2; peakCpus=2; peakMemory=0; ]
Mar-04 09:56:28.000 [main] DEBUG nextflow.cache.CacheDB - Closing CacheDB done
Mar-04 09:56:28.034 [main] DEBUG nextflow.util.ThreadPoolManager - Thread pool 'FileTransfer' shutdown completed (hard=false)
Mar-04 09:56:28.035 [main] DEBUG nextflow.script.ScriptRunner - > Execution complete -- Goodbye
