TF_CPP_MIN_LOG_LEVEL is set to '3'
Attempting to automatically select model version.
WARNING: Failed to detect a model version, will use default: 'r1041_e82_400bps_sup_v5.0.0'
Checking program versions
This is medaka 1.12.1
Program    Version    Required   Pass     
bcftools   1.11       1.11       True     
bgzip      1.21       1.11       True     
minimap2   2.11       2.11       True     
samtools   1.11       1.11       True     
tabix      1.21       1.11       True     
[16:22:53 - MdlStrTF] Successfully removed temporary files from /var/folders/vs/4d0w8drx4zdg1jl70nymtyt00000gn/T/tmpexe8dial.
[16:22:53 - MdlStrTF] Successfully removed temporary files from /var/folders/vs/4d0w8drx4zdg1jl70nymtyt00000gn/T/tmpth_odts1.
Using the existing fai index file /Volumes/Seagate/monotrac/nextflow/References/targets.fasta.fai
Using the existing mmi index file /Volumes/Seagate/monotrac/nextflow/References/targets.fasta.map-ont.mmi
Aligning basecalls to draft
[M::main::0.052*0.41] loaded/built the index for 20 target sequence(s)
[M::mm_mapopt_update::0.053*0.41] mid_occ = 2
[M::mm_idx_stat] kmer size: 15; skip: 10; is_hpc: 0; #seq: 20
[M::mm_idx_stat::0.053*0.42] distinct minimizers: 4818 (100.00% are singletons); average occurrences: 1.000; average spacing: 5.410
[M::worker_pipeline::3.591*0.67] mapped 15532 sequences
[M::main] Version: 2.11-r797
[M::main] CMD: minimap2 -x map-ont --secondary=no -L --MD -A 2 -B 4 -O 4,24 -E 2,1 -t 1 -a /Volumes/Seagate/monotrac/nextflow/References/targets.fasta.map-ont.mmi /Volumes/Seagate/monotrac/nextflow/Raw_reads/ERR9695747.fq.gz
[M::main] Real time: 3.594 sec; CPU: 2.395 sec
Running medaka consensus
[16:23:02 - Predict] Setting tensorflow inter/intra-op threads to 1/1.
[16:23:02 - Predict] Processing region(s): Tb927.1.3230:0-2148 Tb927.10.13980:0-627 Tb927.10.14170:0-939 Tb927.10.15300:0-3465 Tb927.10.1820:0-795 Tb927.10.2810:0-1017 Tb927.10.4720:0-1083 Tb927.11.1940:0-1395 Tb927.11.3980:0-1557 Tb927.3.4350:0-2325 Tb927.4.980:0-1119 Tb927.5.1220:0-567 Tb927.6.1100:0-1479 Tb927.6.2630:0-1320 Tb927.6.3660:0-831 Tb927.6.5000:0-1185 Tb927.7.6560:0-684 Tb927.8.3480:0-1827 Tb927.8.3810:0-1173 Tb927.9.10660:0-528
[16:23:02 - Predict] Using model: /opt/anaconda3/envs/medaka/lib/python3.8/site-packages/medaka/data/r1041_e82_400bps_sup_v5.0.0_model.tar.gz.
[16:23:02 - Predict] Using minimum mapQ threshold of 1 for read filtering.
[16:23:02 - BAMFile] Creating pool of 16 BAM file sets.
[16:23:02 - Predict] Processing 20 short region(s).
[16:23:02 - MdlStrTF] Model <keras.src.engine.sequential.Sequential object at 0x7f8f29eccf70>
[16:23:02 - MdlStrTF] loading weights from /var/folders/vs/4d0w8drx4zdg1jl70nymtyt00000gn/T/tmpsd9ov7dy/model/variables/variables (using expect partial)
[16:23:02 - Sampler] Initializing sampler for consensus of region Tb927.1.3230:0-2148.
[16:23:02 - Sampler] Initializing sampler for consensus of region Tb927.10.13980:0-627.
[16:23:02 - PWorker] Running inference for 0.0M draft bases.
[16:23:02 - Feature] Pileup counts do not span requested region, requested Tb927.1.3230:0-2148, received 0-2146.
[16:23:02 - Feature] Processed Tb927.10.13980:0.0-626.0 (median depth 125.0)
[16:23:02 - Sampler] Took 0.11s to make features.
[16:23:02 - Sampler] Initializing sampler for consensus of region Tb927.10.14170:0-939.
[16:23:02 - Feature] Processed Tb927.1.3230:0.0-2146.0 (median depth 134.0)
[16:23:02 - Sampler] Took 0.14s to make features.
[16:23:02 - Sampler] Initializing sampler for consensus of region Tb927.10.15300:0-3465.
[16:23:03 - Feature] Processed Tb927.10.14170:0.0-938.0 (median depth 248.0)
[16:23:03 - Sampler] Took 0.12s to make features.
[16:23:03 - Sampler] Initializing sampler for consensus of region Tb927.10.1820:0-795.
[16:23:03 - Feature] Processed Tb927.10.15300:0.0-3464.0 (median depth 124.0)
[16:23:03 - Sampler] Took 0.19s to make features.
[16:23:03 - Sampler] Initializing sampler for consensus of region Tb927.10.2810:0-1017.
[16:23:03 - Feature] Processed Tb927.10.1820:0.0-794.0 (median depth 143.0)
[16:23:03 - Sampler] Took 0.09s to make features.
[16:23:03 - Sampler] Initializing sampler for consensus of region Tb927.10.4720:0-1083.
[16:23:03 - Feature] Processed Tb927.10.2810:0.0-1016.0 (median depth 138.0)
[16:23:03 - Sampler] Took 0.09s to make features.
[16:23:03 - Feature] Processed Tb927.10.4720:0.0-1082.0 (median depth 118.0)
[16:23:03 - Sampler] Took 0.09s to make features.
[16:23:03 - Sampler] Initializing sampler for consensus of region Tb927.11.1940:0-1395.
[16:23:03 - Sampler] Initializing sampler for consensus of region Tb927.11.3980:0-1557.
[16:23:03 - Feature] Processed Tb927.11.3980:0.0-1556.0 (median depth 118.0)
[16:23:03 - Sampler] Took 0.09s to make features.
[16:23:03 - Sampler] Initializing sampler for consensus of region Tb927.3.4350:0-2325.
[16:23:03 - Feature] Processed Tb927.11.1940:0.0-1394.0 (median depth 135.0)
[16:23:03 - Sampler] Took 0.10s to make features.
[16:23:03 - Sampler] Initializing sampler for consensus of region Tb927.4.980:0-1119.
[16:23:03 - Feature] Processed Tb927.4.980:0.0-1118.0 (median depth 137.0)
[16:23:03 - Sampler] Took 0.09s to make features.
[16:23:03 - Sampler] Initializing sampler for consensus of region Tb927.5.1220:0-567.
[16:23:03 - Feature] Processed Tb927.3.4350:0.0-2324.0 (median depth 131.0)
[16:23:03 - Sampler] Took 0.10s to make features.
[16:23:03 - Sampler] Initializing sampler for consensus of region Tb927.6.1100:0-1479.
[16:23:03 - Feature] Processed Tb927.5.1220:0.0-566.0 (median depth 164.0)
[16:23:03 - Sampler] Took 0.02s to make features.
[16:23:03 - Sampler] Initializing sampler for consensus of region Tb927.6.2630:0-1320.
[16:23:03 - Feature] Processed Tb927.6.1100:0.0-1478.0 (median depth 122.0)
[16:23:03 - Sampler] Took 0.03s to make features.
[16:23:03 - Sampler] Initializing sampler for consensus of region Tb927.6.3660:0-831.
[16:23:03 - Feature] Processed Tb927.6.2630:0.0-1319.0 (median depth 146.0)
[16:23:03 - Sampler] Took 0.03s to make features.
[16:23:03 - Sampler] Initializing sampler for consensus of region Tb927.6.5000:0-1185.
[16:23:03 - Feature] Processed Tb927.6.3660:0.0-830.0 (median depth 139.0)
[16:23:03 - Sampler] Took 0.09s to make features.
[16:23:03 - Sampler] Initializing sampler for consensus of region Tb927.7.6560:0-684.
[16:23:03 - Feature] Processed Tb927.6.5000:0.0-1184.0 (median depth 102.0)
[16:23:03 - Sampler] Took 0.09s to make features.
[16:23:03 - Sampler] Initializing sampler for consensus of region Tb927.8.3480:0-1827.
[16:23:03 - Feature] Processed Tb927.8.3480:0.0-1826.0 (median depth 162.0)
[16:23:03 - Sampler] Took 0.04s to make features.
[16:23:03 - Sampler] Initializing sampler for consensus of region Tb927.8.3810:0-1173.
[16:23:03 - Feature] Processed Tb927.7.6560:0.0-683.0 (median depth 158.0)
[16:23:03 - Sampler] Took 0.05s to make features.
[16:23:03 - Sampler] Initializing sampler for consensus of region Tb927.9.10660:0-528.
[16:23:03 - Feature] Processed Tb927.8.3810:0.0-1172.0 (median depth 123.0)
[16:23:03 - Sampler] Took 0.02s to make features.
[16:23:03 - Feature] Processed Tb927.9.10660:0.0-527.0 (median depth 138.0)
[16:23:03 - Sampler] Took 0.03s to make features.
[16:23:21 - PWorker] Batches in cache: 8.
[16:23:21 - PWorker] 7.0% Done (0.0/0.0 Mbases) in 18.5s
[16:23:29 - PWorker] Batches in cache: 8.
[16:23:52 - PWorker] Batches in cache: 8.
[16:23:52 - PWorker] 20.6% Done (0.0/0.0 Mbases) in 49.4s
[16:23:57 - PWorker] Batches in cache: 8.
[16:24:04 - PWorker] Batches in cache: 8.
[16:24:04 - PWorker] 24.1% Done (0.0/0.0 Mbases) in 61.7s
[16:24:11 - PWorker] Batches in cache: 8.
