[09:52:14 - MdlStrTF] Successfully removed temporary files from /var/folders/vs/4d0w8drx4zdg1jl70nymtyt00000gn/T/tmp3v_hf1wk.
[09:52:15 - MdlStrTF] Successfully removed temporary files from /var/folders/vs/4d0w8drx4zdg1jl70nymtyt00000gn/T/tmpko8qoskp.
Using the existing fai index file /Volumes/Seagate/monotrac/nextflow/References/targets.fasta.fai
Using the existing mmi index file /Volumes/Seagate/monotrac/nextflow/References/targets.fasta.map-ont.mmi
[M::main::0.021*1.05] loaded/built the index for 20 target sequence(s)
[M::mm_mapopt_update::0.021*1.05] mid_occ = 2
[M::mm_idx_stat] kmer size: 15; skip: 10; is_hpc: 0; #seq: 20
[M::mm_idx_stat::0.022*1.05] distinct minimizers: 4818 (100.00% are singletons); average occurrences: 1.000; average spacing: 5.410
[M::worker_pipeline::2.937*0.74] mapped 15532 sequences
[M::main] Version: 2.11-r797
[M::main] CMD: minimap2 -x map-ont --secondary=no -L --MD -A 2 -B 4 -O 4,24 -E 2,1 -t 1 -a /Volumes/Seagate/monotrac/nextflow/References/targets.fasta.map-ont.mmi /Volumes/Seagate/monotrac/nextflow/Raw_reads/ERR9695747.fq.gz
[M::main] Real time: 2.939 sec; CPU: 2.174 sec
[09:52:22 - Predict] Setting tensorflow inter/intra-op threads to 1/1.
[09:52:22 - Predict] Processing region(s): Tb927.1.3230:0-2148 Tb927.10.13980:0-627 Tb927.10.14170:0-939 Tb927.10.15300:0-3465 Tb927.10.1820:0-795 Tb927.10.2810:0-1017 Tb927.10.4720:0-1083 Tb927.11.1940:0-1395 Tb927.11.3980:0-1557 Tb927.3.4350:0-2325 Tb927.4.980:0-1119 Tb927.5.1220:0-567 Tb927.6.1100:0-1479 Tb927.6.2630:0-1320 Tb927.6.3660:0-831 Tb927.6.5000:0-1185 Tb927.7.6560:0-684 Tb927.8.3480:0-1827 Tb927.8.3810:0-1173 Tb927.9.10660:0-528
[09:52:22 - Predict] Using model: /opt/anaconda3/envs/medaka/lib/python3.8/site-packages/medaka/data/r1041_e82_400bps_sup_v5.0.0_model.tar.gz.
[09:52:22 - Predict] Using minimum mapQ threshold of 1 for read filtering.
[09:52:22 - BAMFile] Creating pool of 16 BAM file sets.
[09:52:22 - Predict] Processing 20 short region(s).
[09:52:23 - MdlStrTF] Model <keras.src.engine.sequential.Sequential object at 0x7fcdd9e1cf70>
[09:52:23 - MdlStrTF] loading weights from /var/folders/vs/4d0w8drx4zdg1jl70nymtyt00000gn/T/tmph3i4v0is/model/variables/variables (using expect partial)
[09:52:23 - Sampler] Initializing sampler for consensus of region Tb927.1.3230:0-2148.
[09:52:23 - Sampler] Initializing sampler for consensus of region Tb927.10.13980:0-627.
[09:52:23 - PWorker] Running inference for 0.0M draft bases.
[09:52:23 - Feature] Pileup counts do not span requested region, requested Tb927.1.3230:0-2148, received 0-2146.
[09:52:23 - Feature] Processed Tb927.1.3230:0.0-2146.0 (median depth 134.0)
[09:52:23 - Sampler] Took 0.19s to make features.
[09:52:23 - Sampler] Initializing sampler for consensus of region Tb927.10.14170:0-939.
[09:52:23 - Feature] Processed Tb927.10.13980:0.0-626.0 (median depth 125.0)
[09:52:23 - Sampler] Took 0.22s to make features.
[09:52:23 - Sampler] Initializing sampler for consensus of region Tb927.10.15300:0-3465.
[09:52:23 - Feature] Processed Tb927.10.14170:0.0-938.0 (median depth 248.0)
[09:52:23 - Sampler] Took 0.11s to make features.
[09:52:23 - Sampler] Initializing sampler for consensus of region Tb927.10.1820:0-795.
[09:52:23 - Feature] Processed Tb927.10.15300:0.0-3464.0 (median depth 124.0)
[09:52:23 - Sampler] Took 0.14s to make features.
[09:52:23 - Sampler] Initializing sampler for consensus of region Tb927.10.2810:0-1017.
[09:52:23 - Feature] Processed Tb927.10.1820:0.0-794.0 (median depth 143.0)
[09:52:23 - Sampler] Took 0.07s to make features.
[09:52:23 - Sampler] Initializing sampler for consensus of region Tb927.10.4720:0-1083.
[09:52:23 - Feature] Processed Tb927.10.4720:0.0-1082.0 (median depth 118.0)
[09:52:23 - Sampler] Took 0.09s to make features.
[09:52:23 - Sampler] Initializing sampler for consensus of region Tb927.11.1940:0-1395.
[09:52:23 - Feature] Processed Tb927.10.2810:0.0-1016.0 (median depth 138.0)
[09:52:23 - Sampler] Took 0.10s to make features.
[09:52:23 - Sampler] Initializing sampler for consensus of region Tb927.11.3980:0-1557.
[09:52:23 - Feature] Processed Tb927.11.3980:0.0-1556.0 (median depth 118.0)
[09:52:23 - Sampler] Took 0.05s to make features.
[09:52:23 - Sampler] Initializing sampler for consensus of region Tb927.3.4350:0-2325.
[09:52:23 - Feature] Processed Tb927.11.1940:0.0-1394.0 (median depth 135.0)
[09:52:23 - Sampler] Took 0.08s to make features.
[09:52:23 - Sampler] Initializing sampler for consensus of region Tb927.4.980:0-1119.
[09:52:23 - Feature] Processed Tb927.4.980:0.0-1118.0 (median depth 137.0)
[09:52:23 - Sampler] Took 0.08s to make features.
[09:52:23 - Sampler] Initializing sampler for consensus of region Tb927.5.1220:0-567.
[09:52:23 - Feature] Processed Tb927.3.4350:0.0-2324.0 (median depth 131.0)
[09:52:23 - Sampler] Took 0.12s to make features.
[09:52:23 - Sampler] Initializing sampler for consensus of region Tb927.6.1100:0-1479.
[09:52:23 - Feature] Processed Tb927.5.1220:0.0-566.0 (median depth 164.0)
[09:52:23 - Sampler] Took 0.01s to make features.
[09:52:23 - Sampler] Initializing sampler for consensus of region Tb927.6.2630:0-1320.
[09:52:23 - Feature] Processed Tb927.6.1100:0.0-1478.0 (median depth 122.0)
[09:52:23 - Sampler] Took 0.01s to make features.
[09:52:23 - Sampler] Initializing sampler for consensus of region Tb927.6.3660:0-831.
[09:52:23 - Feature] Processed Tb927.6.3660:0.0-830.0 (median depth 139.0)
[09:52:23 - Sampler] Took 0.01s to make features.
[09:52:23 - Sampler] Initializing sampler for consensus of region Tb927.6.5000:0-1185.
[09:52:23 - Feature] Processed Tb927.6.2630:0.0-1319.0 (median depth 146.0)
[09:52:23 - Sampler] Took 0.01s to make features.
[09:52:23 - Sampler] Initializing sampler for consensus of region Tb927.7.6560:0-684.
[09:52:23 - Feature] Processed Tb927.6.5000:0.0-1184.0 (median depth 102.0)
[09:52:23 - Sampler] Took 0.01s to make features.
[09:52:23 - Sampler] Initializing sampler for consensus of region Tb927.8.3480:0-1827.
[09:52:23 - Feature] Processed Tb927.7.6560:0.0-683.0 (median depth 158.0)
[09:52:23 - Sampler] Took 0.01s to make features.
[09:52:23 - Sampler] Initializing sampler for consensus of region Tb927.8.3810:0-1173.
[09:52:23 - Feature] Processed Tb927.8.3480:0.0-1826.0 (median depth 162.0)
[09:52:23 - Sampler] Took 0.01s to make features.
[09:52:23 - Sampler] Initializing sampler for consensus of region Tb927.9.10660:0-528.
[09:52:23 - Feature] Processed Tb927.8.3810:0.0-1172.0 (median depth 123.0)
[09:52:23 - Sampler] Took 0.01s to make features.
[09:52:23 - Feature] Processed Tb927.9.10660:0.0-527.0 (median depth 138.0)
[09:52:23 - Sampler] Took 0.01s to make features.
[09:52:37 - PWorker] Batches in cache: 8.
[09:52:37 - PWorker] 6.4% Done (0.0/0.0 Mbases) in 14.5s
[09:52:50 - PWorker] Batches in cache: 8.
[09:52:50 - PWorker] 9.2% Done (0.0/0.0 Mbases) in 27.2s
[09:53:15 - PWorker] Batches in cache: 8.
[09:53:15 - PWorker] 20.6% Done (0.0/0.0 Mbases) in 52.2s
[09:53:21 - PWorker] Batches in cache: 8.
[09:53:29 - PWorker] Batches in cache: 8.
[09:53:29 - PWorker] 24.3% Done (0.0/0.0 Mbases) in 66.6s
[09:53:37 - PWorker] Batches in cache: 8.
[09:53:48 - PWorker] Batches in cache: 8.
[09:53:48 - PWorker] 30.6% Done (0.0/0.0 Mbases) in 85.3s
[09:53:59 - PWorker] Batches in cache: 8.
[09:53:59 - PWorker] 34.1% Done (0.0/0.0 Mbases) in 95.8s
[09:54:07 - PWorker] Batches in cache: 8.
[09:54:22 - PWorker] Batches in cache: 8.
[09:54:22 - PWorker] 43.8% Done (0.0/0.0 Mbases) in 119.3s
[09:54:35 - PWorker] Batches in cache: 8.
[09:54:35 - PWorker] 48.0% Done (0.0/0.0 Mbases) in 132.1s
[09:54:40 - PWorker] Batches in cache: 7.
[09:54:49 - PWorker] Batches in cache: 6.
[09:54:49 - PWorker] 52.7% Done (0.0/0.0 Mbases) in 145.9s
[09:54:56 - PWorker] Batches in cache: 5.
[09:55:00 - PWorker] 56.3% Done (0.0/0.0 Mbases) in 157.4s
[09:55:13 - PWorker] Batches in cache: 3.
[09:55:13 - PWorker] 61.6% Done (0.0/0.0 Mbases) in 169.8s
[09:55:20 - PWorker] Batches in cache: 2.
[09:55:24 - PWorker] 64.6% Done (0.0/0.0 Mbases) in 180.8s
[09:55:24 - PWorker] Processed 20 batches
[09:55:24 - PWorker] All done, 0 remainder regions.
[09:55:24 - Predict] Finished processing all regions.
[09:55:24 - MdlStrTF] Successfully removed temporary files from /var/folders/vs/4d0w8drx4zdg1jl70nymtyt00000gn/T/tmph3i4v0is.
[09:55:26 - DataIndx] Loaded 1/1 (100.00%) sample files.
[09:55:26 - Stitcher] Stitching Tb927.10.1820:0-795
[09:55:26 - Stitcher] Stitching Tb927.6.5000:0-1185
[09:55:26 - Stitcher] Stitching Tb927.10.14170:0-939
[09:55:26 - Stitcher] Stitching Tb927.7.6560:0-684
[09:55:26 - Stitcher] Stitching Tb927.5.1220:0-567
[09:55:26 - Stitcher] Stitching Tb927.6.2630:0-1320
[09:55:26 - Stitcher] Stitching Tb927.10.2810:0-1017
[09:55:26 - Stitcher] Stitching Tb927.3.4350:0-2325
[09:55:26 - Stitcher] Stitching Tb927.6.1100:0-1479
[09:55:26 - Stitcher] Stitching Tb927.11.1940:0-1395
[09:55:26 - Stitcher] Stitching Tb927.9.10660:0-528
[09:55:26 - Stitcher] Stitching Tb927.8.3480:0-1827
[09:55:26 - Stitcher] Stitching Tb927.4.980:0-1119
[09:55:26 - Stitcher] Stitching Tb927.11.3980:0-1557
[09:55:26 - Stitcher] Stitching Tb927.10.15300:0-3465
[09:55:26 - Stitcher] Stitching Tb927.10.4720:0-1083
[09:55:26 - Stitcher] Stitching Tb927.8.3810:0-1173
[09:55:26 - Stitcher] Stitching Tb927.1.3230:0-2148
[09:55:26 - Stitcher] Stitching Tb927.10.13980:0-627
[09:55:26 - Stitcher] Stitching Tb927.6.3660:0-831
[09:55:27 - DataIndx] Loaded 1/1 (100.00%) sample files.
[09:55:27 - Variants] Processing Tb927.1.3230:0-.
[09:55:27 - Variants] Processing Tb927.10.13980:0-.
[09:55:27 - Variants] Processing Tb927.10.14170:0-.
[09:55:27 - Variants] Processing Tb927.10.15300:0-.
[09:55:27 - Variants] Processing Tb927.10.1820:0-.
[09:55:27 - Variants] Processing Tb927.10.2810:0-.
[09:55:27 - Variants] Processing Tb927.10.4720:0-.
[09:55:27 - Variants] Processing Tb927.11.1940:0-.
[09:55:27 - Variants] Processing Tb927.11.3980:0-.
[09:55:27 - Variants] Processing Tb927.3.4350:0-.
[09:55:27 - Variants] Processing Tb927.4.980:0-.
[09:55:27 - Variants] Processing Tb927.5.1220:0-.
[09:55:27 - Variants] Processing Tb927.6.1100:0-.
[09:55:27 - Variants] Processing Tb927.6.2630:0-.
[09:55:27 - Variants] Processing Tb927.6.3660:0-.
[09:55:27 - Variants] Processing Tb927.6.5000:0-.
[09:55:27 - Variants] Processing Tb927.7.6560:0-.
[09:55:28 - Variants] Processing Tb927.8.3480:0-.
[09:55:28 - Variants] Processing Tb927.8.3810:0-.
[09:55:28 - Variants] Processing Tb927.9.10660:0-.
[09:55:28 - Annotate] Getting chrom coordinates
[09:55:28 - Annotate] Processing chunk with coordinates: Tb927.1.3230:358-2011
[09:55:28 - BAMFile] Creating pool of 16 BAM file sets.
[09:55:28 - Annotate] Processing chunk with coordinates: Tb927.10.13980:38-415
[09:55:28 - BAMFile] Creating pool of 16 BAM file sets.
[09:55:28 - Annotate] Processing chunk with coordinates: Tb927.10.14170:96-896
[09:55:28 - BAMFile] Creating pool of 16 BAM file sets.
[09:55:29 - Annotate] Processing chunk with coordinates: Tb927.10.15300:8-3298
[09:55:29 - BAMFile] Creating pool of 16 BAM file sets.
[09:55:29 - Annotate] Processing chunk with coordinates: Tb927.10.1820:110-735
[09:55:29 - BAMFile] Creating pool of 16 BAM file sets.
[09:55:29 - Annotate] Processing chunk with coordinates: Tb927.10.2810:3-1008
[09:55:29 - BAMFile] Creating pool of 16 BAM file sets.
[09:55:29 - Annotate] Processing chunk with coordinates: Tb927.10.4720:135-1052
[09:55:29 - BAMFile] Creating pool of 16 BAM file sets.
[09:55:29 - Annotate] Processing chunk with coordinates: Tb927.11.1940:326-336
[09:55:29 - BAMFile] Creating pool of 16 BAM file sets.
[09:55:29 - Annotate] Processing chunk with coordinates: Tb927.11.3980:221-1058
[09:55:29 - BAMFile] Creating pool of 16 BAM file sets.
[09:55:29 - Annotate] Processing chunk with coordinates: Tb927.3.4350:212-2180
[09:55:29 - BAMFile] Creating pool of 16 BAM file sets.
[09:55:29 - Annotate] Processing chunk with coordinates: Tb927.4.980:29-57
[09:55:29 - BAMFile] Creating pool of 16 BAM file sets.
[09:55:29 - Annotate] Processing chunk with coordinates: Tb927.5.1220:43-435
[09:55:29 - BAMFile] Creating pool of 16 BAM file sets.
[09:55:29 - Annotate] Processing chunk with coordinates: Tb927.6.1100:38-1215
[09:55:29 - BAMFile] Creating pool of 16 BAM file sets.
[09:55:30 - Annotate] Processing chunk with coordinates: Tb927.6.2630:288-1307
[09:55:30 - BAMFile] Creating pool of 16 BAM file sets.
[09:55:30 - Annotate] Processing chunk with coordinates: Tb927.6.3660:331-715
[09:55:30 - BAMFile] Creating pool of 16 BAM file sets.
[09:55:30 - Annotate] Processing chunk with coordinates: Tb927.6.5000:116-1068
[09:55:30 - BAMFile] Creating pool of 16 BAM file sets.
[09:55:30 - Annotate] Processing chunk with coordinates: Tb927.7.6560:73-641
[09:55:30 - BAMFile] Creating pool of 16 BAM file sets.
[09:55:30 - Annotate] Processing chunk with coordinates: Tb927.8.3480:6-1424
[09:55:30 - BAMFile] Creating pool of 16 BAM file sets.
[09:55:30 - Annotate] Processing chunk with coordinates: Tb927.8.3810:113-606
[09:55:30 - BAMFile] Creating pool of 16 BAM file sets.
[09:55:30 - Annotate] Processing chunk with coordinates: Tb927.9.10660:7-487
[09:55:30 - BAMFile] Creating pool of 16 BAM file sets.
Note: the --sample option not given, applying all records regardless of the genotype
Applied 198 variants
