FastTree Version 2.1.11 Double precision (No SSE3)
Alignment: aligned.fas
Nucleotide distances: Jukes-Cantor Joins: balanced Support: SH-like 1000
Search: Normal +NNI +SPR (2 rounds range 10) +ML-NNI opt-each=1
TopHits: 1.00*sqrtN close=default refresh=0.80
ML Model: Generalized Time-Reversible, CAT approximation with 20 rate categories
Ignored unknown character r (seen 6 times)
Ignored unknown character s (seen 1 times)
Ignored unknown character y (seen 6 times)
Initial topology in 0.00 seconds
Refining topology: 8 rounds ME-NNIs, 2 rounds ME-SPRs, 4 rounds ML-NNIs
Total branch-length 0.008 after 0.02 sec
ML-NNI round 1: LogLk = -36397.244 NNIs 0 max delta 0.00 Time 0.06
      0.11 seconds: Optimizing GTR model, step 3 of 12
      0.23 seconds: Optimizing GTR model, step 6 of 12
      0.35 seconds: Optimizing GTR model, step 10 of 12
GTR Frequencies: 0.2486 0.2306 0.2849 0.2359
GTR rates(ac ag at cg ct gt) 0.7812 4.1627 0.5076 0.8649 4.7416 1.0000
      0.45 seconds: Site likelihoods with rate category 1 of 20
Switched to using 20 rate categories (CAT approximation)
Rate categories were divided by 0.625 so that average rate = 1.0
CAT-based log-likelihoods may not be comparable across runs
ML-NNI round 2: LogLk = -36168.704 NNIs 0 max delta 0.00 Time 0.56
Turning off heuristics for final round of ML NNIs (converged)
      0.56 seconds: ML NNI round 3 of 4, 1 of 2 splits
ML-NNI round 3: LogLk = -36168.704 NNIs 0 max delta 0.00 Time 0.63 (final)
Optimize all lengths: LogLk = -36168.704 Time 0.68
      1.25 seconds: Site likelihoods with rate category 1 of 20
      1.51 seconds: Optimizing alpha round 2
      1.65 seconds: Optimizing alpha round 3
      1.77 seconds: Optimizing alpha round 4
      1.96 seconds: Optimizing alpha round 5
      2.08 seconds: Optimizing alpha round 6
      2.19 seconds: Optimizing alpha round 7
      2.33 seconds: Optimizing alpha round 8
      2.44 seconds: Optimizing alpha round 9
      2.55 seconds: Optimizing alpha round 10
Gamma(20) LogLk = -36209.522 alpha = 0.025 rescaling lengths by 2.173
Total time: 2.69 seconds Unique: 4/4 Bad splits: 0/1
