FastTree Version 2.1.11 Double precision (No SSE3)
Alignment: aligned.fas
Nucleotide distances: Jukes-Cantor Joins: balanced Support: SH-like 1000
Search: Normal +NNI +SPR (2 rounds range 10) +ML-NNI opt-each=1
TopHits: 1.00*sqrtN close=default refresh=0.80
ML Model: Generalized Time-Reversible, CAT approximation with 20 rate categories
Ignored unknown character k (seen 2 times)
Ignored unknown character m (seen 2 times)
Ignored unknown character r (seen 19 times)
Ignored unknown character s (seen 6 times)
Ignored unknown character w (seen 5 times)
Ignored unknown character y (seen 15 times)
Initial topology in 0.00 seconds
Refining topology: 8 rounds ME-NNIs, 2 rounds ME-SPRs, 4 rounds ML-NNIs
Total branch-length 0.008 after 0.02 sec
ML-NNI round 1: LogLk = -36420.977 NNIs 0 max delta 0.00 Time 0.09
      0.12 seconds: Optimizing GTR model, step 2 of 12
      0.23 seconds: Optimizing GTR model, step 4 of 12
      0.34 seconds: Optimizing GTR model, step 8 of 12
GTR Frequencies: 0.2485 0.2307 0.2848 0.2359
GTR rates(ac ag at cg ct gt) 0.8777 4.6832 0.5714 0.9077 5.0912 1.0000
      0.47 seconds: ML Lengths 1 of 2 splits
      0.57 seconds: Site likelihoods with rate category 19 of 20
Switched to using 20 rate categories (CAT approximation)
Rate categories were divided by 0.625 so that average rate = 1.0
CAT-based log-likelihoods may not be comparable across runs
ML-NNI round 2: LogLk = -36199.819 NNIs 0 max delta 0.00 Time 0.59
Turning off heuristics for final round of ML NNIs (converged)
ML-NNI round 3: LogLk = -36199.819 NNIs 0 max delta 0.00 Time 0.68 (final)
      0.68 seconds: ML Lengths 1 of 2 splits
Optimize all lengths: LogLk = -36199.819 Time 0.72
      1.27 seconds: Site likelihoods with rate category 1 of 20
      1.54 seconds: Optimizing alpha round 2
      1.64 seconds: Optimizing alpha round 3
      1.76 seconds: Optimizing alpha round 4
      1.89 seconds: Optimizing alpha round 5
      2.00 seconds: Optimizing alpha round 6
      2.14 seconds: Optimizing alpha round 7
      2.26 seconds: Optimizing alpha round 8
      2.36 seconds: Optimizing alpha round 9
      2.47 seconds: Optimizing alpha round 10
Gamma(20) LogLk = -36256.468 alpha = 0.057 rescaling lengths by 1.212
Total time: 2.59 seconds Unique: 4/4 Bad splits: 0/1
