FastTree Version 2.1.11 Double precision (No SSE3)
Alignment: aligned.fas
Nucleotide distances: Jukes-Cantor Joins: balanced Support: SH-like 1000
Search: Normal +NNI +SPR (2 rounds range 10) +ML-NNI opt-each=1
TopHits: 1.00*sqrtN close=default refresh=0.80
ML Model: Generalized Time-Reversible, CAT approximation with 20 rate categories
Ignored unknown character k (seen 2 times)
Ignored unknown character m (seen 1 times)
Ignored unknown character r (seen 1 times)
Ignored unknown character y (seen 7 times)
Initial topology in 0.00 seconds
Refining topology: 8 rounds ME-NNIs, 2 rounds ME-SPRs, 4 rounds ML-NNIs
Total branch-length 0.008 after 0.03 sec
ML-NNI round 1: LogLk = -36515.607 NNIs 0 max delta 0.00 Time 0.09
      0.14 seconds: Optimizing GTR model, step 2 of 12
      0.28 seconds: Optimizing GTR model, step 5 of 12
      0.40 seconds: Optimizing GTR model, step 10 of 12
GTR Frequencies: 0.2486 0.2307 0.2848 0.2358
GTR rates(ac ag at cg ct gt) 0.9300 5.3894 0.6124 0.8304 6.0156 1.0000
      0.50 seconds: Site likelihoods with rate category 3 of 20
Switched to using 20 rate categories (CAT approximation)
Rate categories were divided by 0.625 so that average rate = 1.0
CAT-based log-likelihoods may not be comparable across runs
ML-NNI round 2: LogLk = -36276.523 NNIs 0 max delta 0.00 Time 0.58
Turning off heuristics for final round of ML NNIs (converged)
ML-NNI round 3: LogLk = -36276.523 NNIs 0 max delta 0.00 Time 0.67 (final)
      0.66 seconds: ML Lengths 1 of 2 splits
Optimize all lengths: LogLk = -36276.523 Time 0.71
      1.34 seconds: Site likelihoods with rate category 1 of 20
      1.63 seconds: Optimizing alpha round 2
      1.74 seconds: Optimizing alpha round 3
      1.87 seconds: Optimizing alpha round 4
      1.97 seconds: Optimizing alpha round 5
      2.09 seconds: Optimizing alpha round 6
      2.20 seconds: Optimizing alpha round 7
      2.35 seconds: Optimizing alpha round 8
      2.47 seconds: Optimizing alpha round 9
Gamma(20) LogLk = -36332.504 alpha = 0.043 rescaling lengths by 1.395
Total time: 2.68 seconds Unique: 4/4 Bad splits: 0/1
