FastTree Version 2.1.11 Double precision (No SSE3)
Alignment: aligned.fas
Nucleotide distances: Jukes-Cantor Joins: balanced Support: SH-like 1000
Search: Normal +NNI +SPR (2 rounds range 10) +ML-NNI opt-each=1
TopHits: 1.00*sqrtN close=default refresh=0.80
ML Model: Generalized Time-Reversible, CAT approximation with 20 rate categories
Ignored unknown character k (seen 5 times)
Ignored unknown character m (seen 3 times)
Ignored unknown character r (seen 27 times)
Ignored unknown character s (seen 3 times)
Ignored unknown character w (seen 3 times)
Ignored unknown character y (seen 28 times)
Initial topology in 0.00 seconds
Refining topology: 8 rounds ME-NNIs, 2 rounds ME-SPRs, 4 rounds ML-NNIs
Total branch-length 0.008 after 0.03 sec
ML-NNI round 1: LogLk = -36331.388 NNIs 0 max delta 0.00 Time 0.11
      0.10 seconds: Optimizing GTR model, step 1 of 12
      0.25 seconds: Optimizing GTR model, step 4 of 12
      0.40 seconds: Optimizing GTR model, step 7 of 12
      0.52 seconds: Optimizing GTR model, step 11 of 12
GTR Frequencies: 0.2486 0.2307 0.2848 0.2359
GTR rates(ac ag at cg ct gt) 0.9161 5.1622 0.6563 0.8913 5.8274 1.0000
      0.62 seconds: Site likelihoods with rate category 2 of 20
Switched to using 20 rate categories (CAT approximation)
Rate categories were divided by 0.625 so that average rate = 1.0
CAT-based log-likelihoods may not be comparable across runs
ML-NNI round 2: LogLk = -36110.597 NNIs 0 max delta 0.00 Time 0.70
Turning off heuristics for final round of ML NNIs (converged)
ML-NNI round 3: LogLk = -36110.596 NNIs 0 max delta 0.00 Time 0.79 (final)
      0.79 seconds: ML Lengths 1 of 2 splits
Optimize all lengths: LogLk = -36110.596 Time 0.82
      1.42 seconds: Site likelihoods with rate category 1 of 20
      1.72 seconds: Optimizing alpha round 2
      1.92 seconds: Optimizing alpha round 3
      2.15 seconds: Optimizing alpha round 5
      2.30 seconds: Optimizing alpha round 6
      2.65 seconds: Optimizing alpha round 8
      2.75 seconds: Optimizing alpha round 9
      2.87 seconds: Optimizing alpha round 10
Gamma(20) LogLk = -36164.732 alpha = 0.054 rescaling lengths by 1.242
Total time: 2.99 seconds Unique: 4/4 Bad splits: 0/1
