[13:10:49 - MdlStrTF] Successfully removed temporary files from /var/folders/vs/4d0w8drx4zdg1jl70nymtyt00000gn/T/tmp45zbdsc5.
[13:10:49 - MdlStrTF] Successfully removed temporary files from /var/folders/vs/4d0w8drx4zdg1jl70nymtyt00000gn/T/tmpj_ocrr7d.
Using the existing fai index file /Volumes/Seagate/monotrac/nextflow/References/targets.fasta.fai
Using the existing mmi index file /Volumes/Seagate/monotrac/nextflow/References/targets.fasta.map-ont.mmi
[M::main::0.092*0.20] loaded/built the index for 20 target sequence(s)
[M::mm_mapopt_update::0.092*0.21] mid_occ = 2
[M::mm_idx_stat] kmer size: 15; skip: 10; is_hpc: 0; #seq: 20
[M::mm_idx_stat::0.093*0.21] distinct minimizers: 4818 (100.00% are singletons); average occurrences: 1.000; average spacing: 5.410
[M::worker_pipeline::2.735*0.68] mapped 15532 sequences
[M::main] Version: 2.11-r797
[M::main] CMD: minimap2 -x map-ont --secondary=no -L --MD -A 2 -B 4 -O 4,24 -E 2,1 -t 1 -a /Volumes/Seagate/monotrac/nextflow/References/targets.fasta.map-ont.mmi /Volumes/Seagate/monotrac/nextflow/Raw_reads/ERR9695747.fq.gz
[M::main] Real time: 2.737 sec; CPU: 1.859 sec
[13:10:56 - Predict] Setting tensorflow inter/intra-op threads to 1/1.
[13:10:56 - Predict] Processing region(s): Tb927.1.3230:0-2148 Tb927.10.13980:0-627 Tb927.10.14170:0-939 Tb927.10.15300:0-3465 Tb927.10.1820:0-795 Tb927.10.2810:0-1017 Tb927.10.4720:0-1083 Tb927.11.1940:0-1395 Tb927.11.3980:0-1557 Tb927.3.4350:0-2325 Tb927.4.980:0-1119 Tb927.5.1220:0-567 Tb927.6.1100:0-1479 Tb927.6.2630:0-1320 Tb927.6.3660:0-831 Tb927.6.5000:0-1185 Tb927.7.6560:0-684 Tb927.8.3480:0-1827 Tb927.8.3810:0-1173 Tb927.9.10660:0-528
[13:10:56 - Predict] Using model: /opt/anaconda3/envs/medaka/lib/python3.8/site-packages/medaka/data/r1041_e82_400bps_sup_v5.0.0_model.tar.gz.
[13:10:56 - Predict] Using minimum mapQ threshold of 1 for read filtering.
[13:10:56 - BAMFile] Creating pool of 16 BAM file sets.
[13:10:56 - Predict] Processing 20 short region(s).
[13:10:57 - MdlStrTF] Model <keras.src.engine.sequential.Sequential object at 0x7f8f01c53f70>
[13:10:57 - MdlStrTF] loading weights from /var/folders/vs/4d0w8drx4zdg1jl70nymtyt00000gn/T/tmpw_f2_kk2/model/variables/variables (using expect partial)
[13:10:57 - Sampler] Initializing sampler for consensus of region Tb927.1.3230:0-2148.
[13:10:57 - Sampler] Initializing sampler for consensus of region Tb927.10.13980:0-627.
[13:10:57 - PWorker] Running inference for 0.0M draft bases.
[13:10:57 - Feature] Processed Tb927.10.13980:0.0-626.0 (median depth 125.0)
[13:10:57 - Sampler] Took 0.11s to make features.
[13:10:57 - Sampler] Initializing sampler for consensus of region Tb927.10.14170:0-939.
[13:10:57 - Feature] Pileup counts do not span requested region, requested Tb927.1.3230:0-2148, received 0-2146.
[13:10:57 - Feature] Processed Tb927.1.3230:0.0-2146.0 (median depth 134.0)
[13:10:57 - Sampler] Took 0.16s to make features.
[13:10:57 - Sampler] Initializing sampler for consensus of region Tb927.10.15300:0-3465.
[13:10:57 - Feature] Processed Tb927.10.14170:0.0-938.0 (median depth 248.0)
[13:10:57 - Sampler] Took 0.09s to make features.
[13:10:57 - Sampler] Initializing sampler for consensus of region Tb927.10.1820:0-795.
[13:10:57 - Feature] Processed Tb927.10.1820:0.0-794.0 (median depth 143.0)
[13:10:57 - Sampler] Took 0.08s to make features.
[13:10:57 - Sampler] Initializing sampler for consensus of region Tb927.10.2810:0-1017.
[13:10:57 - Feature] Processed Tb927.10.15300:0.0-3464.0 (median depth 124.0)
[13:10:57 - Sampler] Took 0.13s to make features.
[13:10:57 - Sampler] Initializing sampler for consensus of region Tb927.10.4720:0-1083.
[13:10:57 - Feature] Processed Tb927.10.2810:0.0-1016.0 (median depth 138.0)
[13:10:57 - Sampler] Took 0.11s to make features.
[13:10:57 - Sampler] Initializing sampler for consensus of region Tb927.11.1940:0-1395.
[13:10:57 - Feature] Processed Tb927.10.4720:0.0-1082.0 (median depth 118.0)
[13:10:57 - Sampler] Took 0.09s to make features.
[13:10:57 - Sampler] Initializing sampler for consensus of region Tb927.11.3980:0-1557.
[13:10:57 - Feature] Processed Tb927.11.1940:0.0-1394.0 (median depth 135.0)
[13:10:57 - Sampler] Took 0.07s to make features.
[13:10:57 - Sampler] Initializing sampler for consensus of region Tb927.3.4350:0-2325.
[13:10:57 - Feature] Processed Tb927.11.3980:0.0-1556.0 (median depth 118.0)
[13:10:57 - Sampler] Took 0.08s to make features.
[13:10:57 - Sampler] Initializing sampler for consensus of region Tb927.4.980:0-1119.
[13:10:57 - Feature] Processed Tb927.3.4350:0.0-2324.0 (median depth 131.0)
[13:10:57 - Sampler] Took 0.15s to make features.
[13:10:57 - Sampler] Initializing sampler for consensus of region Tb927.5.1220:0-567.
[13:10:57 - Feature] Processed Tb927.4.980:0.0-1118.0 (median depth 137.0)
[13:10:57 - Sampler] Took 0.12s to make features.
[13:10:57 - Sampler] Initializing sampler for consensus of region Tb927.6.1100:0-1479.
[13:10:57 - Feature] Processed Tb927.5.1220:0.0-566.0 (median depth 164.0)
[13:10:57 - Sampler] Took 0.01s to make features.
[13:10:57 - Sampler] Initializing sampler for consensus of region Tb927.6.2630:0-1320.
[13:10:57 - Feature] Processed Tb927.6.1100:0.0-1478.0 (median depth 122.0)
[13:10:57 - Sampler] Took 0.01s to make features.
[13:10:57 - Sampler] Initializing sampler for consensus of region Tb927.6.3660:0-831.
[13:10:57 - Feature] Processed Tb927.6.3660:0.0-830.0 (median depth 139.0)
[13:10:57 - Sampler] Took 0.01s to make features.
[13:10:57 - Sampler] Initializing sampler for consensus of region Tb927.6.5000:0-1185.
[13:10:57 - Feature] Processed Tb927.6.2630:0.0-1319.0 (median depth 146.0)
[13:10:57 - Sampler] Took 0.01s to make features.
[13:10:57 - Sampler] Initializing sampler for consensus of region Tb927.7.6560:0-684.
[13:10:57 - Feature] Processed Tb927.6.5000:0.0-1184.0 (median depth 102.0)
[13:10:57 - Sampler] Took 0.01s to make features.
[13:10:57 - Sampler] Initializing sampler for consensus of region Tb927.8.3480:0-1827.
[13:10:57 - Feature] Processed Tb927.7.6560:0.0-683.0 (median depth 158.0)
[13:10:57 - Sampler] Took 0.01s to make features.
[13:10:57 - Sampler] Initializing sampler for consensus of region Tb927.8.3810:0-1173.
[13:10:57 - Feature] Processed Tb927.8.3810:0.0-1172.0 (median depth 123.0)
[13:10:57 - Sampler] Took 0.01s to make features.
[13:10:57 - Sampler] Initializing sampler for consensus of region Tb927.9.10660:0-528.
[13:10:57 - Feature] Processed Tb927.8.3480:0.0-1826.0 (median depth 162.0)
[13:10:57 - Sampler] Took 0.01s to make features.
[13:10:57 - Feature] Processed Tb927.9.10660:0.0-527.0 (median depth 138.0)
[13:10:57 - Sampler] Took 0.01s to make features.
[13:11:16 - PWorker] Batches in cache: 8.
[13:11:16 - PWorker] 7.0% Done (0.0/0.0 Mbases) in 18.7s
[13:11:24 - PWorker] Batches in cache: 8.
[13:11:29 - PWorker] Batches in cache: 8.
[13:11:29 - PWorker] 10.5% Done (0.0/0.0 Mbases) in 32.0s
[13:11:52 - PWorker] Batches in cache: 8.
[13:11:52 - PWorker] 21.9% Done (0.0/0.0 Mbases) in 54.8s
[13:11:59 - PWorker] Batches in cache: 8.
[13:12:06 - PWorker] Batches in cache: 8.
[13:12:06 - PWorker] 26.5% Done (0.0/0.0 Mbases) in 69.6s
[13:12:18 - PWorker] Batches in cache: 8.
[13:12:18 - PWorker] 30.0% Done (0.0/0.0 Mbases) in 81.1s
[13:12:30 - PWorker] Batches in cache: 8.
[13:12:30 - PWorker] 34.1% Done (0.0/0.0 Mbases) in 93.2s
[13:12:45 - PWorker] Batches in cache: 8.
[13:12:45 - PWorker] 41.2% Done (0.0/0.0 Mbases) in 108.0s
[13:12:52 - PWorker] Batches in cache: 8.
[13:12:56 - PWorker] 44.1% Done (0.0/0.0 Mbases) in 118.9s
[13:13:05 - PWorker] Batches in cache: 8.
[13:13:10 - PWorker] Batches in cache: 7.
[13:13:10 - PWorker] 49.4% Done (0.0/0.0 Mbases) in 133.0s
[13:13:19 - PWorker] Batches in cache: 6.
[13:13:26 - PWorker] Batches in cache: 5.
[13:13:26 - PWorker] 55.3% Done (0.0/0.0 Mbases) in 148.7s
[13:13:38 - PWorker] Batches in cache: 3.
[13:13:38 - PWorker] 59.1% Done (0.0/0.0 Mbases) in 161.0s
[13:13:50 - PWorker] Batches in cache: 2.
[13:13:50 - PWorker] 64.3% Done (0.0/0.0 Mbases) in 173.4s
[13:13:54 - PWorker] Processed 20 batches
[13:13:54 - PWorker] All done, 0 remainder regions.
[13:13:54 - Predict] Finished processing all regions.
[13:13:54 - MdlStrTF] Successfully removed temporary files from /var/folders/vs/4d0w8drx4zdg1jl70nymtyt00000gn/T/tmpw_f2_kk2.
[13:13:55 - DataIndx] Loaded 1/1 (100.00%) sample files.
[13:13:56 - Stitcher] Stitching Tb927.5.1220:0-567
[13:13:56 - Stitcher] Stitching Tb927.6.5000:0-1185
[13:13:56 - Stitcher] Stitching Tb927.10.1820:0-795
[13:13:56 - Stitcher] Stitching Tb927.8.3480:0-1827
[13:13:56 - Stitcher] Stitching Tb927.11.1940:0-1395
[13:13:56 - Stitcher] Stitching Tb927.3.4350:0-2325
[13:13:56 - Stitcher] Stitching Tb927.4.980:0-1119
[13:13:56 - Stitcher] Stitching Tb927.11.3980:0-1557
[13:13:56 - Stitcher] Stitching Tb927.8.3810:0-1173
[13:13:56 - Stitcher] Stitching Tb927.1.3230:0-2148
[13:13:56 - Stitcher] Stitching Tb927.10.15300:0-3465
[13:13:56 - Stitcher] Stitching Tb927.7.6560:0-684
[13:13:56 - Stitcher] Stitching Tb927.10.14170:0-939
[13:13:56 - Stitcher] Stitching Tb927.10.13980:0-627
[13:13:56 - Stitcher] Stitching Tb927.6.1100:0-1479
[13:13:56 - Stitcher] Stitching Tb927.6.3660:0-831
[13:13:56 - Stitcher] Stitching Tb927.10.4720:0-1083
[13:13:56 - Stitcher] Stitching Tb927.6.2630:0-1320
[13:13:56 - Stitcher] Stitching Tb927.9.10660:0-528
[13:13:56 - Stitcher] Stitching Tb927.10.2810:0-1017
[13:13:57 - DataIndx] Loaded 1/1 (100.00%) sample files.
[13:13:57 - Variants] Processing Tb927.1.3230:0-.
[13:13:57 - Variants] Processing Tb927.10.13980:0-.
[13:13:57 - Variants] Processing Tb927.10.14170:0-.
[13:13:57 - Variants] Processing Tb927.10.15300:0-.
[13:13:57 - Variants] Processing Tb927.10.1820:0-.
[13:13:57 - Variants] Processing Tb927.10.2810:0-.
[13:13:57 - Variants] Processing Tb927.10.4720:0-.
[13:13:57 - Variants] Processing Tb927.11.1940:0-.
[13:13:57 - Variants] Processing Tb927.11.3980:0-.
[13:13:57 - Variants] Processing Tb927.3.4350:0-.
[13:13:57 - Variants] Processing Tb927.4.980:0-.
[13:13:57 - Variants] Processing Tb927.5.1220:0-.
[13:13:57 - Variants] Processing Tb927.6.1100:0-.
[13:13:57 - Variants] Processing Tb927.6.2630:0-.
[13:13:57 - Variants] Processing Tb927.6.3660:0-.
[13:13:57 - Variants] Processing Tb927.6.5000:0-.
[13:13:57 - Variants] Processing Tb927.7.6560:0-.
[13:13:57 - Variants] Processing Tb927.8.3480:0-.
[13:13:57 - Variants] Processing Tb927.8.3810:0-.
[13:13:57 - Variants] Processing Tb927.9.10660:0-.
[13:13:57 - Annotate] Getting chrom coordinates
[13:13:57 - Annotate] Processing chunk with coordinates: Tb927.1.3230:358-2011
[13:13:57 - BAMFile] Creating pool of 16 BAM file sets.
[13:13:57 - Annotate] Processing chunk with coordinates: Tb927.10.13980:38-415
[13:13:57 - BAMFile] Creating pool of 16 BAM file sets.
[13:13:57 - Annotate] Processing chunk with coordinates: Tb927.10.14170:96-896
[13:13:57 - BAMFile] Creating pool of 16 BAM file sets.
[13:13:58 - Annotate] Processing chunk with coordinates: Tb927.10.15300:8-3298
[13:13:58 - BAMFile] Creating pool of 16 BAM file sets.
[13:13:58 - Annotate] Processing chunk with coordinates: Tb927.10.1820:110-735
[13:13:58 - BAMFile] Creating pool of 16 BAM file sets.
[13:13:58 - Annotate] Processing chunk with coordinates: Tb927.10.2810:3-1008
[13:13:58 - BAMFile] Creating pool of 16 BAM file sets.
[13:13:58 - Annotate] Processing chunk with coordinates: Tb927.10.4720:135-1052
[13:13:58 - BAMFile] Creating pool of 16 BAM file sets.
[13:13:58 - Annotate] Processing chunk with coordinates: Tb927.11.1940:326-336
[13:13:58 - BAMFile] Creating pool of 16 BAM file sets.
[13:13:59 - Annotate] Processing chunk with coordinates: Tb927.11.3980:221-1058
[13:13:59 - BAMFile] Creating pool of 16 BAM file sets.
[13:13:59 - Annotate] Processing chunk with coordinates: Tb927.3.4350:212-2180
[13:13:59 - BAMFile] Creating pool of 16 BAM file sets.
[13:13:59 - Annotate] Processing chunk with coordinates: Tb927.4.980:29-57
[13:13:59 - BAMFile] Creating pool of 16 BAM file sets.
[13:13:59 - Annotate] Processing chunk with coordinates: Tb927.5.1220:43-435
[13:13:59 - BAMFile] Creating pool of 16 BAM file sets.
[13:13:59 - Annotate] Processing chunk with coordinates: Tb927.6.1100:38-1215
[13:13:59 - BAMFile] Creating pool of 16 BAM file sets.
[13:13:59 - Annotate] Processing chunk with coordinates: Tb927.6.2630:288-1307
[13:13:59 - BAMFile] Creating pool of 16 BAM file sets.
[13:13:59 - Annotate] Processing chunk with coordinates: Tb927.6.3660:331-715
[13:13:59 - BAMFile] Creating pool of 16 BAM file sets.
[13:13:59 - Annotate] Processing chunk with coordinates: Tb927.6.5000:116-1068
[13:13:59 - BAMFile] Creating pool of 16 BAM file sets.
[13:13:59 - Annotate] Processing chunk with coordinates: Tb927.7.6560:73-641
[13:13:59 - BAMFile] Creating pool of 16 BAM file sets.
[13:13:59 - Annotate] Processing chunk with coordinates: Tb927.8.3480:6-1424
[13:13:59 - BAMFile] Creating pool of 16 BAM file sets.
[13:13:59 - Annotate] Processing chunk with coordinates: Tb927.8.3810:113-606
[13:13:59 - BAMFile] Creating pool of 16 BAM file sets.
[13:13:59 - Annotate] Processing chunk with coordinates: Tb927.9.10660:7-487
[13:13:59 - BAMFile] Creating pool of 16 BAM file sets.
Note: the --sample option not given, applying all records regardless of the genotype
Applied 198 variants
