[15:00:24 - MdlStrTF] Successfully removed temporary files from /var/folders/vs/4d0w8drx4zdg1jl70nymtyt00000gn/T/tmp5jn9pd0f.
[15:00:25 - MdlStrTF] Successfully removed temporary files from /var/folders/vs/4d0w8drx4zdg1jl70nymtyt00000gn/T/tmplfbcctdc.
Using the existing fai index file /Volumes/Seagate/monotrac/nextflow/References/targets.fasta.fai
Using the existing mmi index file /Volumes/Seagate/monotrac/nextflow/References/targets.fasta.map-ont.mmi
[M::main::0.025*0.71] loaded/built the index for 20 target sequence(s)
[M::mm_mapopt_update::0.026*0.72] mid_occ = 2
[M::mm_idx_stat] kmer size: 15; skip: 10; is_hpc: 0; #seq: 20
[M::mm_idx_stat::0.026*0.72] distinct minimizers: 4818 (100.00% are singletons); average occurrences: 1.000; average spacing: 5.410
[M::worker_pipeline::0.259*0.81] mapped 1313 sequences
[M::main] Version: 2.11-r797
[M::main] CMD: minimap2 -x map-ont --secondary=no -L --MD -A 2 -B 4 -O 4,24 -E 2,1 -t 1 -a /Volumes/Seagate/monotrac/nextflow/References/targets.fasta.map-ont.mmi /Volumes/Seagate/monotrac/nextflow/Raw_reads/barcode2.fq.gz
[M::main] Real time: 0.261 sec; CPU: 0.211 sec
[15:00:31 - Predict] Setting tensorflow inter/intra-op threads to 1/1.
[15:00:31 - Predict] Processing region(s): Tb927.1.3230:0-2148 Tb927.10.13980:0-627 Tb927.10.14170:0-939 Tb927.10.15300:0-3465 Tb927.10.1820:0-795 Tb927.10.2810:0-1017 Tb927.10.4720:0-1083 Tb927.11.1940:0-1395 Tb927.11.3980:0-1557 Tb927.3.4350:0-2325 Tb927.4.980:0-1119 Tb927.5.1220:0-567 Tb927.6.1100:0-1479 Tb927.6.2630:0-1320 Tb927.6.3660:0-831 Tb927.6.5000:0-1185 Tb927.7.6560:0-684 Tb927.8.3480:0-1827 Tb927.8.3810:0-1173 Tb927.9.10660:0-528
[15:00:31 - Predict] Using model: /opt/anaconda3/envs/medaka/lib/python3.8/site-packages/medaka/data/r1041_e82_400bps_sup_v5.0.0_model.tar.gz.
[15:00:31 - Predict] Using minimum mapQ threshold of 1 for read filtering.
[15:00:31 - BAMFile] Creating pool of 16 BAM file sets.
[15:00:31 - Predict] Processing 20 short region(s).
[15:00:32 - MdlStrTF] Model <keras.src.engine.sequential.Sequential object at 0x7fc659c7cf70>
[15:00:32 - MdlStrTF] loading weights from /var/folders/vs/4d0w8drx4zdg1jl70nymtyt00000gn/T/tmp6avvc4x2/model/variables/variables (using expect partial)
[15:00:32 - Sampler] Initializing sampler for consensus of region Tb927.1.3230:0-2148.
[15:00:32 - Sampler] Initializing sampler for consensus of region Tb927.10.13980:0-627.
[15:00:32 - PWorker] Running inference for 0.0M draft bases.
[15:00:32 - Feature] Pileup counts do not span requested region, requested Tb927.10.13980:0-627, received 0-582.
[15:00:33 - Feature] Pileup counts do not span requested region, requested Tb927.1.3230:0-2148, received 34-2146.
[15:00:33 - Feature] Processed Tb927.10.13980:0.0-582.0 (median depth 2.0)
[15:00:33 - Sampler] Took 0.12s to make features.
[15:00:33 - Sampler] Initializing sampler for consensus of region Tb927.10.14170:0-939.
[15:00:33 - Feature] Processed Tb927.1.3230:34.0-2146.0 (median depth 1.0)
[15:00:33 - Sampler] Took 0.16s to make features.
[15:00:33 - Sampler] Initializing sampler for consensus of region Tb927.10.15300:0-3465.
[15:00:33 - Feature] Processed Tb927.10.14170:0.0-938.0 (median depth 3.0)
[15:00:33 - Sampler] Took 0.06s to make features.
[15:00:33 - Sampler] Initializing sampler for consensus of region Tb927.10.1820:0-795.
[15:00:33 - Feature] Processed Tb927.10.15300:0.0-3464.0 (median depth 5.0)
[15:00:33 - Sampler] Took 0.07s to make features.
[15:00:33 - Sampler] Initializing sampler for consensus of region Tb927.10.2810:0-1017.
[15:00:33 - Feature] Processed Tb927.10.1820:0.0-794.0 (median depth 17.0)
[15:00:33 - Sampler] Took 0.05s to make features.
[15:00:33 - Sampler] Initializing sampler for consensus of region Tb927.10.4720:0-1083.
[15:00:33 - Feature] Processed Tb927.10.2810:0.0-1016.0 (median depth 9.0)
[15:00:33 - Sampler] Took 0.08s to make features.
[15:00:33 - Sampler] Initializing sampler for consensus of region Tb927.11.1940:0-1395.
[15:00:33 - Feature] Processed Tb927.10.4720:0.0-1082.0 (median depth 4.0)
[15:00:33 - Sampler] Took 0.09s to make features.
[15:00:33 - Sampler] Initializing sampler for consensus of region Tb927.11.3980:0-1557.
[15:00:33 - Feature] Pileup counts do not span requested region, requested Tb927.11.3980:0-1557, received 1020-1539.
[15:00:33 - Feature] Processed Tb927.11.3980:1020.0-1539.0 (median depth 1.0)
[15:00:33 - Sampler] Took 0.07s to make features.
[15:00:33 - Sampler] Initializing sampler for consensus of region Tb927.3.4350:0-2325.
[15:00:33 - Feature] Processed Tb927.11.1940:0.0-1394.0 (median depth 163.0)
[15:00:33 - Sampler] Took 0.18s to make features.
[15:00:33 - Sampler] Initializing sampler for consensus of region Tb927.4.980:0-1119.
[15:00:33 - Feature] Processed Tb927.3.4350:0.0-2324.0 (median depth 62.0)
[15:00:33 - Sampler] Took 0.11s to make features.
[15:00:33 - Sampler] Initializing sampler for consensus of region Tb927.5.1220:0-567.
[15:00:33 - Sampler] Took 0.00s to make features.
[15:00:33 - Sampler] Initializing sampler for consensus of region Tb927.6.1100:0-1479.
[15:00:33 - Sampler] Took 0.00s to make features.
[15:00:33 - Sampler] Initializing sampler for consensus of region Tb927.6.2630:0-1320.
[15:00:33 - Feature] Processed Tb927.4.980:0.0-1118.0 (median depth 8.0)
[15:00:33 - Sampler] Took 0.02s to make features.
[15:00:33 - Sampler] Initializing sampler for consensus of region Tb927.6.3660:0-831.
[15:00:33 - Sampler] Took 0.00s to make features.
[15:00:33 - Sampler] Initializing sampler for consensus of region Tb927.6.5000:0-1185.
[15:00:33 - Feature] Processed Tb927.6.2630:0.0-1319.0 (median depth 3.0)
[15:00:33 - Sampler] Took 0.00s to make features.
[15:00:33 - Sampler] Initializing sampler for consensus of region Tb927.7.6560:0-684.
[15:00:33 - Feature] Processed Tb927.6.5000:0.0-1184.0 (median depth 11.0)
[15:00:33 - Sampler] Took 0.00s to make features.
[15:00:33 - Sampler] Initializing sampler for consensus of region Tb927.8.3480:0-1827.
[15:00:33 - Feature] Processed Tb927.7.6560:0.0-683.0 (median depth 3.0)
[15:00:33 - Sampler] Took 0.00s to make features.
[15:00:33 - Sampler] Initializing sampler for consensus of region Tb927.8.3810:0-1173.
[15:00:33 - Sampler] Took 0.00s to make features.
[15:00:33 - Sampler] Initializing sampler for consensus of region Tb927.9.10660:0-528.
[15:00:33 - Feature] Pileup counts do not span requested region, requested Tb927.8.3480:0-1827, received 0-659.
[15:00:33 - Feature] Processed Tb927.9.10660:0.0-527.0 (median depth 5.0)
[15:00:33 - Sampler] Took 0.00s to make features.
[15:00:33 - Feature] Processed Tb927.8.3480:0.0-659.0 (median depth 2.0)
[15:00:33 - Feature] Pileup counts do not span requested region, requested Tb927.8.3480:0-1827, received 992-1822.
[15:00:33 - Feature] Processed Tb927.8.3480:992.0-1822.0 (median depth 2.0)
[15:00:33 - Sampler] Took 0.00s to make features.
[15:00:42 - PWorker] Batches in cache: 8.
[15:00:45 - PWorker] 10.1% Done (0.0/0.0 Mbases) in 12.6s
[15:00:57 - PWorker] Batches in cache: 8.
[15:00:57 - PWorker] 19.9% Done (0.0/0.0 Mbases) in 24.4s
[15:01:03 - PWorker] Batches in cache: 8.
[15:01:07 - PWorker] 23.7% Done (0.0/0.0 Mbases) in 34.8s
[15:01:09 - PWorker] Batches in cache: 8.
[15:01:18 - PWorker] Batches in cache: 8.
[15:01:18 - PWorker] 28.9% Done (0.0/0.0 Mbases) in 45.7s
[15:01:29 - PWorker] Batches in cache: 8.
[15:01:29 - PWorker] 35.2% Done (0.0/0.0 Mbases) in 56.8s
[15:01:38 - PWorker] Batches in cache: 6.
[15:01:42 - PWorker] 38.4% Done (0.0/0.0 Mbases) in 69.6s
[15:01:44 - PWorker] Batches in cache: 4.
[15:01:52 - PWorker] Batches in cache: 1.
[15:01:52 - PWorker] Processed 17 batches
[15:01:52 - PWorker] All done, 0 remainder regions.
[15:01:52 - Predict] Finished processing all regions.
[15:01:52 - MdlStrTF] Successfully removed temporary files from /var/folders/vs/4d0w8drx4zdg1jl70nymtyt00000gn/T/tmp6avvc4x2.
[15:01:55 - DataIndx] Loaded 1/1 (100.00%) sample files.
[15:01:55 - Stitcher] Stitching Tb927.10.14170:0-939
[15:01:55 - Stitcher] Stitching Tb927.10.1820:0-795
[15:01:55 - Stitcher] Stitching Tb927.10.13980:0-627
[15:01:55 - Stitcher] Stitching Tb927.6.5000:0-1185
[15:01:55 - Stitcher] Stitching Tb927.10.2810:0-1017
[15:01:55 - Stitcher] Stitching Tb927.9.10660:0-528
[15:01:55 - Stitcher] Stitching Tb927.10.4720:0-1083
[15:01:55 - Stitcher] Stitching Tb927.4.980:0-1119
[15:01:55 - Stitcher] Stitching Tb927.6.2630:0-1320
[15:01:55 - Stitcher] Stitching Tb927.1.3230:0-2148
[15:01:55 - Stitcher] Stitching Tb927.10.15300:0-3465
[15:01:55 - Stitcher] Stitching Tb927.11.1940:0-1395
[15:01:56 - Stitcher] Stitching Tb927.7.6560:0-684
[15:01:56 - Stitcher] Stitching Tb927.3.4350:0-2325
[15:01:56 - Stitcher] Stitching Tb927.8.3480:0-1827
[15:01:56 - TrimOlap] Tb927.8.3480:0.0-659.0 and Tb927.8.3480:992.0-1822.0 cannot be concatenated as there is no overlap and they do not abut.
[15:01:56 - Stitcher] Stitching Tb927.11.3980:0-1557
[15:01:56 - Stitcher] Copying contig 'Tb927.5.1220' verbatim from input.
[15:01:56 - Stitcher] Copying contig 'Tb927.6.3660' verbatim from input.
[15:01:56 - Stitcher] Copying contig 'Tb927.6.1100' verbatim from input.
[15:01:56 - Stitcher] Copying contig 'Tb927.8.3810' verbatim from input.
[15:01:58 - DataIndx] Loaded 1/1 (100.00%) sample files.
[15:01:58 - Variants] Processing Tb927.1.3230:0-.
[15:01:58 - Variants] Processing Tb927.10.13980:0-.
[15:01:58 - Variants] Processing Tb927.10.14170:0-.
[15:01:58 - Variants] Processing Tb927.10.15300:0-.
[15:01:58 - Variants] Processing Tb927.10.1820:0-.
[15:01:58 - Variants] Processing Tb927.10.2810:0-.
[15:01:58 - Variants] Processing Tb927.10.4720:0-.
[15:01:58 - Variants] Processing Tb927.11.1940:0-.
[15:01:58 - Variants] Processing Tb927.11.3980:0-.
[15:01:58 - Variants] Processing Tb927.3.4350:0-.
[15:01:58 - Variants] Processing Tb927.4.980:0-.
[15:01:58 - Variants] Processing Tb927.6.2630:0-.
[15:01:58 - Variants] Processing Tb927.6.5000:0-.
[15:01:58 - Variants] Processing Tb927.7.6560:0-.
[15:01:58 - Variants] Processing Tb927.8.3480:0-.
[15:01:58 - TrimOlap] Tb927.8.3480:0.0-659.0 and Tb927.8.3480:992.0-1822.0 cannot be concatenated as there is no overlap and they do not abut.
[15:01:58 - Variants] Processing Tb927.9.10660:0-.
[15:01:59 - Annotate] Getting chrom coordinates
[15:01:59 - Annotate] Processing chunk with coordinates: Tb927.1.3230:40-2123
[15:01:59 - BAMFile] Creating pool of 16 BAM file sets.
[15:01:59 - Annotate] Processing chunk with coordinates: Tb927.10.13980:38-571
[15:01:59 - BAMFile] Creating pool of 16 BAM file sets.
[15:01:59 - Annotate] Processing chunk with coordinates: Tb927.10.14170:90-927
[15:01:59 - BAMFile] Creating pool of 16 BAM file sets.
[15:01:59 - Annotate] Processing chunk with coordinates: Tb927.10.15300:8-3434
[15:01:59 - BAMFile] Creating pool of 16 BAM file sets.
[15:01:59 - Annotate] Processing chunk with coordinates: Tb927.10.1820:110-735
[15:01:59 - BAMFile] Creating pool of 16 BAM file sets.
[15:01:59 - Annotate] Processing chunk with coordinates: Tb927.10.2810:3-1008
[15:01:59 - BAMFile] Creating pool of 16 BAM file sets.
[15:01:59 - Annotate] Processing chunk with coordinates: Tb927.10.4720:37-1067
[15:01:59 - BAMFile] Creating pool of 16 BAM file sets.
[15:01:59 - Annotate] Processing chunk with coordinates: Tb927.11.1940:326-545
[15:01:59 - BAMFile] Creating pool of 16 BAM file sets.
[15:01:59 - Annotate] Processing chunk with coordinates: Tb927.11.3980:1026-1511
[15:01:59 - BAMFile] Creating pool of 16 BAM file sets.
[15:01:59 - Annotate] Processing chunk with coordinates: Tb927.3.4350:541-2300
[15:01:59 - BAMFile] Creating pool of 16 BAM file sets.
[15:01:59 - Annotate] Processing chunk with coordinates: Tb927.4.980:29-1022
[15:01:59 - BAMFile] Creating pool of 16 BAM file sets.
[15:01:59 - Annotate] Processing chunk with coordinates: Tb927.6.2630:60-1307
[15:01:59 - BAMFile] Creating pool of 16 BAM file sets.
[15:01:59 - Annotate] Processing chunk with coordinates: Tb927.6.5000:120-1086
[15:01:59 - BAMFile] Creating pool of 16 BAM file sets.
[15:01:59 - Annotate] Processing chunk with coordinates: Tb927.7.6560:18-669
[15:01:59 - BAMFile] Creating pool of 16 BAM file sets.
[15:01:59 - Annotate] Processing chunk with coordinates: Tb927.8.3480:6-1813
[15:01:59 - BAMFile] Creating pool of 16 BAM file sets.
[15:01:59 - Annotate] Processing chunk with coordinates: Tb927.9.10660:5-487
[15:01:59 - BAMFile] Creating pool of 16 BAM file sets.
Note: the --sample option not given, applying all records regardless of the genotype
Warning: Sequence "Tb927.5.1220" not in barcode2_consensus/medaka.annotated.vcf.gz
Warning: Sequence "Tb927.6.1100" not in barcode2_consensus/medaka.annotated.vcf.gz
Warning: Sequence "Tb927.6.3660" not in barcode2_consensus/medaka.annotated.vcf.gz
Warning: Sequence "Tb927.8.3810" not in barcode2_consensus/medaka.annotated.vcf.gz
Applied 35 variants
