FastTree Version 2.1.11 Double precision (No SSE3)
Alignment: aligned.fas
Nucleotide distances: Jukes-Cantor Joins: balanced Support: SH-like 1000
Search: Normal +NNI +SPR (2 rounds range 10) +ML-NNI opt-each=1
TopHits: 1.00*sqrtN close=default refresh=0.80
ML Model: Generalized Time-Reversible, CAT approximation with 20 rate categories
Ignored unknown character m (seen 1 times)
Ignored unknown character r (seen 3 times)
Ignored unknown character s (seen 1 times)
Ignored unknown character y (seen 3 times)
Initial topology in 0.01 seconds
Refining topology: 8 rounds ME-NNIs, 2 rounds ME-SPRs, 4 rounds ML-NNIs
Total branch-length 0.008 after 0.03 sec
ML-NNI round 1: LogLk = -36517.154 NNIs 0 max delta 0.00 Time 0.07
      0.10 seconds: Optimizing GTR model, step 2 of 12
      0.20 seconds: Optimizing GTR model, step 5 of 12
      0.32 seconds: Optimizing GTR model, step 9 of 12
GTR Frequencies: 0.2486 0.2307 0.2848 0.2359
GTR rates(ac ag at cg ct gt) 0.8757 4.9284 0.7173 0.9755 5.4108 1.0000
      0.45 seconds: Site likelihoods with rate category 1 of 20
Switched to using 20 rate categories (CAT approximation)
Rate categories were divided by 0.625 so that average rate = 1.0
CAT-based log-likelihoods may not be comparable across runs
ML-NNI round 2: LogLk = -36289.846 NNIs 0 max delta 0.00 Time 0.53
Turning off heuristics for final round of ML NNIs (converged)
ML-NNI round 3: LogLk = -36289.846 NNIs 0 max delta 0.00 Time 0.61 (final)
      0.60 seconds: ML Lengths 1 of 2 splits
Optimize all lengths: LogLk = -36289.846 Time 0.66
      1.30 seconds: Site likelihoods with rate category 1 of 20
      1.63 seconds: Optimizing alpha round 2
      1.76 seconds: Optimizing alpha round 3
      1.88 seconds: Optimizing alpha round 4
      2.04 seconds: Optimizing alpha round 5
      2.21 seconds: Optimizing alpha round 6
      2.33 seconds: Optimizing alpha round 7
      2.44 seconds: Optimizing alpha round 8
      2.58 seconds: Optimizing alpha round 9
      2.68 seconds: Optimizing alpha round 10
Gamma(20) LogLk = -36350.302 alpha = 0.062 rescaling lengths by 1.180
Total time: 2.79 seconds Unique: 4/4 Bad splits: 0/1
