[09:52:14 - MdlStrTF] Successfully removed temporary files from /var/folders/vs/4d0w8drx4zdg1jl70nymtyt00000gn/T/tmpd118u2m9.
[09:52:15 - MdlStrTF] Successfully removed temporary files from /var/folders/vs/4d0w8drx4zdg1jl70nymtyt00000gn/T/tmpmma899a0.
Using the existing fai index file /Volumes/Seagate/monotrac/nextflow/References/targets.fasta.fai
Using the existing mmi index file /Volumes/Seagate/monotrac/nextflow/References/targets.fasta.map-ont.mmi
[M::main::0.024*0.83] loaded/built the index for 20 target sequence(s)
[M::mm_mapopt_update::0.025*0.84] mid_occ = 2
[M::mm_idx_stat] kmer size: 15; skip: 10; is_hpc: 0; #seq: 20
[M::mm_idx_stat::0.025*0.84] distinct minimizers: 4818 (100.00% are singletons); average occurrences: 1.000; average spacing: 5.410
[M::worker_pipeline::0.288*0.81] mapped 1313 sequences
[M::main] Version: 2.11-r797
[M::main] CMD: minimap2 -x map-ont --secondary=no -L --MD -A 2 -B 4 -O 4,24 -E 2,1 -t 1 -a /Volumes/Seagate/monotrac/nextflow/References/targets.fasta.map-ont.mmi /Volumes/Seagate/monotrac/nextflow/Raw_reads/barcode2.fq.gz
[M::main] Real time: 0.290 sec; CPU: 0.236 sec
[09:52:22 - Predict] Setting tensorflow inter/intra-op threads to 1/1.
[09:52:22 - Predict] Processing region(s): Tb927.1.3230:0-2148 Tb927.10.13980:0-627 Tb927.10.14170:0-939 Tb927.10.15300:0-3465 Tb927.10.1820:0-795 Tb927.10.2810:0-1017 Tb927.10.4720:0-1083 Tb927.11.1940:0-1395 Tb927.11.3980:0-1557 Tb927.3.4350:0-2325 Tb927.4.980:0-1119 Tb927.5.1220:0-567 Tb927.6.1100:0-1479 Tb927.6.2630:0-1320 Tb927.6.3660:0-831 Tb927.6.5000:0-1185 Tb927.7.6560:0-684 Tb927.8.3480:0-1827 Tb927.8.3810:0-1173 Tb927.9.10660:0-528
[09:52:22 - Predict] Using model: /opt/anaconda3/envs/medaka/lib/python3.8/site-packages/medaka/data/r1041_e82_400bps_sup_v5.0.0_model.tar.gz.
[09:52:22 - Predict] Using minimum mapQ threshold of 1 for read filtering.
[09:52:22 - BAMFile] Creating pool of 16 BAM file sets.
[09:52:22 - Predict] Processing 20 short region(s).
[09:52:23 - MdlStrTF] Model <keras.src.engine.sequential.Sequential object at 0x7fd83a08bf70>
[09:52:23 - MdlStrTF] loading weights from /var/folders/vs/4d0w8drx4zdg1jl70nymtyt00000gn/T/tmpblcd79lz/model/variables/variables (using expect partial)
[09:52:23 - Sampler] Initializing sampler for consensus of region Tb927.1.3230:0-2148.
[09:52:23 - Sampler] Initializing sampler for consensus of region Tb927.10.13980:0-627.
[09:52:23 - PWorker] Running inference for 0.0M draft bases.
[09:52:23 - Feature] Pileup counts do not span requested region, requested Tb927.10.13980:0-627, received 0-582.
[09:52:23 - Feature] Pileup counts do not span requested region, requested Tb927.1.3230:0-2148, received 34-2146.
[09:52:23 - Feature] Processed Tb927.1.3230:34.0-2146.0 (median depth 1.0)
[09:52:23 - Sampler] Took 0.11s to make features.
[09:52:23 - Sampler] Initializing sampler for consensus of region Tb927.10.14170:0-939.
[09:52:23 - Feature] Processed Tb927.10.13980:0.0-582.0 (median depth 2.0)
[09:52:23 - Sampler] Took 0.11s to make features.
[09:52:23 - Sampler] Initializing sampler for consensus of region Tb927.10.15300:0-3465.
[09:52:23 - Feature] Processed Tb927.10.14170:0.0-938.0 (median depth 3.0)
[09:52:23 - Sampler] Took 0.06s to make features.
[09:52:23 - Sampler] Initializing sampler for consensus of region Tb927.10.1820:0-795.
[09:52:23 - Feature] Processed Tb927.10.15300:0.0-3464.0 (median depth 5.0)
[09:52:23 - Sampler] Took 0.06s to make features.
[09:52:23 - Sampler] Initializing sampler for consensus of region Tb927.10.2810:0-1017.
[09:52:23 - Feature] Processed Tb927.10.1820:0.0-794.0 (median depth 17.0)
[09:52:23 - Sampler] Took 0.07s to make features.
[09:52:23 - Sampler] Initializing sampler for consensus of region Tb927.10.4720:0-1083.
[09:52:23 - Feature] Processed Tb927.10.2810:0.0-1016.0 (median depth 9.0)
[09:52:23 - Sampler] Took 0.08s to make features.
[09:52:23 - Sampler] Initializing sampler for consensus of region Tb927.11.1940:0-1395.
[09:52:23 - Feature] Processed Tb927.10.4720:0.0-1082.0 (median depth 4.0)
[09:52:23 - Sampler] Took 0.07s to make features.
[09:52:23 - Sampler] Initializing sampler for consensus of region Tb927.11.3980:0-1557.
[09:52:23 - Feature] Pileup counts do not span requested region, requested Tb927.11.3980:0-1557, received 1020-1539.
[09:52:23 - Feature] Processed Tb927.11.3980:1020.0-1539.0 (median depth 1.0)
[09:52:23 - Sampler] Took 0.03s to make features.
[09:52:23 - Sampler] Initializing sampler for consensus of region Tb927.3.4350:0-2325.
[09:52:23 - Feature] Processed Tb927.11.1940:0.0-1394.0 (median depth 163.0)
[09:52:23 - Sampler] Took 0.12s to make features.
[09:52:23 - Sampler] Initializing sampler for consensus of region Tb927.4.980:0-1119.
[09:52:23 - Feature] Processed Tb927.3.4350:0.0-2324.0 (median depth 62.0)
[09:52:23 - Sampler] Took 0.10s to make features.
[09:52:23 - Sampler] Initializing sampler for consensus of region Tb927.5.1220:0-567.
[09:52:23 - Sampler] Took 0.00s to make features.
[09:52:23 - Sampler] Initializing sampler for consensus of region Tb927.6.1100:0-1479.
[09:52:23 - Feature] Processed Tb927.4.980:0.0-1118.0 (median depth 8.0)
[09:52:23 - Sampler] Took 0.07s to make features.
[09:52:23 - Sampler] Initializing sampler for consensus of region Tb927.6.2630:0-1320.
[09:52:23 - Sampler] Took 0.00s to make features.
[09:52:23 - Sampler] Initializing sampler for consensus of region Tb927.6.3660:0-831.
[09:52:23 - Sampler] Took 0.00s to make features.
[09:52:23 - Sampler] Initializing sampler for consensus of region Tb927.6.5000:0-1185.
[09:52:23 - Feature] Processed Tb927.6.2630:0.0-1319.0 (median depth 3.0)
[09:52:23 - Sampler] Took 0.00s to make features.
[09:52:23 - Sampler] Initializing sampler for consensus of region Tb927.7.6560:0-684.
[09:52:23 - Feature] Processed Tb927.7.6560:0.0-683.0 (median depth 3.0)
[09:52:23 - Sampler] Took 0.00s to make features.
[09:52:23 - Sampler] Initializing sampler for consensus of region Tb927.8.3480:0-1827.
[09:52:23 - Feature] Processed Tb927.6.5000:0.0-1184.0 (median depth 11.0)
[09:52:23 - Sampler] Took 0.00s to make features.
[09:52:23 - Sampler] Initializing sampler for consensus of region Tb927.8.3810:0-1173.
[09:52:23 - Feature] Pileup counts do not span requested region, requested Tb927.8.3480:0-1827, received 0-659.
[09:52:23 - Feature] Processed Tb927.8.3480:0.0-659.0 (median depth 2.0)
[09:52:23 - Feature] Pileup counts do not span requested region, requested Tb927.8.3480:0-1827, received 992-1822.
[09:52:23 - Sampler] Took 0.00s to make features.
[09:52:23 - Sampler] Initializing sampler for consensus of region Tb927.9.10660:0-528.
[09:52:23 - Feature] Processed Tb927.8.3480:992.0-1822.0 (median depth 2.0)
[09:52:23 - Sampler] Took 0.00s to make features.
[09:52:23 - Feature] Processed Tb927.9.10660:0.0-527.0 (median depth 5.0)
[09:52:23 - Sampler] Took 0.00s to make features.
[09:52:30 - PWorker] Batches in cache: 8.
[09:52:35 - PWorker] 10.1% Done (0.0/0.0 Mbases) in 11.9s
[09:52:47 - PWorker] Batches in cache: 8.
[09:52:47 - PWorker] 19.9% Done (0.0/0.0 Mbases) in 23.9s
[09:52:53 - PWorker] Batches in cache: 8.
[09:52:58 - PWorker] 23.7% Done (0.0/0.0 Mbases) in 35.5s
[09:53:00 - PWorker] Batches in cache: 8.
[09:53:08 - PWorker] Batches in cache: 8.
[09:53:08 - PWorker] 28.9% Done (0.0/0.0 Mbases) in 45.6s
[09:53:19 - PWorker] Batches in cache: 8.
[09:53:19 - PWorker] 35.2% Done (0.0/0.0 Mbases) in 56.7s
[09:53:29 - PWorker] Batches in cache: 6.
[09:53:31 - PWorker] 39.9% Done (0.0/0.0 Mbases) in 68.3s
[09:53:35 - PWorker] Batches in cache: 4.
[09:53:42 - PWorker] Batches in cache: 1.
[09:53:42 - PWorker] 48.7% Done (0.0/0.0 Mbases) in 79.3s
[09:53:42 - PWorker] Processed 17 batches
[09:53:42 - PWorker] All done, 0 remainder regions.
[09:53:42 - Predict] Finished processing all regions.
[09:53:42 - MdlStrTF] Successfully removed temporary files from /var/folders/vs/4d0w8drx4zdg1jl70nymtyt00000gn/T/tmpblcd79lz.
[09:53:44 - DataIndx] Loaded 1/1 (100.00%) sample files.
[09:53:44 - Stitcher] Stitching Tb927.8.3480:0-1827
[09:53:44 - TrimOlap] Tb927.8.3480:0.0-659.0 and Tb927.8.3480:992.0-1822.0 cannot be concatenated as there is no overlap and they do not abut.
[09:53:44 - Stitcher] Stitching Tb927.11.1940:0-1395
[09:53:44 - Stitcher] Stitching Tb927.1.3230:0-2148
[09:53:44 - Stitcher] Stitching Tb927.10.4720:0-1083
[09:53:44 - Stitcher] Stitching Tb927.3.4350:0-2325
[09:53:44 - Stitcher] Stitching Tb927.7.6560:0-684
[09:53:44 - Stitcher] Stitching Tb927.10.15300:0-3465
[09:53:44 - Stitcher] Stitching Tb927.11.3980:0-1557
[09:53:44 - Stitcher] Stitching Tb927.4.980:0-1119
[09:53:44 - Stitcher] Stitching Tb927.6.5000:0-1185
[09:53:44 - Stitcher] Stitching Tb927.10.13980:0-627
[09:53:44 - Stitcher] Stitching Tb927.6.2630:0-1320
[09:53:44 - Stitcher] Stitching Tb927.10.2810:0-1017
[09:53:44 - Stitcher] Stitching Tb927.10.1820:0-795
[09:53:44 - Stitcher] Stitching Tb927.9.10660:0-528
[09:53:44 - Stitcher] Stitching Tb927.10.14170:0-939
[09:53:44 - Stitcher] Copying contig 'Tb927.6.1100' verbatim from input.
[09:53:44 - Stitcher] Copying contig 'Tb927.8.3810' verbatim from input.
[09:53:44 - Stitcher] Copying contig 'Tb927.6.3660' verbatim from input.
[09:53:44 - Stitcher] Copying contig 'Tb927.5.1220' verbatim from input.
[09:53:45 - DataIndx] Loaded 1/1 (100.00%) sample files.
[09:53:45 - Variants] Processing Tb927.1.3230:0-.
[09:53:45 - Variants] Processing Tb927.10.13980:0-.
[09:53:45 - Variants] Processing Tb927.10.14170:0-.
[09:53:45 - Variants] Processing Tb927.10.15300:0-.
[09:53:45 - Variants] Processing Tb927.10.1820:0-.
[09:53:45 - Variants] Processing Tb927.10.2810:0-.
[09:53:45 - Variants] Processing Tb927.10.4720:0-.
[09:53:45 - Variants] Processing Tb927.11.1940:0-.
[09:53:45 - Variants] Processing Tb927.11.3980:0-.
[09:53:45 - Variants] Processing Tb927.3.4350:0-.
[09:53:45 - Variants] Processing Tb927.4.980:0-.
[09:53:45 - Variants] Processing Tb927.6.2630:0-.
[09:53:45 - Variants] Processing Tb927.6.5000:0-.
[09:53:45 - Variants] Processing Tb927.7.6560:0-.
[09:53:45 - Variants] Processing Tb927.8.3480:0-.
[09:53:46 - TrimOlap] Tb927.8.3480:0.0-659.0 and Tb927.8.3480:992.0-1822.0 cannot be concatenated as there is no overlap and they do not abut.
[09:53:46 - Variants] Processing Tb927.9.10660:0-.
[09:53:46 - Annotate] Getting chrom coordinates
[09:53:46 - Annotate] Processing chunk with coordinates: Tb927.1.3230:40-2123
[09:53:46 - BAMFile] Creating pool of 16 BAM file sets.
[09:53:46 - Annotate] Processing chunk with coordinates: Tb927.10.13980:38-571
[09:53:46 - BAMFile] Creating pool of 16 BAM file sets.
[09:53:46 - Annotate] Processing chunk with coordinates: Tb927.10.14170:90-927
[09:53:46 - BAMFile] Creating pool of 16 BAM file sets.
[09:53:46 - Annotate] Processing chunk with coordinates: Tb927.10.15300:8-3434
[09:53:46 - BAMFile] Creating pool of 16 BAM file sets.
[09:53:46 - Annotate] Processing chunk with coordinates: Tb927.10.1820:110-735
[09:53:46 - BAMFile] Creating pool of 16 BAM file sets.
[09:53:46 - Annotate] Processing chunk with coordinates: Tb927.10.2810:3-1008
[09:53:46 - BAMFile] Creating pool of 16 BAM file sets.
[09:53:46 - Annotate] Processing chunk with coordinates: Tb927.10.4720:37-1067
[09:53:46 - BAMFile] Creating pool of 16 BAM file sets.
[09:53:46 - Annotate] Processing chunk with coordinates: Tb927.11.1940:326-545
[09:53:46 - BAMFile] Creating pool of 16 BAM file sets.
[09:53:46 - Annotate] Processing chunk with coordinates: Tb927.11.3980:1026-1511
[09:53:46 - BAMFile] Creating pool of 16 BAM file sets.
[09:53:46 - Annotate] Processing chunk with coordinates: Tb927.3.4350:541-2300
[09:53:46 - BAMFile] Creating pool of 16 BAM file sets.
[09:53:46 - Annotate] Processing chunk with coordinates: Tb927.4.980:29-1022
[09:53:46 - BAMFile] Creating pool of 16 BAM file sets.
[09:53:47 - Annotate] Processing chunk with coordinates: Tb927.6.2630:60-1307
[09:53:47 - BAMFile] Creating pool of 16 BAM file sets.
[09:53:47 - Annotate] Processing chunk with coordinates: Tb927.6.5000:120-1086
[09:53:47 - BAMFile] Creating pool of 16 BAM file sets.
[09:53:47 - Annotate] Processing chunk with coordinates: Tb927.7.6560:18-669
[09:53:47 - BAMFile] Creating pool of 16 BAM file sets.
[09:53:47 - Annotate] Processing chunk with coordinates: Tb927.8.3480:6-1813
[09:53:47 - BAMFile] Creating pool of 16 BAM file sets.
[09:53:47 - Annotate] Processing chunk with coordinates: Tb927.9.10660:5-487
[09:53:47 - BAMFile] Creating pool of 16 BAM file sets.
Note: the --sample option not given, applying all records regardless of the genotype
Warning: Sequence "Tb927.5.1220" not in barcode2_consensus/medaka.annotated.vcf.gz
Warning: Sequence "Tb927.6.1100" not in barcode2_consensus/medaka.annotated.vcf.gz
Warning: Sequence "Tb927.6.3660" not in barcode2_consensus/medaka.annotated.vcf.gz
Warning: Sequence "Tb927.8.3810" not in barcode2_consensus/medaka.annotated.vcf.gz
Applied 35 variants
