FastTree Version 2.1.11 Double precision (No SSE3)
Alignment: aligned.fas
Nucleotide distances: Jukes-Cantor Joins: balanced Support: SH-like 1000
Search: Normal +NNI +SPR (2 rounds range 10) +ML-NNI opt-each=1
TopHits: 1.00*sqrtN close=default refresh=0.80
ML Model: Generalized Time-Reversible, CAT approximation with 20 rate categories
Ignored unknown character k (seen 1 times)
Ignored unknown character r (seen 11 times)
Ignored unknown character s (seen 3 times)
Ignored unknown character y (seen 7 times)
Initial topology in 0.00 seconds
Refining topology: 8 rounds ME-NNIs, 2 rounds ME-SPRs, 4 rounds ML-NNIs
Total branch-length 0.008 after 0.02 sec
ML-NNI round 1: LogLk = -36466.016 NNIs 0 max delta 0.00 Time 0.07
      0.13 seconds: Optimizing GTR model, step 2 of 12
      0.24 seconds: Optimizing GTR model, step 6 of 12
      0.34 seconds: Optimizing GTR model, step 11 of 12
GTR Frequencies: 0.2486 0.2308 0.2848 0.2358
GTR rates(ac ag at cg ct gt) 0.9310 5.1329 0.6122 0.8304 5.8487 1.0000
      0.44 seconds: Site likelihoods with rate category 9 of 20
Switched to using 20 rate categories (CAT approximation)
Rate categories were divided by 0.625 so that average rate = 1.0
CAT-based log-likelihoods may not be comparable across runs
ML-NNI round 2: LogLk = -36234.631 NNIs 0 max delta 0.00 Time 0.49
Turning off heuristics for final round of ML NNIs (converged)
ML-NNI round 3: LogLk = -36234.631 NNIs 0 max delta 0.00 Time 0.56 (final)
      0.55 seconds: ML Lengths 1 of 2 splits
Optimize all lengths: LogLk = -36234.631 Time 0.60
      1.19 seconds: Site likelihoods with rate category 1 of 20
      1.46 seconds: Optimizing alpha round 2
      1.60 seconds: Optimizing alpha round 3
      1.71 seconds: Optimizing alpha round 4
      1.91 seconds: Optimizing alpha round 6
      2.15 seconds: Optimizing alpha round 8
      2.25 seconds: Optimizing alpha round 9
      2.36 seconds: Optimizing alpha round 10
Gamma(20) LogLk = -36290.655 alpha = 0.048 rescaling lengths by 1.307
Total time: 2.52 seconds Unique: 4/4 Bad splits: 0/1
