FastTree Version 2.1.11 Double precision (No SSE3)
Alignment: aligned.fas
Nucleotide distances: Jukes-Cantor Joins: balanced Support: SH-like 1000
Search: Normal +NNI +SPR (2 rounds range 10) +ML-NNI opt-each=1
TopHits: 1.00*sqrtN close=default refresh=0.80
ML Model: Generalized Time-Reversible, CAT approximation with 20 rate categories
Ignored unknown character k (seen 9 times)
Ignored unknown character m (seen 5 times)
Ignored unknown character r (seen 29 times)
Ignored unknown character s (seen 4 times)
Ignored unknown character w (seen 3 times)
Ignored unknown character y (seen 32 times)
Initial topology in 0.00 seconds
Refining topology: 8 rounds ME-NNIs, 2 rounds ME-SPRs, 4 rounds ML-NNIs
Total branch-length 0.008 after 0.02 sec
ML-NNI round 1: LogLk = -36323.691 NNIs 0 max delta 0.00 Time 0.09
      0.13 seconds: Optimizing GTR model, step 2 of 12
      0.24 seconds: Optimizing GTR model, step 5 of 12
      0.34 seconds: Optimizing GTR model, step 9 of 12
GTR Frequencies: 0.2486 0.2307 0.2848 0.2359
GTR rates(ac ag at cg ct gt) 0.9162 5.1656 0.5729 0.8907 5.8257 1.0000
      0.46 seconds: ML Lengths 1 of 2 splits
      0.56 seconds: Site likelihoods with rate category 19 of 20
Switched to using 20 rate categories (CAT approximation)
Rate categories were divided by 0.625 so that average rate = 1.0
CAT-based log-likelihoods may not be comparable across runs
ML-NNI round 2: LogLk = -36101.849 NNIs 0 max delta 0.00 Time 0.60
Turning off heuristics for final round of ML NNIs (converged)
ML-NNI round 3: LogLk = -36101.844 NNIs 0 max delta 0.00 Time 0.69 (final)
      0.68 seconds: ML Lengths 1 of 2 splits
Optimize all lengths: LogLk = -36101.844 Time 0.72
      1.45 seconds: Site likelihoods with rate category 1 of 20
      1.73 seconds: Optimizing alpha round 2
      1.83 seconds: Optimizing alpha round 3
      1.95 seconds: Optimizing alpha round 4
      2.09 seconds: Optimizing alpha round 5
      2.24 seconds: Optimizing alpha round 6
      2.39 seconds: Optimizing alpha round 7
      2.50 seconds: Optimizing alpha round 8
      2.63 seconds: Optimizing alpha round 9
      2.76 seconds: Optimizing alpha round 10
Gamma(20) LogLk = -36157.339 alpha = 0.061 rescaling lengths by 1.188
Total time: 2.88 seconds Unique: 4/4 Bad splits: 0/1
