[16:28:34 - MdlStrTF] Successfully removed temporary files from /var/folders/vs/4d0w8drx4zdg1jl70nymtyt00000gn/T/tmp40qjrx5d.
[16:28:35 - MdlStrTF] Successfully removed temporary files from /var/folders/vs/4d0w8drx4zdg1jl70nymtyt00000gn/T/tmph0etdzkk.
Using the existing fai index file /Volumes/Seagate/monotrac/nextflow/References/targets.fasta.fai
Using the existing mmi index file /Volumes/Seagate/monotrac/nextflow/References/targets.fasta.map-ont.mmi
[M::main::0.037*0.76] loaded/built the index for 20 target sequence(s)
[M::mm_mapopt_update::0.038*0.76] mid_occ = 2
[M::mm_idx_stat] kmer size: 15; skip: 10; is_hpc: 0; #seq: 20
[M::mm_idx_stat::0.038*0.76] distinct minimizers: 4818 (100.00% are singletons); average occurrences: 1.000; average spacing: 5.410
[M::worker_pipeline::0.268*0.82] mapped 1313 sequences
[M::main] Version: 2.11-r797
[M::main] CMD: minimap2 -x map-ont --secondary=no -L --MD -A 2 -B 4 -O 4,24 -E 2,1 -t 1 -a /Volumes/Seagate/monotrac/nextflow/References/targets.fasta.map-ont.mmi /Volumes/Seagate/monotrac/nextflow/Raw_reads/barcode2.fq.gz
[M::main] Real time: 0.269 sec; CPU: 0.221 sec
[16:28:41 - Predict] Setting tensorflow inter/intra-op threads to 1/1.
[16:28:41 - Predict] Processing region(s): Tb927.1.3230:0-2148 Tb927.10.13980:0-627 Tb927.10.14170:0-939 Tb927.10.15300:0-3465 Tb927.10.1820:0-795 Tb927.10.2810:0-1017 Tb927.10.4720:0-1083 Tb927.11.1940:0-1395 Tb927.11.3980:0-1557 Tb927.3.4350:0-2325 Tb927.4.980:0-1119 Tb927.5.1220:0-567 Tb927.6.1100:0-1479 Tb927.6.2630:0-1320 Tb927.6.3660:0-831 Tb927.6.5000:0-1185 Tb927.7.6560:0-684 Tb927.8.3480:0-1827 Tb927.8.3810:0-1173 Tb927.9.10660:0-528
[16:28:41 - Predict] Using model: /opt/anaconda3/envs/medaka/lib/python3.8/site-packages/medaka/data/r1041_e82_400bps_sup_v5.0.0_model.tar.gz.
[16:28:41 - Predict] Using minimum mapQ threshold of 1 for read filtering.
[16:28:41 - BAMFile] Creating pool of 16 BAM file sets.
[16:28:41 - Predict] Processing 20 short region(s).
[16:28:42 - MdlStrTF] Model <keras.src.engine.sequential.Sequential object at 0x7facd9b1bf70>
[16:28:42 - MdlStrTF] loading weights from /var/folders/vs/4d0w8drx4zdg1jl70nymtyt00000gn/T/tmp4n3cbtzj/model/variables/variables (using expect partial)
[16:28:42 - Sampler] Initializing sampler for consensus of region Tb927.1.3230:0-2148.
[16:28:42 - Sampler] Initializing sampler for consensus of region Tb927.10.13980:0-627.
[16:28:42 - PWorker] Running inference for 0.0M draft bases.
[16:28:42 - Feature] Pileup counts do not span requested region, requested Tb927.10.13980:0-627, received 0-582.
[16:28:42 - Feature] Pileup counts do not span requested region, requested Tb927.1.3230:0-2148, received 34-2146.
[16:28:42 - Feature] Processed Tb927.1.3230:34.0-2146.0 (median depth 1.0)
[16:28:42 - Sampler] Took 0.19s to make features.
[16:28:42 - Sampler] Initializing sampler for consensus of region Tb927.10.14170:0-939.
[16:28:42 - Feature] Processed Tb927.10.13980:0.0-582.0 (median depth 2.0)
[16:28:42 - Sampler] Took 0.20s to make features.
[16:28:42 - Sampler] Initializing sampler for consensus of region Tb927.10.15300:0-3465.
[16:28:42 - Feature] Processed Tb927.10.14170:0.0-938.0 (median depth 3.0)
[16:28:42 - Sampler] Took 0.08s to make features.
[16:28:42 - Sampler] Initializing sampler for consensus of region Tb927.10.1820:0-795.
[16:28:42 - Feature] Processed Tb927.10.15300:0.0-3464.0 (median depth 5.0)
[16:28:42 - Sampler] Took 0.08s to make features.
[16:28:42 - Sampler] Initializing sampler for consensus of region Tb927.10.2810:0-1017.
[16:28:42 - Feature] Processed Tb927.10.1820:0.0-794.0 (median depth 17.0)
[16:28:42 - Sampler] Took 0.08s to make features.
[16:28:42 - Sampler] Initializing sampler for consensus of region Tb927.10.4720:0-1083.
[16:28:42 - Feature] Processed Tb927.10.2810:0.0-1016.0 (median depth 9.0)
[16:28:42 - Sampler] Took 0.10s to make features.
[16:28:42 - Sampler] Initializing sampler for consensus of region Tb927.11.1940:0-1395.
[16:28:42 - Feature] Processed Tb927.10.4720:0.0-1082.0 (median depth 4.0)
[16:28:42 - Sampler] Took 0.06s to make features.
[16:28:42 - Sampler] Initializing sampler for consensus of region Tb927.11.3980:0-1557.
[16:28:42 - Feature] Processed Tb927.11.1940:0.0-1394.0 (median depth 163.0)
[16:28:42 - Sampler] Took 0.10s to make features.
[16:28:42 - Sampler] Initializing sampler for consensus of region Tb927.3.4350:0-2325.
[16:28:42 - Feature] Pileup counts do not span requested region, requested Tb927.11.3980:0-1557, received 1020-1539.
[16:28:42 - Feature] Processed Tb927.11.3980:1020.0-1539.0 (median depth 1.0)
[16:28:42 - Sampler] Took 0.08s to make features.
[16:28:42 - Sampler] Initializing sampler for consensus of region Tb927.4.980:0-1119.
[16:28:43 - Feature] Processed Tb927.4.980:0.0-1118.0 (median depth 8.0)
[16:28:43 - Sampler] Took 0.10s to make features.
[16:28:43 - Sampler] Initializing sampler for consensus of region Tb927.5.1220:0-567.
[16:28:43 - Sampler] Took 0.00s to make features.
[16:28:43 - Sampler] Initializing sampler for consensus of region Tb927.6.1100:0-1479.
[16:28:43 - Feature] Processed Tb927.3.4350:0.0-2324.0 (median depth 62.0)
[16:28:43 - Sampler] Took 0.12s to make features.
[16:28:43 - Sampler] Initializing sampler for consensus of region Tb927.6.2630:0-1320.
[16:28:43 - Sampler] Took 0.00s to make features.
[16:28:43 - Sampler] Initializing sampler for consensus of region Tb927.6.3660:0-831.
[16:28:43 - Sampler] Took 0.00s to make features.
[16:28:43 - Sampler] Initializing sampler for consensus of region Tb927.6.5000:0-1185.
[16:28:43 - Feature] Processed Tb927.6.2630:0.0-1319.0 (median depth 3.0)
[16:28:43 - Sampler] Took 0.00s to make features.
[16:28:43 - Sampler] Initializing sampler for consensus of region Tb927.7.6560:0-684.
[16:28:43 - Feature] Processed Tb927.7.6560:0.0-683.0 (median depth 3.0)
[16:28:43 - Sampler] Took 0.00s to make features.
[16:28:43 - Sampler] Initializing sampler for consensus of region Tb927.8.3480:0-1827.
[16:28:43 - Feature] Processed Tb927.6.5000:0.0-1184.0 (median depth 11.0)
[16:28:43 - Sampler] Took 0.00s to make features.
[16:28:43 - Sampler] Initializing sampler for consensus of region Tb927.8.3810:0-1173.
[16:28:43 - Sampler] Took 0.00s to make features.
[16:28:43 - Sampler] Initializing sampler for consensus of region Tb927.9.10660:0-528.
[16:28:43 - Feature] Pileup counts do not span requested region, requested Tb927.8.3480:0-1827, received 0-659.
[16:28:43 - Feature] Processed Tb927.9.10660:0.0-527.0 (median depth 5.0)
[16:28:43 - Sampler] Took 0.00s to make features.
[16:28:43 - Feature] Processed Tb927.8.3480:0.0-659.0 (median depth 2.0)
[16:28:43 - Feature] Pileup counts do not span requested region, requested Tb927.8.3480:0-1827, received 992-1822.
[16:28:43 - Feature] Processed Tb927.8.3480:992.0-1822.0 (median depth 2.0)
[16:28:43 - Sampler] Took 0.00s to make features.
[16:28:50 - PWorker] Batches in cache: 8.
[16:28:55 - PWorker] 10.1% Done (0.0/0.0 Mbases) in 12.8s
[16:29:06 - PWorker] Batches in cache: 8.
[16:29:06 - PWorker] 19.9% Done (0.0/0.0 Mbases) in 24.3s
[16:29:13 - PWorker] Batches in cache: 8.
[16:29:24 - PWorker] Batches in cache: 8.
[16:29:24 - PWorker] 26.9% Done (0.0/0.0 Mbases) in 42.4s
[16:29:30 - PWorker] Batches in cache: 8.
[16:29:40 - PWorker] Batches in cache: 7.
[16:29:40 - PWorker] 35.9% Done (0.0/0.0 Mbases) in 58.4s
[16:29:46 - PWorker] Batches in cache: 6.
[16:29:52 - PWorker] Batches in cache: 4.
[16:29:52 - PWorker] 41.0% Done (0.0/0.0 Mbases) in 70.2s
[16:29:59 - PWorker] Batches in cache: 1.
[16:29:59 - PWorker] Processed 17 batches
[16:29:59 - PWorker] All done, 0 remainder regions.
[16:29:59 - Predict] Finished processing all regions.
[16:29:59 - MdlStrTF] Successfully removed temporary files from /var/folders/vs/4d0w8drx4zdg1jl70nymtyt00000gn/T/tmp4n3cbtzj.
[16:30:01 - DataIndx] Loaded 1/1 (100.00%) sample files.
[16:30:01 - Stitcher] Stitching Tb927.11.1940:0-1395
[16:30:01 - Stitcher] Stitching Tb927.8.3480:0-1827
[16:30:01 - TrimOlap] Tb927.8.3480:0.0-659.0 and Tb927.8.3480:992.0-1822.0 cannot be concatenated as there is no overlap and they do not abut.
[16:30:01 - Stitcher] Stitching Tb927.10.14170:0-939
[16:30:01 - Stitcher] Stitching Tb927.6.2630:0-1320
[16:30:01 - Stitcher] Stitching Tb927.10.4720:0-1083
[16:30:01 - Stitcher] Stitching Tb927.11.3980:0-1557
[16:30:01 - Stitcher] Stitching Tb927.10.13980:0-627
[16:30:01 - Stitcher] Stitching Tb927.3.4350:0-2325
[16:30:01 - Stitcher] Stitching Tb927.6.5000:0-1185
[16:30:01 - Stitcher] Stitching Tb927.10.2810:0-1017
[16:30:01 - Stitcher] Stitching Tb927.10.1820:0-795
[16:30:01 - Stitcher] Stitching Tb927.7.6560:0-684
[16:30:01 - Stitcher] Stitching Tb927.9.10660:0-528
[16:30:01 - Stitcher] Stitching Tb927.1.3230:0-2148
[16:30:01 - Stitcher] Stitching Tb927.4.980:0-1119
[16:30:01 - Stitcher] Stitching Tb927.10.15300:0-3465
[16:30:01 - Stitcher] Copying contig 'Tb927.6.3660' verbatim from input.
[16:30:01 - Stitcher] Copying contig 'Tb927.6.1100' verbatim from input.
[16:30:01 - Stitcher] Copying contig 'Tb927.8.3810' verbatim from input.
[16:30:01 - Stitcher] Copying contig 'Tb927.5.1220' verbatim from input.
[16:30:02 - DataIndx] Loaded 1/1 (100.00%) sample files.
[16:30:02 - Variants] Processing Tb927.1.3230:0-.
[16:30:02 - Variants] Processing Tb927.10.13980:0-.
[16:30:02 - Variants] Processing Tb927.10.14170:0-.
[16:30:02 - Variants] Processing Tb927.10.15300:0-.
[16:30:02 - Variants] Processing Tb927.10.1820:0-.
[16:30:02 - Variants] Processing Tb927.10.2810:0-.
[16:30:03 - Variants] Processing Tb927.10.4720:0-.
[16:30:03 - Variants] Processing Tb927.11.1940:0-.
[16:30:03 - Variants] Processing Tb927.11.3980:0-.
[16:30:03 - Variants] Processing Tb927.3.4350:0-.
[16:30:03 - Variants] Processing Tb927.4.980:0-.
[16:30:03 - Variants] Processing Tb927.6.2630:0-.
[16:30:03 - Variants] Processing Tb927.6.5000:0-.
[16:30:03 - Variants] Processing Tb927.7.6560:0-.
[16:30:03 - Variants] Processing Tb927.8.3480:0-.
[16:30:03 - TrimOlap] Tb927.8.3480:0.0-659.0 and Tb927.8.3480:992.0-1822.0 cannot be concatenated as there is no overlap and they do not abut.
[16:30:03 - Variants] Processing Tb927.9.10660:0-.
[16:30:03 - Annotate] Getting chrom coordinates
[16:30:03 - Annotate] Processing chunk with coordinates: Tb927.1.3230:40-2123
[16:30:03 - BAMFile] Creating pool of 16 BAM file sets.
[16:30:03 - Annotate] Processing chunk with coordinates: Tb927.10.13980:38-571
[16:30:03 - BAMFile] Creating pool of 16 BAM file sets.
[16:30:03 - Annotate] Processing chunk with coordinates: Tb927.10.14170:90-927
[16:30:03 - BAMFile] Creating pool of 16 BAM file sets.
[16:30:03 - Annotate] Processing chunk with coordinates: Tb927.10.15300:8-3434
[16:30:03 - BAMFile] Creating pool of 16 BAM file sets.
[16:30:03 - Annotate] Processing chunk with coordinates: Tb927.10.1820:110-735
[16:30:03 - BAMFile] Creating pool of 16 BAM file sets.
[16:30:03 - Annotate] Processing chunk with coordinates: Tb927.10.2810:3-1008
[16:30:03 - BAMFile] Creating pool of 16 BAM file sets.
[16:30:03 - Annotate] Processing chunk with coordinates: Tb927.10.4720:37-1067
[16:30:03 - BAMFile] Creating pool of 16 BAM file sets.
[16:30:03 - Annotate] Processing chunk with coordinates: Tb927.11.1940:326-545
[16:30:03 - BAMFile] Creating pool of 16 BAM file sets.
[16:30:03 - Annotate] Processing chunk with coordinates: Tb927.11.3980:1026-1511
[16:30:03 - BAMFile] Creating pool of 16 BAM file sets.
[16:30:04 - Annotate] Processing chunk with coordinates: Tb927.3.4350:541-2300
[16:30:04 - BAMFile] Creating pool of 16 BAM file sets.
[16:30:04 - Annotate] Processing chunk with coordinates: Tb927.4.980:29-1022
[16:30:04 - BAMFile] Creating pool of 16 BAM file sets.
[16:30:04 - Annotate] Processing chunk with coordinates: Tb927.6.2630:60-1307
[16:30:04 - BAMFile] Creating pool of 16 BAM file sets.
[16:30:04 - Annotate] Processing chunk with coordinates: Tb927.6.5000:120-1086
[16:30:04 - BAMFile] Creating pool of 16 BAM file sets.
[16:30:04 - Annotate] Processing chunk with coordinates: Tb927.7.6560:18-669
[16:30:04 - BAMFile] Creating pool of 16 BAM file sets.
[16:30:04 - Annotate] Processing chunk with coordinates: Tb927.8.3480:6-1813
[16:30:04 - BAMFile] Creating pool of 16 BAM file sets.
[16:30:04 - Annotate] Processing chunk with coordinates: Tb927.9.10660:5-487
[16:30:04 - BAMFile] Creating pool of 16 BAM file sets.
Note: the --sample option not given, applying all records regardless of the genotype
Warning: Sequence "Tb927.5.1220" not in barcode2_consensus/medaka.annotated.vcf.gz
Warning: Sequence "Tb927.6.1100" not in barcode2_consensus/medaka.annotated.vcf.gz
Warning: Sequence "Tb927.6.3660" not in barcode2_consensus/medaka.annotated.vcf.gz
Warning: Sequence "Tb927.8.3810" not in barcode2_consensus/medaka.annotated.vcf.gz
Applied 35 variants
