FastTree Version 2.1.11 Double precision (No SSE3)
Alignment: aligned.fas
Nucleotide distances: Jukes-Cantor Joins: balanced Support: SH-like 1000
Search: Normal +NNI +SPR (2 rounds range 10) +ML-NNI opt-each=1
TopHits: 1.00*sqrtN close=default refresh=0.80
ML Model: Generalized Time-Reversible, CAT approximation with 20 rate categories
Ignored unknown character k (seen 1 times)
Ignored unknown character m (seen 1 times)
Ignored unknown character r (seen 4 times)
Ignored unknown character s (seen 2 times)
Ignored unknown character y (seen 2 times)
Initial topology in 0.00 seconds
Refining topology: 8 rounds ME-NNIs, 2 rounds ME-SPRs, 4 rounds ML-NNIs
Total branch-length 0.008 after 0.02 sec
ML-NNI round 1: LogLk = -36457.810 NNIs 0 max delta 0.00 Time 0.08
      0.15 seconds: Optimizing GTR model, step 2 of 12
      0.29 seconds: Optimizing GTR model, step 5 of 12
      0.41 seconds: Optimizing GTR model, step 8 of 12
      0.53 seconds: Optimizing GTR model, step 12 of 12
GTR Frequencies: 0.2486 0.2307 0.2848 0.2359
GTR rates(ac ag at cg ct gt) 0.8264 4.5184 0.5379 0.8534 4.8640 1.0000
      0.64 seconds: Site likelihoods with rate category 10 of 20
Switched to using 20 rate categories (CAT approximation)
Rate categories were divided by 0.625 so that average rate = 1.0
CAT-based log-likelihoods may not be comparable across runs
ML-NNI round 2: LogLk = -36233.782 NNIs 0 max delta 0.00 Time 0.70
Turning off heuristics for final round of ML NNIs (converged)
ML-NNI round 3: LogLk = -36233.782 NNIs 0 max delta 0.00 Time 0.86 (final)
      0.86 seconds: ML Lengths 1 of 2 splits
Optimize all lengths: LogLk = -36233.782 Time 0.91
      1.65 seconds: Site likelihoods with rate category 1 of 20
      1.92 seconds: Optimizing alpha round 2
      2.04 seconds: Optimizing alpha round 3
      2.15 seconds: Optimizing alpha round 4
      2.30 seconds: Optimizing alpha round 5
      2.44 seconds: Optimizing alpha round 6
      2.59 seconds: Optimizing alpha round 7
      2.71 seconds: Optimizing alpha round 8
      2.81 seconds: Optimizing alpha round 9
      2.95 seconds: Optimizing alpha round 10
Gamma(20) LogLk = -36291.744 alpha = 0.058 rescaling lengths by 1.206
Total time: 3.05 seconds Unique: 4/4 Bad splits: 0/1
