FastTree Version 2.1.11 Double precision (No SSE3)
Alignment: aligned.fas
Nucleotide distances: Jukes-Cantor Joins: balanced Support: SH-like 1000
Search: Normal +NNI +SPR (2 rounds range 10) +ML-NNI opt-each=1
TopHits: 1.00*sqrtN close=default refresh=0.80
ML Model: Generalized Time-Reversible, CAT approximation with 20 rate categories
Ignored unknown character k (seen 5 times)
Ignored unknown character m (seen 9 times)
Ignored unknown character r (seen 34 times)
Ignored unknown character s (seen 6 times)
Ignored unknown character w (seen 4 times)
Ignored unknown character y (seen 33 times)
Initial topology in 0.01 seconds
Refining topology: 8 rounds ME-NNIs, 2 rounds ME-SPRs, 4 rounds ML-NNIs
Total branch-length 0.008 after 0.03 sec
ML-NNI round 1: LogLk = -36370.729 NNIs 0 max delta 0.00 Time 0.10
      0.10 seconds: Optimizing GTR model, step 1 of 12
      0.22 seconds: Optimizing GTR model, step 4 of 12
      0.35 seconds: Optimizing GTR model, step 7 of 12
      0.45 seconds: Optimizing GTR model, step 11 of 12
GTR Frequencies: 0.2486 0.2307 0.2848 0.2359
GTR rates(ac ag at cg ct gt) 0.9154 5.3677 0.5733 0.9669 5.9188 1.0000
      0.55 seconds: Site likelihoods with rate category 8 of 20
Switched to using 20 rate categories (CAT approximation)
Rate categories were divided by 0.625 so that average rate = 1.0
CAT-based log-likelihoods may not be comparable across runs
ML-NNI round 2: LogLk = -36143.551 NNIs 0 max delta 0.00 Time 0.62
Turning off heuristics for final round of ML NNIs (converged)
ML-NNI round 3: LogLk = -36143.550 NNIs 0 max delta 0.00 Time 0.71 (final)
      0.70 seconds: ML Lengths 1 of 2 splits
Optimize all lengths: LogLk = -36143.550 Time 0.76
      1.38 seconds: Site likelihoods with rate category 1 of 20
      1.64 seconds: Optimizing alpha round 2
      1.76 seconds: Optimizing alpha round 3
      1.87 seconds: Optimizing alpha round 4
      2.02 seconds: Optimizing alpha round 5
      2.17 seconds: Optimizing alpha round 6
      2.36 seconds: Optimizing alpha round 7
      2.57 seconds: Optimizing alpha round 9
      2.74 seconds: Optimizing alpha round 10
Gamma(20) LogLk = -36202.081 alpha = 0.062 rescaling lengths by 1.179
Total time: 2.92 seconds Unique: 4/4 Bad splits: 0/1
