FastTree Version 2.1.11 Double precision (No SSE3)
Alignment: aligned.fas
Nucleotide distances: Jukes-Cantor Joins: balanced Support: SH-like 1000
Search: Normal +NNI +SPR (2 rounds range 10) +ML-NNI opt-each=1
TopHits: 1.00*sqrtN close=default refresh=0.80
ML Model: Generalized Time-Reversible, CAT approximation with 20 rate categories
Ignored unknown character m (seen 1 times)
Ignored unknown character r (seen 4 times)
Ignored unknown character s (seen 2 times)
Ignored unknown character y (seen 5 times)
Initial topology in 0.00 seconds
Refining topology: 8 rounds ME-NNIs, 2 rounds ME-SPRs, 4 rounds ML-NNIs
Total branch-length 0.008 after 0.02 sec
ML-NNI round 1: LogLk = -36508.644 NNIs 0 max delta 0.00 Time 0.08
      0.13 seconds: Optimizing GTR model, step 2 of 12
      0.23 seconds: Optimizing GTR model, step 5 of 12
      0.33 seconds: Optimizing GTR model, step 8 of 12
GTR Frequencies: 0.2486 0.2307 0.2848 0.2359
GTR rates(ac ag at cg ct gt) 0.8762 4.9278 0.7178 0.9752 5.3329 1.0000
      0.46 seconds: ML Lengths 1 of 2 splits
      0.56 seconds: Site likelihoods with rate category 19 of 20
Switched to using 20 rate categories (CAT approximation)
Rate categories were divided by 0.625 so that average rate = 1.0
CAT-based log-likelihoods may not be comparable across runs
ML-NNI round 2: LogLk = -36282.442 NNIs 0 max delta 0.00 Time 0.58
Turning off heuristics for final round of ML NNIs (converged)
ML-NNI round 3: LogLk = -36282.442 NNIs 0 max delta 0.00 Time 0.67 (final)
      0.67 seconds: ML Lengths 1 of 2 splits
Optimize all lengths: LogLk = -36282.442 Time 0.71
      1.34 seconds: Site likelihoods with rate category 1 of 20
      1.68 seconds: Optimizing alpha round 2
      1.79 seconds: Optimizing alpha round 3
      1.92 seconds: Optimizing alpha round 4
      2.07 seconds: Optimizing alpha round 5
      2.19 seconds: Optimizing alpha round 6
      2.30 seconds: Optimizing alpha round 7
      2.42 seconds: Optimizing alpha round 8
      2.57 seconds: Optimizing alpha round 9
      2.68 seconds: Optimizing alpha round 10
Gamma(20) LogLk = -36342.579 alpha = 0.062 rescaling lengths by 1.180
Total time: 2.82 seconds Unique: 4/4 Bad splits: 0/1
