FastTree Version 2.1.11 Double precision (No SSE3)
Alignment: aligned.fas
Nucleotide distances: Jukes-Cantor Joins: balanced Support: SH-like 1000
Search: Normal +NNI +SPR (2 rounds range 10) +ML-NNI opt-each=1
TopHits: 1.00*sqrtN close=default refresh=0.80
ML Model: Generalized Time-Reversible, CAT approximation with 20 rate categories
Ignored unknown character k (seen 2 times)
Ignored unknown character m (seen 1 times)
Ignored unknown character r (seen 3 times)
Ignored unknown character s (seen 2 times)
Ignored unknown character y (seen 3 times)
Initial topology in 0.00 seconds
Refining topology: 8 rounds ME-NNIs, 2 rounds ME-SPRs, 4 rounds ML-NNIs
Total branch-length 0.008 after 0.02 sec
ML-NNI round 1: LogLk = -36457.809 NNIs 0 max delta 0.00 Time 0.06
      0.10 seconds: Optimizing GTR model, step 2 of 12
      0.20 seconds: Optimizing GTR model, step 5 of 12
      0.31 seconds: Optimizing GTR model, step 10 of 12
GTR Frequencies: 0.2486 0.2307 0.2848 0.2359
GTR rates(ac ag at cg ct gt) 0.8771 4.8629 0.5715 0.9073 5.1690 1.0000
      0.43 seconds: Site likelihoods with rate category 1 of 20
Switched to using 20 rate categories (CAT approximation)
Rate categories were divided by 0.625 so that average rate = 1.0
CAT-based log-likelihoods may not be comparable across runs
ML-NNI round 2: LogLk = -36232.171 NNIs 0 max delta 0.00 Time 0.51
Turning off heuristics for final round of ML NNIs (converged)
ML-NNI round 3: LogLk = -36232.171 NNIs 0 max delta 0.00 Time 0.60 (final)
      0.59 seconds: ML Lengths 1 of 2 splits
Optimize all lengths: LogLk = -36232.171 Time 0.63
      1.15 seconds: Site likelihoods with rate category 1 of 20
      1.43 seconds: Optimizing alpha round 2
      1.54 seconds: Optimizing alpha round 3
      1.71 seconds: Optimizing alpha round 4
      1.84 seconds: Optimizing alpha round 5
      1.98 seconds: Optimizing alpha round 6
      2.13 seconds: Optimizing alpha round 7
      2.34 seconds: Optimizing alpha round 8
      2.50 seconds: Optimizing alpha round 9
      2.61 seconds: Optimizing alpha round 10
Gamma(20) LogLk = -36290.036 alpha = 0.057 rescaling lengths by 1.215
Total time: 2.71 seconds Unique: 4/4 Bad splits: 0/1
