FastTree Version 2.1.11 Double precision (No SSE3)
Alignment: aligned.fas
Nucleotide distances: Jukes-Cantor Joins: balanced Support: SH-like 1000
Search: Normal +NNI +SPR (2 rounds range 10) +ML-NNI opt-each=1
TopHits: 1.00*sqrtN close=default refresh=0.80
ML Model: Generalized Time-Reversible, CAT approximation with 20 rate categories
Ignored unknown character k (seen 2 times)
Ignored unknown character m (seen 1 times)
Ignored unknown character r (seen 3 times)
Ignored unknown character s (seen 2 times)
Ignored unknown character y (seen 3 times)
Initial topology in 0.00 seconds
Refining topology: 8 rounds ME-NNIs, 2 rounds ME-SPRs, 4 rounds ML-NNIs
Total branch-length 0.008 after 0.03 sec
ML-NNI round 1: LogLk = -36457.809 NNIs 0 max delta 0.00 Time 0.12
      0.11 seconds: Optimizing GTR model, step 1 of 12
      0.23 seconds: Optimizing GTR model, step 4 of 12
      0.33 seconds: Optimizing GTR model, step 7 of 12
GTR Frequencies: 0.2486 0.2307 0.2848 0.2359
GTR rates(ac ag at cg ct gt) 0.8771 4.8630 0.5715 0.9074 5.1692 1.0000
      0.45 seconds: ML Lengths 1 of 2 splits
      0.55 seconds: Site likelihoods with rate category 18 of 20
Switched to using 20 rate categories (CAT approximation)
Rate categories were divided by 0.625 so that average rate = 1.0
CAT-based log-likelihoods may not be comparable across runs
ML-NNI round 2: LogLk = -36232.171 NNIs 0 max delta 0.00 Time 0.58
Turning off heuristics for final round of ML NNIs (converged)
ML-NNI round 3: LogLk = -36232.171 NNIs 0 max delta 0.00 Time 0.68 (final)
      0.68 seconds: ML Lengths 1 of 2 splits
Optimize all lengths: LogLk = -36232.171 Time 0.71
      1.40 seconds: Site likelihoods with rate category 1 of 20
      1.66 seconds: Optimizing alpha round 2
      1.76 seconds: Optimizing alpha round 3
      1.93 seconds: Optimizing alpha round 4
      2.06 seconds: Optimizing alpha round 5
      2.20 seconds: Optimizing alpha round 6
      2.33 seconds: Optimizing alpha round 7
      2.46 seconds: Optimizing alpha round 8
      2.57 seconds: Optimizing alpha round 9
      2.73 seconds: Optimizing alpha round 10
Gamma(20) LogLk = -36290.036 alpha = 0.057 rescaling lengths by 1.215
Total time: 2.86 seconds Unique: 4/4 Bad splits: 0/1
