Feb-26 11:22:18.355 [main] DEBUG nextflow.cli.Launcher - $> nextflow run main.nf
Feb-26 11:22:18.525 [main] DEBUG nextflow.cli.CmdRun - N E X T F L O W  ~  version 24.10.4
Feb-26 11:22:18.563 [main] DEBUG nextflow.plugin.PluginsFacade - Setting up plugin manager > mode=prod; embedded=false; plugins-dir=/Users/r/.nextflow/plugins; core-plugins: nf-amazon@2.9.2,nf-azure@1.10.2,nf-cloudcache@0.4.2,nf-codecommit@0.2.2,nf-console@1.1.4,nf-google@1.15.3,nf-tower@1.9.3,nf-wave@1.7.4
Feb-26 11:22:18.589 [main] INFO  o.pf4j.DefaultPluginStatusProvider - Enabled plugins: []
Feb-26 11:22:18.591 [main] INFO  o.pf4j.DefaultPluginStatusProvider - Disabled plugins: []
Feb-26 11:22:18.595 [main] INFO  org.pf4j.DefaultPluginManager - PF4J version 3.12.0 in 'deployment' mode
Feb-26 11:22:18.614 [main] INFO  org.pf4j.AbstractPluginManager - No plugins
Feb-26 11:22:18.647 [main] DEBUG nextflow.config.ConfigBuilder - Found config local: /Users/r/pkgs/monotrac/guy_nextflow/nextflow.config
Feb-26 11:22:18.652 [main] DEBUG nextflow.config.ConfigBuilder - Parsing config file: /Users/r/pkgs/monotrac/guy_nextflow/nextflow.config
Feb-26 11:22:18.698 [main] DEBUG n.secret.LocalSecretsProvider - Secrets store: /Users/r/.nextflow/secrets/store.json
Feb-26 11:22:18.702 [main] DEBUG nextflow.secret.SecretsLoader - Discovered secrets providers: [nextflow.secret.LocalSecretsProvider@1436a7ab] - activable => nextflow.secret.LocalSecretsProvider@1436a7ab
Feb-26 11:22:18.712 [main] DEBUG nextflow.config.ConfigBuilder - Applying config profile: `standard`
Feb-26 11:22:19.358 [main] DEBUG nextflow.cli.CmdRun - Applied DSL=2 from script declaration
Feb-26 11:22:19.382 [main] DEBUG nextflow.cli.CmdRun - Launching `main.nf` [elated_legentil] DSL2 - revision: 908adcf7dd
Feb-26 11:22:19.385 [main] DEBUG nextflow.plugin.PluginsFacade - Plugins default=[]
Feb-26 11:22:19.385 [main] DEBUG nextflow.plugin.PluginsFacade - Plugins resolved requirement=[]
Feb-26 11:22:19.479 [main] DEBUG nextflow.Session - Session UUID: 7c965d7d-f69e-4a79-a2ef-75dfa7576883
Feb-26 11:22:19.480 [main] DEBUG nextflow.Session - Run name: elated_legentil
Feb-26 11:22:19.480 [main] DEBUG nextflow.Session - Executor pool size: 8
Feb-26 11:22:19.495 [main] DEBUG nextflow.file.FilePorter - File porter settings maxRetries=3; maxTransfers=50; pollTimeout=null
Feb-26 11:22:19.505 [main] DEBUG nextflow.util.ThreadPoolBuilder - Creating thread pool 'FileTransfer' minSize=10; maxSize=24; workQueue=LinkedBlockingQueue[10000]; allowCoreThreadTimeout=false
Feb-26 11:22:19.546 [main] DEBUG nextflow.cli.CmdRun - 
  Version: 24.10.4 build 5934
  Created: 20-01-2025 16:47 UTC (16:47 BST)
  System: Mac OS X 15.3.1
  Runtime: Groovy 4.0.23 on OpenJDK 64-Bit Server VM 11.0.13+7-b1751.21
  Encoding: UTF-8 (UTF-8)
  Process: 15428@current.local [127.0.0.1]
  CPUs: 8 - Mem: 16 GB (206 MB) - Swap: 2 GB (659 MB)
Feb-26 11:22:19.567 [main] DEBUG nextflow.Session - Work-dir: /Users/r/pkgs/monotrac/guy_nextflow/work [Mac OS X]
Feb-26 11:22:19.568 [main] DEBUG nextflow.Session - Script base path does not exist or is not a directory: /Users/r/pkgs/monotrac/guy_nextflow/bin
Feb-26 11:22:19.581 [main] DEBUG nextflow.executor.ExecutorFactory - Extension executors providers=[]
Feb-26 11:22:19.596 [main] DEBUG nextflow.Session - Observer factory: DefaultObserverFactory
Feb-26 11:22:19.631 [main] DEBUG nextflow.cache.CacheFactory - Using Nextflow cache factory: nextflow.cache.DefaultCacheFactory
Feb-26 11:22:19.647 [main] DEBUG nextflow.util.CustomThreadPool - Creating default thread pool > poolSize: 9; maxThreads: 1000
Feb-26 11:22:19.755 [main] DEBUG nextflow.Session - Session start
Feb-26 11:22:20.208 [main] DEBUG nextflow.script.ScriptRunner - > Launching execution
Feb-26 11:22:20.641 [main] DEBUG nextflow.executor.ExecutorFactory - << taskConfig executor: null
Feb-26 11:22:20.642 [main] DEBUG nextflow.executor.ExecutorFactory - >> processorType: 'local'
Feb-26 11:22:20.651 [main] DEBUG nextflow.executor.Executor - [warm up] executor > local
Feb-26 11:22:20.660 [main] DEBUG n.processor.LocalPollingMonitor - Creating local task monitor for executor 'local' > cpus=8; memory=16 GB; capacity=8; pollInterval=100ms; dumpInterval=5m
Feb-26 11:22:20.664 [main] DEBUG n.processor.TaskPollingMonitor - >>> barrier register (monitor: local)
Feb-26 11:22:20.757 [main] DEBUG nextflow.Session - Workflow process names [dsl2]: FASTQC
Feb-26 11:22:20.758 [main] DEBUG nextflow.Session - Igniting dataflow network (2)
Feb-26 11:22:20.774 [main] DEBUG nextflow.processor.TaskProcessor - Starting process > FASTQC
Feb-26 11:22:20.777 [main] DEBUG nextflow.script.ScriptRunner - Parsed script files:
  Script_c75f14fd10b79270: /Users/r/pkgs/monotrac/guy_nextflow/main.nf
  Script_ee86e820d2dbe93b: /Users/r/pkgs/monotrac/guy_nextflow/./modules/fastqc.nf
Feb-26 11:22:20.778 [main] DEBUG nextflow.script.ScriptRunner - > Awaiting termination 
Feb-26 11:22:20.781 [main] DEBUG nextflow.Session - Session await
Feb-26 11:22:21.047 [Actor Thread 9] DEBUG nextflow.conda.CondaCache - conda found local env for environment=/usr/local/anaconda3/envs/fastqc; path=/usr/local/anaconda3/envs/fastqc
Feb-26 11:22:21.181 [Task submitter] DEBUG n.executor.local.LocalTaskHandler - Launch cmd line: /bin/bash -ue .command.run
Feb-26 11:22:21.184 [Task submitter] INFO  nextflow.Session - [cc/1e6fb4] Submitted process > FASTQC (1)
Feb-26 11:22:29.389 [Task monitor] DEBUG n.processor.TaskPollingMonitor - Task completed > TaskHandler[id: 1; name: FASTQC (1); status: COMPLETED; exit: 0; error: -; workDir: /Users/r/pkgs/monotrac/guy_nextflow/work/cc/1e6fb436d10a9a78db8f855d838c20]
Feb-26 11:22:29.391 [Task monitor] DEBUG nextflow.util.ThreadPoolBuilder - Creating thread pool 'TaskFinalizer' minSize=10; maxSize=24; workQueue=LinkedBlockingQueue[10000]; allowCoreThreadTimeout=false
Feb-26 11:22:29.456 [main] DEBUG nextflow.Session - Session await > all processes finished
Feb-26 11:22:29.487 [Task monitor] DEBUG n.processor.TaskPollingMonitor - <<< barrier arrives (monitor: local) - terminating tasks monitor poll loop
Feb-26 11:22:29.487 [main] DEBUG nextflow.Session - Session await > all barriers passed
Feb-26 11:22:29.491 [main] DEBUG nextflow.util.ThreadPoolManager - Thread pool 'TaskFinalizer' shutdown completed (hard=false)
Feb-26 11:22:29.495 [main] INFO  nextflow.Nextflow - 
Done!
Feb-26 11:22:29.505 [main] DEBUG n.trace.WorkflowStatsObserver - Workflow completed > WorkflowStats[succeededCount=1; failedCount=0; ignoredCount=0; cachedCount=0; pendingCount=0; submittedCount=0; runningCount=0; retriesCount=0; abortedCount=0; succeedDuration=8.1s; failedDuration=0ms; cachedDuration=0ms;loadCpus=0; loadMemory=0; peakRunning=1; peakCpus=1; peakMemory=0; ]
Feb-26 11:22:29.660 [main] DEBUG nextflow.cache.CacheDB - Closing CacheDB done
Feb-26 11:22:29.702 [main] DEBUG nextflow.util.ThreadPoolManager - Thread pool 'FileTransfer' shutdown completed (hard=false)
Feb-26 11:22:29.704 [main] DEBUG nextflow.script.ScriptRunner - > Execution complete -- Goodbye
