TF_CPP_MIN_LOG_LEVEL is set to '3'
Attempting to automatically select model version.
WARNING: Failed to detect a model version, will use default: 'r1041_e82_400bps_sup_v5.0.0'
Checking program versions
This is medaka 1.12.1
Program    Version    Required   Pass     
bcftools   1.11       1.11       True     
bgzip      1.21       1.11       True     
minimap2   2.11       2.11       True     
samtools   1.11       1.11       True     
tabix      1.21       1.11       True     
[10:11:59 - MdlStrTF] Successfully removed temporary files from /var/folders/vs/4d0w8drx4zdg1jl70nymtyt00000gn/T/tmpcxxla09s.
[10:12:00 - MdlStrTF] Successfully removed temporary files from /var/folders/vs/4d0w8drx4zdg1jl70nymtyt00000gn/T/tmp6fvwx16r.
Using the existing fai index file /Volumes/Seagate/monotrac/nextflow/References/targets.fasta.fai
Using the existing mmi index file /Volumes/Seagate/monotrac/nextflow/References/targets.fasta.map-ont.mmi
Aligning basecalls to draft
[M::main::0.007*2.23] loaded/built the index for 20 target sequence(s)
[M::mm_mapopt_update::0.008*2.11] mid_occ = 2
[M::mm_idx_stat] kmer size: 15; skip: 10; is_hpc: 0; #seq: 20
[M::mm_idx_stat::0.008*2.09] distinct minimizers: 4818 (100.00% are singletons); average occurrences: 1.000; average spacing: 5.410
[M::worker_pipeline::3.359*0.70] mapped 15532 sequences
[M::main] Version: 2.11-r797
[M::main] CMD: minimap2 -x map-ont --secondary=no -L --MD -A 2 -B 4 -O 4,24 -E 2,1 -t 1 -a /Volumes/Seagate/monotrac/nextflow/References/targets.fasta.map-ont.mmi /Volumes/Seagate/monotrac/nextflow/Raw_reads/ERR9695747.fq.gz
[M::main] Real time: 3.361 sec; CPU: 2.357 sec
Running medaka consensus
[10:12:08 - Predict] Setting tensorflow inter/intra-op threads to 1/1.
[10:12:08 - Predict] Processing region(s): Tb927.1.3230:0-2148 Tb927.10.13980:0-627 Tb927.10.14170:0-939 Tb927.10.15300:0-3465 Tb927.10.1820:0-795 Tb927.10.2810:0-1017 Tb927.10.4720:0-1083 Tb927.11.1940:0-1395 Tb927.11.3980:0-1557 Tb927.3.4350:0-2325 Tb927.4.980:0-1119 Tb927.5.1220:0-567 Tb927.6.1100:0-1479 Tb927.6.2630:0-1320 Tb927.6.3660:0-831 Tb927.6.5000:0-1185 Tb927.7.6560:0-684 Tb927.8.3480:0-1827 Tb927.8.3810:0-1173 Tb927.9.10660:0-528
[10:12:08 - Predict] Using model: /opt/anaconda3/envs/medaka/lib/python3.8/site-packages/medaka/data/r1041_e82_400bps_sup_v5.0.0_model.tar.gz.
[10:12:08 - Predict] Using minimum mapQ threshold of 1 for read filtering.
[10:12:08 - BAMFile] Creating pool of 16 BAM file sets.
[10:12:08 - Predict] Processing 20 short region(s).
[10:12:09 - MdlStrTF] Model <keras.src.engine.sequential.Sequential object at 0x7fdd41994f70>
[10:12:09 - MdlStrTF] loading weights from /var/folders/vs/4d0w8drx4zdg1jl70nymtyt00000gn/T/tmpmlscwjjw/model/variables/variables (using expect partial)
[10:12:09 - Sampler] Initializing sampler for consensus of region Tb927.1.3230:0-2148.
[10:12:09 - Sampler] Initializing sampler for consensus of region Tb927.10.13980:0-627.
[10:12:09 - PWorker] Running inference for 0.0M draft bases.
[10:12:09 - Feature] Pileup counts do not span requested region, requested Tb927.1.3230:0-2148, received 0-2146.
[10:12:09 - Feature] Processed Tb927.10.13980:0.0-626.0 (median depth 125.0)
[10:12:09 - Sampler] Took 0.15s to make features.
[10:12:09 - Sampler] Initializing sampler for consensus of region Tb927.10.14170:0-939.
[10:12:09 - Feature] Processed Tb927.1.3230:0.0-2146.0 (median depth 134.0)
[10:12:09 - Sampler] Took 0.19s to make features.
[10:12:09 - Sampler] Initializing sampler for consensus of region Tb927.10.15300:0-3465.
[10:12:09 - Feature] Processed Tb927.10.14170:0.0-938.0 (median depth 248.0)
[10:12:09 - Sampler] Took 0.12s to make features.
[10:12:09 - Sampler] Initializing sampler for consensus of region Tb927.10.1820:0-795.
[10:12:09 - Feature] Processed Tb927.10.15300:0.0-3464.0 (median depth 124.0)
[10:12:09 - Sampler] Took 0.15s to make features.
[10:12:09 - Sampler] Initializing sampler for consensus of region Tb927.10.2810:0-1017.
[10:12:09 - Feature] Processed Tb927.10.1820:0.0-794.0 (median depth 143.0)
[10:12:09 - Sampler] Took 0.09s to make features.
[10:12:09 - Sampler] Initializing sampler for consensus of region Tb927.10.4720:0-1083.
[10:12:09 - Feature] Processed Tb927.10.2810:0.0-1016.0 (median depth 138.0)
[10:12:09 - Sampler] Took 0.08s to make features.
[10:12:09 - Sampler] Initializing sampler for consensus of region Tb927.11.1940:0-1395.
[10:12:09 - Feature] Processed Tb927.10.4720:0.0-1082.0 (median depth 118.0)
[10:12:09 - Sampler] Took 0.11s to make features.
[10:12:09 - Sampler] Initializing sampler for consensus of region Tb927.11.3980:0-1557.
[10:12:09 - Feature] Processed Tb927.11.1940:0.0-1394.0 (median depth 135.0)
[10:12:09 - Sampler] Took 0.11s to make features.
[10:12:09 - Sampler] Initializing sampler for consensus of region Tb927.3.4350:0-2325.
[10:12:10 - Feature] Processed Tb927.11.3980:0.0-1556.0 (median depth 118.0)
[10:12:10 - Sampler] Took 0.12s to make features.
[10:12:10 - Sampler] Initializing sampler for consensus of region Tb927.4.980:0-1119.
[10:12:10 - Feature] Processed Tb927.3.4350:0.0-2324.0 (median depth 131.0)
[10:12:10 - Sampler] Took 0.14s to make features.
[10:12:10 - Sampler] Initializing sampler for consensus of region Tb927.5.1220:0-567.
[10:12:10 - Feature] Processed Tb927.4.980:0.0-1118.0 (median depth 137.0)
[10:12:10 - Sampler] Took 0.07s to make features.
[10:12:10 - Sampler] Initializing sampler for consensus of region Tb927.6.1100:0-1479.
[10:12:10 - Feature] Processed Tb927.5.1220:0.0-566.0 (median depth 164.0)
[10:12:10 - Sampler] Took 0.02s to make features.
[10:12:10 - Sampler] Initializing sampler for consensus of region Tb927.6.2630:0-1320.
[10:12:10 - Feature] Processed Tb927.6.1100:0.0-1478.0 (median depth 122.0)
[10:12:10 - Sampler] Took 0.03s to make features.
[10:12:10 - Sampler] Initializing sampler for consensus of region Tb927.6.3660:0-831.
[10:12:10 - Feature] Processed Tb927.6.2630:0.0-1319.0 (median depth 146.0)
[10:12:10 - Sampler] Took 0.04s to make features.
[10:12:10 - Sampler] Initializing sampler for consensus of region Tb927.6.5000:0-1185.
[10:12:10 - Feature] Processed Tb927.6.3660:0.0-830.0 (median depth 139.0)
[10:12:10 - Sampler] Took 0.02s to make features.
[10:12:10 - Sampler] Initializing sampler for consensus of region Tb927.7.6560:0-684.
[10:12:10 - Feature] Processed Tb927.6.5000:0.0-1184.0 (median depth 102.0)
[10:12:10 - Sampler] Took 0.01s to make features.
[10:12:10 - Sampler] Initializing sampler for consensus of region Tb927.8.3480:0-1827.
[10:12:10 - Feature] Processed Tb927.8.3480:0.0-1826.0 (median depth 162.0)
[10:12:10 - Sampler] Took 0.08s to make features.
[10:12:10 - Sampler] Initializing sampler for consensus of region Tb927.8.3810:0-1173.
[10:12:10 - Feature] Processed Tb927.7.6560:0.0-683.0 (median depth 158.0)
[10:12:10 - Sampler] Took 0.08s to make features.
[10:12:10 - Sampler] Initializing sampler for consensus of region Tb927.9.10660:0-528.
[10:12:10 - Feature] Processed Tb927.9.10660:0.0-527.0 (median depth 138.0)
[10:12:10 - Sampler] Took 0.02s to make features.
[10:12:10 - Feature] Processed Tb927.8.3810:0.0-1172.0 (median depth 123.0)
[10:12:10 - Sampler] Took 0.03s to make features.
[10:12:29 - PWorker] Batches in cache: 8.
[10:12:29 - PWorker] 7.0% Done (0.0/0.0 Mbases) in 20.2s
[10:12:38 - PWorker] Batches in cache: 8.
[10:13:02 - PWorker] Batches in cache: 8.
[10:13:02 - PWorker] 20.6% Done (0.0/0.0 Mbases) in 52.9s
[10:13:07 - PWorker] Batches in cache: 8.
[10:13:15 - PWorker] Batches in cache: 8.
[10:13:15 - PWorker] 24.1% Done (0.0/0.0 Mbases) in 66.1s
[10:13:23 - PWorker] Batches in cache: 8.
[10:13:36 - PWorker] Batches in cache: 8.
[10:13:36 - PWorker] 30.0% Done (0.0/0.0 Mbases) in 86.8s
[10:13:46 - PWorker] Batches in cache: 8.
[10:13:46 - PWorker] 34.1% Done (0.0/0.0 Mbases) in 96.9s
[10:14:01 - PWorker] Batches in cache: 8.
[10:14:01 - PWorker] 41.2% Done (0.0/0.0 Mbases) in 112.0s
[10:14:09 - PWorker] Batches in cache: 8.
[10:14:12 - PWorker] 44.1% Done (0.0/0.0 Mbases) in 123.2s
[10:14:22 - PWorker] Batches in cache: 8.
[10:14:30 - PWorker] Batches in cache: 7.
[10:14:30 - PWorker] 51.4% Done (0.0/0.0 Mbases) in 141.5s
[10:14:36 - PWorker] Batches in cache: 6.
[10:14:43 - PWorker] Batches in cache: 5.
[10:14:43 - PWorker] 55.3% Done (0.0/0.0 Mbases) in 153.9s
[10:14:56 - PWorker] Batches in cache: 4.
[10:14:56 - PWorker] 60.6% Done (0.0/0.0 Mbases) in 166.6s
[10:15:04 - PWorker] Batches in cache: 2.
[10:15:11 - PWorker] Batches in cache: 1.
[10:15:11 - PWorker] 64.6% Done (0.0/0.0 Mbases) in 182.4s
[10:15:12 - PWorker] Processed 20 batches
[10:15:12 - PWorker] All done, 0 remainder regions.
[10:15:12 - Predict] Finished processing all regions.
[10:15:12 - MdlStrTF] Successfully removed temporary files from /var/folders/vs/4d0w8drx4zdg1jl70nymtyt00000gn/T/tmpmlscwjjw.
[10:15:13 - DataIndx] Loaded 1/1 (100.00%) sample files.
[10:15:13 - Stitcher] Stitching Tb927.5.1220:0-567
[10:15:13 - Stitcher] Stitching Tb927.6.2630:0-1320
[10:15:13 - Stitcher] Stitching Tb927.10.13980:0-627
[10:15:13 - Stitcher] Stitching Tb927.10.4720:0-1083
[10:15:13 - Stitcher] Stitching Tb927.7.6560:0-684
[10:15:13 - Stitcher] Stitching Tb927.10.1820:0-795
[10:15:13 - Stitcher] Stitching Tb927.11.1940:0-1395
[10:15:13 - Stitcher] Stitching Tb927.6.5000:0-1185
[10:15:13 - Stitcher] Stitching Tb927.11.3980:0-1557
[10:15:13 - Stitcher] Stitching Tb927.10.14170:0-939
[10:15:13 - Stitcher] Stitching Tb927.8.3810:0-1173
[10:15:13 - Stitcher] Stitching Tb927.4.980:0-1119
[10:15:13 - Stitcher] Stitching Tb927.10.15300:0-3465
[10:15:13 - Stitcher] Stitching Tb927.6.3660:0-831
[10:15:13 - Stitcher] Stitching Tb927.1.3230:0-2148
[10:15:13 - Stitcher] Stitching Tb927.6.1100:0-1479
[10:15:13 - Stitcher] Stitching Tb927.9.10660:0-528
[10:15:13 - Stitcher] Stitching Tb927.3.4350:0-2325
[10:15:13 - Stitcher] Stitching Tb927.8.3480:0-1827
[10:15:13 - Stitcher] Stitching Tb927.10.2810:0-1017
Polished assembly written to ERR9695747_consensus/consensus.fasta, have a nice day.
Calling variant
[10:15:14 - DataIndx] Loaded 1/1 (100.00%) sample files.
[10:15:15 - Variants] Processing Tb927.1.3230:0-.
[10:15:15 - Variants] Processing Tb927.10.13980:0-.
[10:15:15 - Variants] Processing Tb927.10.14170:0-.
[10:15:15 - Variants] Processing Tb927.10.15300:0-.
[10:15:15 - Variants] Processing Tb927.10.1820:0-.
[10:15:15 - Variants] Processing Tb927.10.2810:0-.
[10:15:15 - Variants] Processing Tb927.10.4720:0-.
[10:15:15 - Variants] Processing Tb927.11.1940:0-.
[10:15:15 - Variants] Processing Tb927.11.3980:0-.
[10:15:15 - Variants] Processing Tb927.3.4350:0-.
[10:15:15 - Variants] Processing Tb927.4.980:0-.
[10:15:15 - Variants] Processing Tb927.5.1220:0-.
[10:15:15 - Variants] Processing Tb927.6.1100:0-.
[10:15:15 - Variants] Processing Tb927.6.2630:0-.
[10:15:15 - Variants] Processing Tb927.6.3660:0-.
[10:15:15 - Variants] Processing Tb927.6.5000:0-.
[10:15:15 - Variants] Processing Tb927.7.6560:0-.
[10:15:15 - Variants] Processing Tb927.8.3480:0-.
[10:15:15 - Variants] Processing Tb927.8.3810:0-.
[10:15:15 - Variants] Processing Tb927.9.10660:0-.
[10:15:15 - Annotate] Getting chrom coordinates
[10:15:15 - Annotate] Processing chunk with coordinates: Tb927.1.3230:358-2011
[10:15:15 - BAMFile] Creating pool of 16 BAM file sets.
[10:15:15 - Annotate] Processing chunk with coordinates: Tb927.10.13980:38-415
[10:15:15 - BAMFile] Creating pool of 16 BAM file sets.
[10:15:15 - Annotate] Processing chunk with coordinates: Tb927.10.14170:96-896
[10:15:15 - BAMFile] Creating pool of 16 BAM file sets.
[10:15:16 - Annotate] Processing chunk with coordinates: Tb927.10.15300:8-3298
[10:15:16 - BAMFile] Creating pool of 16 BAM file sets.
[10:15:16 - Annotate] Processing chunk with coordinates: Tb927.10.1820:110-735
[10:15:16 - BAMFile] Creating pool of 16 BAM file sets.
[10:15:16 - Annotate] Processing chunk with coordinates: Tb927.10.2810:3-1008
[10:15:16 - BAMFile] Creating pool of 16 BAM file sets.
[10:15:16 - Annotate] Processing chunk with coordinates: Tb927.10.4720:135-1052
[10:15:16 - BAMFile] Creating pool of 16 BAM file sets.
[10:15:16 - Annotate] Processing chunk with coordinates: Tb927.11.1940:326-336
[10:15:16 - BAMFile] Creating pool of 16 BAM file sets.
[10:15:16 - Annotate] Processing chunk with coordinates: Tb927.11.3980:221-1058
[10:15:16 - BAMFile] Creating pool of 16 BAM file sets.
[10:15:16 - Annotate] Processing chunk with coordinates: Tb927.3.4350:212-2180
[10:15:16 - BAMFile] Creating pool of 16 BAM file sets.
[10:15:16 - Annotate] Processing chunk with coordinates: Tb927.4.980:29-57
[10:15:16 - BAMFile] Creating pool of 16 BAM file sets.
[10:15:16 - Annotate] Processing chunk with coordinates: Tb927.5.1220:43-435
[10:15:16 - BAMFile] Creating pool of 16 BAM file sets.
[10:15:17 - Annotate] Processing chunk with coordinates: Tb927.6.1100:38-1215
[10:15:17 - BAMFile] Creating pool of 16 BAM file sets.
[10:15:17 - Annotate] Processing chunk with coordinates: Tb927.6.2630:288-1307
[10:15:17 - BAMFile] Creating pool of 16 BAM file sets.
[10:15:17 - Annotate] Processing chunk with coordinates: Tb927.6.3660:331-715
[10:15:17 - BAMFile] Creating pool of 16 BAM file sets.
[10:15:17 - Annotate] Processing chunk with coordinates: Tb927.6.5000:116-1068
[10:15:17 - BAMFile] Creating pool of 16 BAM file sets.
[10:15:17 - Annotate] Processing chunk with coordinates: Tb927.7.6560:73-641
[10:15:17 - BAMFile] Creating pool of 16 BAM file sets.
[10:15:17 - Annotate] Processing chunk with coordinates: Tb927.8.3480:6-1424
[10:15:17 - BAMFile] Creating pool of 16 BAM file sets.
[10:15:17 - Annotate] Processing chunk with coordinates: Tb927.8.3810:113-606
[10:15:17 - BAMFile] Creating pool of 16 BAM file sets.
[10:15:17 - Annotate] Processing chunk with coordinates: Tb927.9.10660:7-487
[10:15:17 - BAMFile] Creating pool of 16 BAM file sets.
Note: the --sample option not given, applying all records regardless of the genotype
Applied 198 variants
