FastTree Version 2.1.11 Double precision (No SSE3)
Alignment: aligned.fas
Nucleotide distances: Jukes-Cantor Joins: balanced Support: SH-like 1000
Search: Normal +NNI +SPR (2 rounds range 10) +ML-NNI opt-each=1
TopHits: 1.00*sqrtN close=default refresh=0.80
ML Model: Generalized Time-Reversible, CAT approximation with 20 rate categories
Ignored unknown character k (seen 5 times)
Ignored unknown character m (seen 3 times)
Ignored unknown character r (seen 12 times)
Ignored unknown character s (seen 1 times)
Ignored unknown character y (seen 11 times)
Initial topology in 0.00 seconds
Refining topology: 8 rounds ME-NNIs, 2 rounds ME-SPRs, 4 rounds ML-NNIs
Total branch-length 0.008 after 0.03 sec
ML-NNI round 1: LogLk = -36468.841 NNIs 0 max delta 0.00 Time 0.09
      0.14 seconds: Optimizing GTR model, step 2 of 12
      0.27 seconds: Optimizing GTR model, step 5 of 12
      0.39 seconds: Optimizing GTR model, step 9 of 12
GTR Frequencies: 0.2486 0.2308 0.2848 0.2358
GTR rates(ac ag at cg ct gt) 0.9112 5.7082 0.6572 0.8911 6.3575 1.0000
      0.53 seconds: ML Lengths 1 of 2 splits
Switched to using 20 rate categories (CAT approximation)
Rate categories were divided by 0.625 so that average rate = 1.0
CAT-based log-likelihoods may not be comparable across runs
      0.63 seconds: ML NNI round 2 of 4, 1 of 2 splits
ML-NNI round 2: LogLk = -36230.225 NNIs 0 max delta 0.00 Time 0.64
Turning off heuristics for final round of ML NNIs (converged)
ML-NNI round 3: LogLk = -36230.225 NNIs 0 max delta 0.00 Time 0.72 (final)
Optimize all lengths: LogLk = -36230.225 Time 0.77
      1.44 seconds: Site likelihoods with rate category 1 of 20
      1.75 seconds: Optimizing alpha round 2
      1.88 seconds: Optimizing alpha round 3
      2.02 seconds: Optimizing alpha round 4
      2.16 seconds: Optimizing alpha round 5
      2.26 seconds: Optimizing alpha round 6
      2.40 seconds: Optimizing alpha round 7
      2.55 seconds: Optimizing alpha round 8
      2.66 seconds: Optimizing alpha round 9
Gamma(20) LogLk = -36282.454 alpha = 0.037 rescaling lengths by 1.538
Total time: 2.87 seconds Unique: 4/4 Bad splits: 0/1
