FastTree Version 2.1.11 Double precision (No SSE3)
Alignment: aligned.fas
Nucleotide distances: Jukes-Cantor Joins: balanced Support: SH-like 1000
Search: Normal +NNI +SPR (2 rounds range 10) +ML-NNI opt-each=1
TopHits: 1.00*sqrtN close=default refresh=0.80
ML Model: Generalized Time-Reversible, CAT approximation with 20 rate categories
Ignored unknown character m (seen 1 times)
Ignored unknown character r (seen 5 times)
Ignored unknown character s (seen 1 times)
Ignored unknown character y (seen 5 times)
Initial topology in 0.01 seconds
Refining topology: 8 rounds ME-NNIs, 2 rounds ME-SPRs, 4 rounds ML-NNIs
Total branch-length 0.008 after 0.03 sec
ML-NNI round 1: LogLk = -36508.644 NNIs 0 max delta 0.00 Time 0.08
      0.12 seconds: Optimizing GTR model, step 2 of 12
      0.23 seconds: Optimizing GTR model, step 5 of 12
      0.33 seconds: Optimizing GTR model, step 8 of 12
GTR Frequencies: 0.2486 0.2307 0.2848 0.2359
GTR rates(ac ag at cg ct gt) 0.8762 4.9279 0.7179 0.9752 5.3330 1.0000
      0.44 seconds: ML Lengths 1 of 2 splits
Switched to using 20 rate categories (CAT approximation)
Rate categories were divided by 0.625 so that average rate = 1.0
CAT-based log-likelihoods may not be comparable across runs
      0.56 seconds: ML NNI round 2 of 4, 1 of 2 splits
ML-NNI round 2: LogLk = -36282.442 NNIs 0 max delta 0.00 Time 0.58
Turning off heuristics for final round of ML NNIs (converged)
ML-NNI round 3: LogLk = -36282.442 NNIs 0 max delta 0.00 Time 0.67 (final)
      0.67 seconds: ML Lengths 1 of 2 splits
Optimize all lengths: LogLk = -36282.442 Time 0.70
      1.27 seconds: Site likelihoods with rate category 1 of 20
      1.55 seconds: Optimizing alpha round 2
      1.66 seconds: Optimizing alpha round 3
      1.77 seconds: Optimizing alpha round 4
      1.88 seconds: Optimizing alpha round 5
      1.99 seconds: Optimizing alpha round 6
      2.10 seconds: Optimizing alpha round 7
      2.20 seconds: Optimizing alpha round 8
      2.34 seconds: Optimizing alpha round 9
Gamma(20) LogLk = -36342.579 alpha = 0.062 rescaling lengths by 1.180
Total time: 2.50 seconds Unique: 4/4 Bad splits: 0/1
