[15:01:31 - MdlStrTF] Successfully removed temporary files from /var/folders/vs/4d0w8drx4zdg1jl70nymtyt00000gn/T/tmpeqb43ew9.
[15:01:32 - MdlStrTF] Successfully removed temporary files from /var/folders/vs/4d0w8drx4zdg1jl70nymtyt00000gn/T/tmpnahwkylz.
Using the existing fai index file /Volumes/Seagate/monotrac/nextflow/References/targets.fasta.fai
Using the existing mmi index file /Volumes/Seagate/monotrac/nextflow/References/targets.fasta.map-ont.mmi
[M::main::0.013*1.59] loaded/built the index for 20 target sequence(s)
[M::mm_mapopt_update::0.014*1.56] mid_occ = 2
[M::mm_idx_stat] kmer size: 15; skip: 10; is_hpc: 0; #seq: 20
[M::mm_idx_stat::0.014*1.55] distinct minimizers: 4818 (100.00% are singletons); average occurrences: 1.000; average spacing: 5.410
ERROR: failed to open file '/Volumes/Seagate/monotrac/nextflow/work/6d/65d46b2cf460a950dae8b19f285407/ERR9695747'
[M::main] Version: 2.11-r797
[M::main] CMD: minimap2 -x map-ont --secondary=no -L --MD -A 2 -B 4 -O 4,24 -E 2,1 -t 1 -a /Volumes/Seagate/monotrac/nextflow/References/targets.fasta.map-ont.mmi /Volumes/Seagate/monotrac/nextflow/work/6d/65d46b2cf460a950dae8b19f285407/ERR9695747
[M::main] Real time: 0.016 sec; CPU: 0.023 sec
[15:01:38 - Predict] Setting tensorflow inter/intra-op threads to 1/1.
[15:01:38 - Predict] Processing region(s): Tb927.1.3230:0-2148 Tb927.10.13980:0-627 Tb927.10.14170:0-939 Tb927.10.15300:0-3465 Tb927.10.1820:0-795 Tb927.10.2810:0-1017 Tb927.10.4720:0-1083 Tb927.11.1940:0-1395 Tb927.11.3980:0-1557 Tb927.3.4350:0-2325 Tb927.4.980:0-1119 Tb927.5.1220:0-567 Tb927.6.1100:0-1479 Tb927.6.2630:0-1320 Tb927.6.3660:0-831 Tb927.6.5000:0-1185 Tb927.7.6560:0-684 Tb927.8.3480:0-1827 Tb927.8.3810:0-1173 Tb927.9.10660:0-528
[15:01:38 - Predict] Using model: /opt/anaconda3/envs/medaka/lib/python3.8/site-packages/medaka/data/r1041_e82_400bps_sup_v5.0.0_model.tar.gz.
[15:01:38 - Predict] Using minimum mapQ threshold of 1 for read filtering.
[15:01:38 - BAMFile] Creating pool of 16 BAM file sets.
[15:01:38 - Predict] Processing 20 short region(s).
[15:01:39 - MdlStrTF] Model <keras.src.engine.sequential.Sequential object at 0x7fe7f1e43f70>
[15:01:39 - MdlStrTF] loading weights from /var/folders/vs/4d0w8drx4zdg1jl70nymtyt00000gn/T/tmpu9akdbh1/model/variables/variables (using expect partial)
[15:01:39 - Sampler] Initializing sampler for consensus of region Tb927.1.3230:0-2148.
[15:01:39 - Sampler] Initializing sampler for consensus of region Tb927.10.13980:0-627.
[15:01:39 - PWorker] Running inference for 0.0M draft bases.
[15:01:39 - Sampler] Took 0.04s to make features.
[15:01:39 - Sampler] Initializing sampler for consensus of region Tb927.10.14170:0-939.
[15:01:39 - Sampler] Took 0.04s to make features.
[15:01:39 - Sampler] Initializing sampler for consensus of region Tb927.10.15300:0-3465.
[15:01:39 - Sampler] Took 0.04s to make features.
[15:01:39 - Sampler] Initializing sampler for consensus of region Tb927.10.1820:0-795.
[15:01:39 - Sampler] Took 0.04s to make features.
[15:01:39 - Sampler] Initializing sampler for consensus of region Tb927.10.2810:0-1017.
[15:01:39 - Sampler] Took 0.09s to make features.
[15:01:39 - Sampler] Initializing sampler for consensus of region Tb927.10.4720:0-1083.
[15:01:39 - Sampler] Took 0.07s to make features.
[15:01:39 - Sampler] Initializing sampler for consensus of region Tb927.11.1940:0-1395.
[15:01:39 - Sampler] Took 0.07s to make features.
[15:01:39 - Sampler] Initializing sampler for consensus of region Tb927.11.3980:0-1557.
[15:01:39 - Sampler] Took 0.01s to make features.
[15:01:39 - Sampler] Initializing sampler for consensus of region Tb927.3.4350:0-2325.
[15:01:39 - Sampler] Took 0.05s to make features.
[15:01:39 - Sampler] Initializing sampler for consensus of region Tb927.4.980:0-1119.
[15:01:39 - Sampler] Took 0.05s to make features.
[15:01:39 - Sampler] Initializing sampler for consensus of region Tb927.5.1220:0-567.
[15:01:39 - Sampler] Took 0.04s to make features.
[15:01:39 - Sampler] Initializing sampler for consensus of region Tb927.6.1100:0-1479.
[15:01:40 - Sampler] Took 0.06s to make features.
[15:01:40 - Sampler] Initializing sampler for consensus of region Tb927.6.2630:0-1320.
[15:01:40 - Sampler] Took 0.08s to make features.
[15:01:40 - Sampler] Initializing sampler for consensus of region Tb927.6.3660:0-831.
[15:01:40 - Sampler] Took 0.06s to make features.
[15:01:40 - Sampler] Initializing sampler for consensus of region Tb927.6.5000:0-1185.
[15:01:40 - Sampler] Took 0.08s to make features.
[15:01:40 - Sampler] Initializing sampler for consensus of region Tb927.7.6560:0-684.
[15:01:40 - Sampler] Took 0.07s to make features.
[15:01:40 - Sampler] Initializing sampler for consensus of region Tb927.8.3480:0-1827.
[15:01:40 - Sampler] Took 0.07s to make features.
[15:01:40 - Sampler] Initializing sampler for consensus of region Tb927.8.3810:0-1173.
[15:01:40 - Sampler] Took 0.09s to make features.
[15:01:40 - Sampler] Initializing sampler for consensus of region Tb927.9.10660:0-528.
[15:01:40 - Sampler] Took 0.06s to make features.
[15:01:40 - Sampler] Took 0.05s to make features.
[15:01:40 - PWorker] Processed 0 batches
[15:01:40 - PWorker] All done, 0 remainder regions.
[15:01:40 - Predict] Finished processing all regions.
[15:01:40 - MdlStrTF] Successfully removed temporary files from /var/folders/vs/4d0w8drx4zdg1jl70nymtyt00000gn/T/tmpu9akdbh1.
[15:01:43 - DataIndx] Loaded 1/1 (100.00%) sample files.
[15:01:43 - Stitcher] Copying contig 'Tb927.5.1220' verbatim from input.
[15:01:43 - Stitcher] Copying contig 'Tb927.10.15300' verbatim from input.
[15:01:43 - Stitcher] Copying contig 'Tb927.10.14170' verbatim from input.
[15:01:43 - Stitcher] Copying contig 'Tb927.8.3480' verbatim from input.
[15:01:43 - Stitcher] Copying contig 'Tb927.10.4720' verbatim from input.
[15:01:43 - Stitcher] Copying contig 'Tb927.3.4350' verbatim from input.
[15:01:43 - Stitcher] Copying contig 'Tb927.11.1940' verbatim from input.
[15:01:43 - Stitcher] Copying contig 'Tb927.6.2630' verbatim from input.
[15:01:43 - Stitcher] Copying contig 'Tb927.10.2810' verbatim from input.
[15:01:43 - Stitcher] Copying contig 'Tb927.9.10660' verbatim from input.
[15:01:43 - Stitcher] Copying contig 'Tb927.6.3660' verbatim from input.
[15:01:43 - Stitcher] Copying contig 'Tb927.4.980' verbatim from input.
[15:01:43 - Stitcher] Copying contig 'Tb927.7.6560' verbatim from input.
[15:01:43 - Stitcher] Copying contig 'Tb927.10.13980' verbatim from input.
[15:01:43 - Stitcher] Copying contig 'Tb927.6.5000' verbatim from input.
[15:01:43 - Stitcher] Copying contig 'Tb927.6.1100' verbatim from input.
[15:01:43 - Stitcher] Copying contig 'Tb927.10.1820' verbatim from input.
[15:01:43 - Stitcher] Copying contig 'Tb927.11.3980' verbatim from input.
[15:01:43 - Stitcher] Copying contig 'Tb927.8.3810' verbatim from input.
[15:01:43 - Stitcher] Copying contig 'Tb927.1.3230' verbatim from input.
[15:01:45 - DataIndx] Loaded 1/1 (100.00%) sample files.
[15:01:46 - Annotate] Getting chrom coordinates
Note: the --sample option not given, applying all records regardless of the genotype
Warning: Sequence "Tb927.1.3230" not in ERR9695747_consensus/medaka.annotated.vcf.gz
Warning: Sequence "Tb927.10.13980" not in ERR9695747_consensus/medaka.annotated.vcf.gz
Warning: Sequence "Tb927.10.14170" not in ERR9695747_consensus/medaka.annotated.vcf.gz
Warning: Sequence "Tb927.10.15300" not in ERR9695747_consensus/medaka.annotated.vcf.gz
Warning: Sequence "Tb927.10.1820" not in ERR9695747_consensus/medaka.annotated.vcf.gz
Warning: Sequence "Tb927.10.2810" not in ERR9695747_consensus/medaka.annotated.vcf.gz
Warning: Sequence "Tb927.10.4720" not in ERR9695747_consensus/medaka.annotated.vcf.gz
Warning: Sequence "Tb927.11.1940" not in ERR9695747_consensus/medaka.annotated.vcf.gz
Warning: Sequence "Tb927.11.3980" not in ERR9695747_consensus/medaka.annotated.vcf.gz
Warning: Sequence "Tb927.3.4350" not in ERR9695747_consensus/medaka.annotated.vcf.gz
Warning: Sequence "Tb927.4.980" not in ERR9695747_consensus/medaka.annotated.vcf.gz
Warning: Sequence "Tb927.5.1220" not in ERR9695747_consensus/medaka.annotated.vcf.gz
Warning: Sequence "Tb927.6.1100" not in ERR9695747_consensus/medaka.annotated.vcf.gz
Warning: Sequence "Tb927.6.2630" not in ERR9695747_consensus/medaka.annotated.vcf.gz
Warning: Sequence "Tb927.6.3660" not in ERR9695747_consensus/medaka.annotated.vcf.gz
Warning: Sequence "Tb927.6.5000" not in ERR9695747_consensus/medaka.annotated.vcf.gz
Warning: Sequence "Tb927.7.6560" not in ERR9695747_consensus/medaka.annotated.vcf.gz
Warning: Sequence "Tb927.8.3480" not in ERR9695747_consensus/medaka.annotated.vcf.gz
Warning: Sequence "Tb927.8.3810" not in ERR9695747_consensus/medaka.annotated.vcf.gz
Warning: Sequence "Tb927.9.10660" not in ERR9695747_consensus/medaka.annotated.vcf.gz
Applied 0 variants
