FastTree Version 2.1.11 Double precision (No SSE3)
Alignment: aligned.fas
Nucleotide distances: Jukes-Cantor Joins: balanced Support: SH-like 1000
Search: Normal +NNI +SPR (2 rounds range 10) +ML-NNI opt-each=1
TopHits: 1.00*sqrtN close=default refresh=0.80
ML Model: Generalized Time-Reversible, CAT approximation with 20 rate categories
Ignored unknown character k (seen 14 times)
Ignored unknown character m (seen 10 times)
Ignored unknown character r (seen 59 times)
Ignored unknown character s (seen 11 times)
Ignored unknown character w (seen 7 times)
Ignored unknown character y (seen 67 times)
Initial topology in 0.00 seconds
Refining topology: 8 rounds ME-NNIs, 2 rounds ME-SPRs, 4 rounds ML-NNIs
Total branch-length 0.009 after 0.02 sec
ML-NNI round 1: LogLk = -36241.532 NNIs 0 max delta 0.00 Time 0.08
      0.11 seconds: Optimizing GTR model, step 2 of 12
      0.23 seconds: Optimizing GTR model, step 6 of 12
      0.33 seconds: Optimizing GTR model, step 10 of 12
GTR Frequencies: 0.2486 0.2307 0.2848 0.2359
GTR rates(ac ag at cg ct gt) 0.9160 5.0212 0.5728 0.8905 5.8278 1.0000
      0.44 seconds: Site likelihoods with rate category 1 of 20
Switched to using 20 rate categories (CAT approximation)
Rate categories were divided by 0.625 so that average rate = 1.0
CAT-based log-likelihoods may not be comparable across runs
ML-NNI round 2: LogLk = -36022.846 NNIs 0 max delta 0.00 Time 0.54
Turning off heuristics for final round of ML NNIs (converged)
ML-NNI round 3: LogLk = -36022.846 NNIs 0 max delta 0.00 Time 0.63 (final)
      0.63 seconds: ML Lengths 1 of 2 splits
Optimize all lengths: LogLk = -36022.846 Time 0.66
      1.24 seconds: Site likelihoods with rate category 1 of 20
      1.52 seconds: Optimizing alpha round 2
      1.65 seconds: Optimizing alpha round 3
      1.82 seconds: Optimizing alpha round 4
      1.96 seconds: Optimizing alpha round 5
      2.18 seconds: Optimizing alpha round 6
      2.35 seconds: Optimizing alpha round 7
      2.46 seconds: Optimizing alpha round 8
      2.58 seconds: Optimizing alpha round 9
      2.68 seconds: Optimizing alpha round 10
Gamma(20) LogLk = -36077.361 alpha = 0.062 rescaling lengths by 1.184
Total time: 2.86 seconds Unique: 4/4 Bad splits: 0/1
