[16:22:53 - MdlStrTF] Successfully removed temporary files from /var/folders/vs/4d0w8drx4zdg1jl70nymtyt00000gn/T/tmptc7xq9ut.
[16:22:53 - MdlStrTF] Successfully removed temporary files from /var/folders/vs/4d0w8drx4zdg1jl70nymtyt00000gn/T/tmpk7r8sexv.
Using the existing fai index file /Volumes/Seagate/monotrac/nextflow/References/targets.fasta.fai
Using the existing mmi index file /Volumes/Seagate/monotrac/nextflow/References/targets.fasta.map-ont.mmi
[M::main::0.034*0.67] loaded/built the index for 20 target sequence(s)
[M::mm_mapopt_update::0.035*0.68] mid_occ = 2
[M::mm_idx_stat] kmer size: 15; skip: 10; is_hpc: 0; #seq: 20
[M::mm_idx_stat::0.035*0.68] distinct minimizers: 4818 (100.00% are singletons); average occurrences: 1.000; average spacing: 5.410
[M::worker_pipeline::0.325*0.57] mapped 868 sequences
[M::main] Version: 2.11-r797
[M::main] CMD: minimap2 -x map-ont --secondary=no -L --MD -A 2 -B 4 -O 4,24 -E 2,1 -t 1 -a /Volumes/Seagate/monotrac/nextflow/References/targets.fasta.map-ont.mmi /Volumes/Seagate/monotrac/nextflow/Raw_reads/barcode3.fq.gz
[M::main] Real time: 0.327 sec; CPU: 0.187 sec
[16:23:00 - Predict] Setting tensorflow inter/intra-op threads to 1/1.
[16:23:00 - Predict] Processing region(s): Tb927.1.3230:0-2148 Tb927.10.13980:0-627 Tb927.10.14170:0-939 Tb927.10.15300:0-3465 Tb927.10.1820:0-795 Tb927.10.2810:0-1017 Tb927.10.4720:0-1083 Tb927.11.1940:0-1395 Tb927.11.3980:0-1557 Tb927.3.4350:0-2325 Tb927.4.980:0-1119 Tb927.5.1220:0-567 Tb927.6.1100:0-1479 Tb927.6.2630:0-1320 Tb927.6.3660:0-831 Tb927.6.5000:0-1185 Tb927.7.6560:0-684 Tb927.8.3480:0-1827 Tb927.8.3810:0-1173 Tb927.9.10660:0-528
[16:23:00 - Predict] Using model: /opt/anaconda3/envs/medaka/lib/python3.8/site-packages/medaka/data/r1041_e82_400bps_sup_v5.0.0_model.tar.gz.
[16:23:00 - Predict] Using minimum mapQ threshold of 1 for read filtering.
[16:23:00 - BAMFile] Creating pool of 16 BAM file sets.
[16:23:00 - Predict] Processing 20 short region(s).
[16:23:01 - MdlStrTF] Model <keras.src.engine.sequential.Sequential object at 0x7fb3c96d3f70>
[16:23:01 - MdlStrTF] loading weights from /var/folders/vs/4d0w8drx4zdg1jl70nymtyt00000gn/T/tmpexap7304/model/variables/variables (using expect partial)
[16:23:01 - Sampler] Initializing sampler for consensus of region Tb927.1.3230:0-2148.
[16:23:01 - Sampler] Initializing sampler for consensus of region Tb927.10.13980:0-627.
[16:23:01 - PWorker] Running inference for 0.0M draft bases.
[16:23:01 - Sampler] Took 0.06s to make features.
[16:23:01 - Sampler] Initializing sampler for consensus of region Tb927.10.14170:0-939.
[16:23:01 - Feature] Pileup counts do not span requested region, requested Tb927.1.3230:0-2148, received 1-2146.
[16:23:01 - Feature] Pileup counts do not span requested region, requested Tb927.10.14170:0-939, received 0-334.
[16:23:01 - Feature] Processed Tb927.10.14170:0.0-334.0 (median depth 2.0)
[16:23:01 - Sampler] Took 0.15s to make features.
[16:23:01 - Sampler] Initializing sampler for consensus of region Tb927.10.15300:0-3465.
[16:23:01 - Feature] Processed Tb927.1.3230:1.0-2146.0 (median depth 1.0)
[16:23:01 - Sampler] Took 0.25s to make features.
[16:23:01 - Sampler] Initializing sampler for consensus of region Tb927.10.1820:0-795.
[16:23:02 - Feature] Pileup counts do not span requested region, requested Tb927.10.15300:0-3465, received 55-3464.
[16:23:02 - Feature] Processed Tb927.10.1820:0.0-794.0 (median depth 4.0)
[16:23:02 - Sampler] Took 0.07s to make features.
[16:23:02 - Sampler] Initializing sampler for consensus of region Tb927.10.2810:0-1017.
[16:23:02 - Feature] Processed Tb927.10.15300:55.0-3464.0 (median depth 2.0)
[16:23:02 - Sampler] Took 0.09s to make features.
[16:23:02 - Sampler] Initializing sampler for consensus of region Tb927.10.4720:0-1083.
[16:23:02 - Feature] Processed Tb927.10.4720:0.0-1082.0 (median depth 4.0)
[16:23:02 - Sampler] Took 0.06s to make features.
[16:23:02 - Feature] Processed Tb927.10.2810:0.0-1016.0 (median depth 8.0)
[16:23:02 - Sampler] Took 0.06s to make features.
[16:23:02 - Sampler] Initializing sampler for consensus of region Tb927.11.1940:0-1395.
[16:23:02 - Sampler] Initializing sampler for consensus of region Tb927.11.3980:0-1557.
[16:23:02 - Feature] Pileup counts do not span requested region, requested Tb927.11.3980:0-1557, received 0-1264.
[16:23:02 - Feature] Processed Tb927.11.3980:0.0-1264.0 (median depth 1.0)
[16:23:02 - Sampler] Took 0.06s to make features.
[16:23:02 - Sampler] Initializing sampler for consensus of region Tb927.3.4350:0-2325.
[16:23:02 - Feature] Processed Tb927.11.1940:0.0-1394.0 (median depth 129.0)
[16:23:02 - Sampler] Took 0.13s to make features.
[16:23:02 - Feature] Processed Tb927.3.4350:0.0-2324.0 (median depth 65.0)
[16:23:02 - Sampler] Took 0.10s to make features.
[16:23:02 - Sampler] Initializing sampler for consensus of region Tb927.4.980:0-1119.
[16:23:02 - Sampler] Initializing sampler for consensus of region Tb927.5.1220:0-567.
[16:23:02 - Sampler] Took 0.06s to make features.
[16:23:02 - Sampler] Initializing sampler for consensus of region Tb927.6.1100:0-1479.
[16:23:02 - Feature] Processed Tb927.4.980:0.0-1118.0 (median depth 6.0)
[16:23:02 - Sampler] Took 0.04s to make features.
[16:23:02 - Sampler] Took 0.11s to make features.
[16:23:02 - Sampler] Initializing sampler for consensus of region Tb927.6.2630:0-1320.
[16:23:02 - Sampler] Initializing sampler for consensus of region Tb927.6.3660:0-831.
[16:23:02 - Sampler] Took 0.00s to make features.
[16:23:02 - Sampler] Initializing sampler for consensus of region Tb927.6.5000:0-1185.
[16:23:02 - Feature] Processed Tb927.6.2630:0.0-1319.0 (median depth 4.0)
[16:23:02 - Sampler] Took 0.00s to make features.
[16:23:02 - Sampler] Initializing sampler for consensus of region Tb927.7.6560:0-684.
[16:23:02 - Sampler] Took 0.00s to make features.
[16:23:02 - Sampler] Initializing sampler for consensus of region Tb927.8.3480:0-1827.
[16:23:02 - Feature] Processed Tb927.6.5000:0.0-1184.0 (median depth 4.0)
[16:23:02 - Sampler] Took 0.00s to make features.
[16:23:02 - Sampler] Initializing sampler for consensus of region Tb927.8.3810:0-1173.
[16:23:02 - Feature] Pileup counts do not span requested region, requested Tb927.8.3810:0-1173, received 471-1045.
[16:23:02 - Feature] Pileup counts do not span requested region, requested Tb927.8.3480:0-1827, received 0-1804.
[16:23:02 - Feature] Processed Tb927.8.3810:471.0-1045.0 (median depth 1.0)
[16:23:02 - Sampler] Took 0.00s to make features.
[16:23:02 - Sampler] Initializing sampler for consensus of region Tb927.9.10660:0-528.
[16:23:02 - Feature] Processed Tb927.8.3480:0.0-1804.0 (median depth 2.0)
[16:23:02 - Sampler] Took 0.00s to make features.
[16:23:02 - Sampler] Took 0.01s to make features.
[16:23:10 - PWorker] Batches in cache: 8.
[16:23:12 - PWorker] 8.8% Done (0.0/0.0 Mbases) in 11.2s
[16:23:23 - PWorker] Batches in cache: 8.
[16:23:23 - PWorker] 18.1% Done (0.0/0.0 Mbases) in 22.0s
[16:23:31 - PWorker] Batches in cache: 8.
[16:23:35 - PWorker] 20.1% Done (0.0/0.0 Mbases) in 33.4s
[16:23:42 - PWorker] Batches in cache: 7.
[16:23:53 - PWorker] Batches in cache: 6.
[16:23:53 - PWorker] 29.4% Done (0.0/0.0 Mbases) in 51.6s
[16:24:01 - PWorker] Batches in cache: 4.
[16:24:05 - PWorker] 32.4% Done (0.0/0.0 Mbases) in 63.5s
[16:24:07 - PWorker] Batches in cache: 2.
[16:24:13 - PWorker] Batches in cache: 1.
[16:24:13 - PWorker] Processed 14 batches
[16:24:13 - PWorker] All done, 0 remainder regions.
[16:24:13 - Predict] Finished processing all regions.
[16:24:13 - MdlStrTF] Successfully removed temporary files from /var/folders/vs/4d0w8drx4zdg1jl70nymtyt00000gn/T/tmpexap7304.
[16:24:16 - DataIndx] Loaded 1/1 (100.00%) sample files.
[16:24:16 - Stitcher] Stitching Tb927.10.2810:0-1017
[16:24:16 - Stitcher] Stitching Tb927.10.4720:0-1083
[16:24:16 - Stitcher] Stitching Tb927.4.980:0-1119
[16:24:16 - Stitcher] Stitching Tb927.10.14170:0-939
[16:24:16 - Stitcher] Stitching Tb927.6.2630:0-1320
[16:24:16 - Stitcher] Stitching Tb927.8.3480:0-1827
[16:24:16 - Stitcher] Stitching Tb927.8.3810:0-1173
[16:24:16 - Stitcher] Stitching Tb927.11.3980:0-1557
[16:24:16 - Stitcher] Stitching Tb927.11.1940:0-1395
[16:24:16 - Stitcher] Stitching Tb927.10.15300:0-3465
[16:24:16 - Stitcher] Stitching Tb927.10.1820:0-795
[16:24:16 - Stitcher] Stitching Tb927.1.3230:0-2148
[16:24:16 - Stitcher] Stitching Tb927.3.4350:0-2325
[16:24:16 - Stitcher] Stitching Tb927.6.5000:0-1185
[16:24:16 - Stitcher] Copying contig 'Tb927.5.1220' verbatim from input.
[16:24:16 - Stitcher] Copying contig 'Tb927.7.6560' verbatim from input.
[16:24:16 - Stitcher] Copying contig 'Tb927.10.13980' verbatim from input.
[16:24:16 - Stitcher] Copying contig 'Tb927.6.3660' verbatim from input.
[16:24:16 - Stitcher] Copying contig 'Tb927.6.1100' verbatim from input.
[16:24:16 - Stitcher] Copying contig 'Tb927.9.10660' verbatim from input.
[16:24:17 - DataIndx] Loaded 1/1 (100.00%) sample files.
[16:24:17 - Variants] Processing Tb927.1.3230:0-.
[16:24:17 - Variants] Processing Tb927.10.14170:0-.
[16:24:17 - Variants] Processing Tb927.10.15300:0-.
[16:24:17 - Variants] Processing Tb927.10.1820:0-.
[16:24:17 - Variants] Processing Tb927.10.2810:0-.
[16:24:17 - Variants] Processing Tb927.10.4720:0-.
[16:24:17 - Variants] Processing Tb927.11.1940:0-.
[16:24:17 - Variants] Processing Tb927.11.3980:0-.
[16:24:17 - Variants] Processing Tb927.3.4350:0-.
[16:24:17 - Variants] Processing Tb927.4.980:0-.
[16:24:18 - Variants] Processing Tb927.6.2630:0-.
[16:24:18 - Variants] Processing Tb927.6.5000:0-.
[16:24:18 - Variants] Processing Tb927.8.3480:0-.
[16:24:18 - Variants] Processing Tb927.8.3810:0-.
[16:24:18 - Annotate] Getting chrom coordinates
[16:24:18 - Annotate] Processing chunk with coordinates: Tb927.1.3230:17-2139
[16:24:18 - BAMFile] Creating pool of 16 BAM file sets.
[16:24:18 - Annotate] Processing chunk with coordinates: Tb927.10.14170:65-321
[16:24:18 - BAMFile] Creating pool of 16 BAM file sets.
[16:24:18 - Annotate] Processing chunk with coordinates: Tb927.10.15300:61-3408
[16:24:18 - BAMFile] Creating pool of 16 BAM file sets.
[16:24:18 - Annotate] Processing chunk with coordinates: Tb927.10.1820:16-734
[16:24:18 - BAMFile] Creating pool of 16 BAM file sets.
[16:24:18 - Annotate] Processing chunk with coordinates: Tb927.10.2810:3-1008
[16:24:18 - BAMFile] Creating pool of 16 BAM file sets.
[16:24:18 - Annotate] Processing chunk with coordinates: Tb927.10.4720:36-1052
[16:24:18 - BAMFile] Creating pool of 16 BAM file sets.
[16:24:18 - Annotate] Processing chunk with coordinates: Tb927.11.1940:1263-1264
[16:24:18 - BAMFile] Creating pool of 16 BAM file sets.
[16:24:18 - Annotate] Processing chunk with coordinates: Tb927.11.3980:9-1257
[16:24:18 - BAMFile] Creating pool of 16 BAM file sets.
[16:24:18 - Annotate] Processing chunk with coordinates: Tb927.3.4350:541-2180
[16:24:18 - BAMFile] Creating pool of 16 BAM file sets.
[16:24:19 - Annotate] Processing chunk with coordinates: Tb927.4.980:29-1010
[16:24:19 - BAMFile] Creating pool of 16 BAM file sets.
[16:24:19 - Annotate] Processing chunk with coordinates: Tb927.6.2630:8-1307
[16:24:19 - BAMFile] Creating pool of 16 BAM file sets.
[16:24:19 - Annotate] Processing chunk with coordinates: Tb927.6.5000:8-1160
[16:24:19 - BAMFile] Creating pool of 16 BAM file sets.
[16:24:19 - Annotate] Processing chunk with coordinates: Tb927.8.3480:6-1796
[16:24:19 - BAMFile] Creating pool of 16 BAM file sets.
[16:24:19 - Annotate] Processing chunk with coordinates: Tb927.8.3810:498-1021
[16:24:19 - BAMFile] Creating pool of 16 BAM file sets.
Note: the --sample option not given, applying all records regardless of the genotype
Warning: Sequence "Tb927.10.13980" not in barcode3_consensus/medaka.annotated.vcf.gz
Warning: Sequence "Tb927.5.1220" not in barcode3_consensus/medaka.annotated.vcf.gz
Warning: Sequence "Tb927.6.1100" not in barcode3_consensus/medaka.annotated.vcf.gz
Warning: Sequence "Tb927.6.3660" not in barcode3_consensus/medaka.annotated.vcf.gz
Warning: Sequence "Tb927.7.6560" not in barcode3_consensus/medaka.annotated.vcf.gz
Warning: Sequence "Tb927.9.10660" not in barcode3_consensus/medaka.annotated.vcf.gz
Applied 14 variants
