[11:23:53 - MdlStrTF] Successfully removed temporary files from /var/folders/vs/4d0w8drx4zdg1jl70nymtyt00000gn/T/tmpn41phvul.
[11:23:54 - MdlStrTF] Successfully removed temporary files from /var/folders/vs/4d0w8drx4zdg1jl70nymtyt00000gn/T/tmpvchgv43p.
Using the existing fai index file /Volumes/Seagate/monotrac/nextflow/References/targets.fasta.fai
Using the existing mmi index file /Volumes/Seagate/monotrac/nextflow/References/targets.fasta.map-ont.mmi
[M::main::0.012*2.00] loaded/built the index for 20 target sequence(s)
[M::mm_mapopt_update::0.013*1.94] mid_occ = 2
[M::mm_idx_stat] kmer size: 15; skip: 10; is_hpc: 0; #seq: 20
[M::mm_idx_stat::0.013*1.93] distinct minimizers: 4818 (100.00% are singletons); average occurrences: 1.000; average spacing: 5.410
[M::worker_pipeline::0.267*0.71] mapped 868 sequences
[M::main] Version: 2.11-r797
[M::main] CMD: minimap2 -x map-ont --secondary=no -L --MD -A 2 -B 4 -O 4,24 -E 2,1 -t 1 -a /Volumes/Seagate/monotrac/nextflow/References/targets.fasta.map-ont.mmi /Volumes/Seagate/monotrac/nextflow/Raw_reads/barcode3.fq.gz
[M::main] Real time: 0.271 sec; CPU: 0.195 sec
[11:24:00 - Predict] Setting tensorflow inter/intra-op threads to 1/1.
[11:24:00 - Predict] Processing region(s): Tb927.1.3230:0-2148 Tb927.10.13980:0-627 Tb927.10.14170:0-939 Tb927.10.15300:0-3465 Tb927.10.1820:0-795 Tb927.10.2810:0-1017 Tb927.10.4720:0-1083 Tb927.11.1940:0-1395 Tb927.11.3980:0-1557 Tb927.3.4350:0-2325 Tb927.4.980:0-1119 Tb927.5.1220:0-567 Tb927.6.1100:0-1479 Tb927.6.2630:0-1320 Tb927.6.3660:0-831 Tb927.6.5000:0-1185 Tb927.7.6560:0-684 Tb927.8.3480:0-1827 Tb927.8.3810:0-1173 Tb927.9.10660:0-528
[11:24:00 - Predict] Using model: /opt/anaconda3/envs/medaka/lib/python3.8/site-packages/medaka/data/r1041_e82_400bps_sup_v5.0.0_model.tar.gz.
[11:24:00 - Predict] Using minimum mapQ threshold of 1 for read filtering.
[11:24:00 - BAMFile] Creating pool of 16 BAM file sets.
[11:24:00 - Predict] Processing 20 short region(s).
[11:24:01 - MdlStrTF] Model <keras.src.engine.sequential.Sequential object at 0x7fad31e34f70>
[11:24:01 - MdlStrTF] loading weights from /var/folders/vs/4d0w8drx4zdg1jl70nymtyt00000gn/T/tmpo_w4gkai/model/variables/variables (using expect partial)
[11:24:01 - Sampler] Initializing sampler for consensus of region Tb927.1.3230:0-2148.
[11:24:01 - Sampler] Initializing sampler for consensus of region Tb927.10.13980:0-627.
[11:24:01 - PWorker] Running inference for 0.0M draft bases.
[11:24:01 - Sampler] Took 0.04s to make features.
[11:24:01 - Sampler] Initializing sampler for consensus of region Tb927.10.14170:0-939.
[11:24:01 - Feature] Pileup counts do not span requested region, requested Tb927.1.3230:0-2148, received 1-2146.
[11:24:01 - Feature] Pileup counts do not span requested region, requested Tb927.10.14170:0-939, received 0-334.
[11:24:01 - Feature] Processed Tb927.1.3230:1.0-2146.0 (median depth 1.0)
[11:24:01 - Sampler] Took 0.20s to make features.
[11:24:01 - Sampler] Initializing sampler for consensus of region Tb927.10.15300:0-3465.
[11:24:01 - Feature] Processed Tb927.10.14170:0.0-334.0 (median depth 2.0)
[11:24:01 - Sampler] Took 0.15s to make features.
[11:24:01 - Sampler] Initializing sampler for consensus of region Tb927.10.1820:0-795.
[11:24:02 - Feature] Pileup counts do not span requested region, requested Tb927.10.15300:0-3465, received 55-3464.
[11:24:02 - Feature] Processed Tb927.10.1820:0.0-794.0 (median depth 4.0)
[11:24:02 - Sampler] Took 0.07s to make features.
[11:24:02 - Sampler] Initializing sampler for consensus of region Tb927.10.2810:0-1017.
[11:24:02 - Feature] Processed Tb927.10.15300:55.0-3464.0 (median depth 2.0)
[11:24:02 - Sampler] Took 0.10s to make features.
[11:24:02 - Feature] Processed Tb927.10.2810:0.0-1016.0 (median depth 8.0)
[11:24:02 - Sampler] Took 0.03s to make features.
[11:24:02 - Sampler] Initializing sampler for consensus of region Tb927.10.4720:0-1083.
[11:24:02 - Sampler] Initializing sampler for consensus of region Tb927.11.1940:0-1395.
[11:24:02 - Feature] Processed Tb927.10.4720:0.0-1082.0 (median depth 4.0)
[11:24:02 - Sampler] Took 0.07s to make features.
[11:24:02 - Sampler] Initializing sampler for consensus of region Tb927.11.3980:0-1557.
[11:24:02 - Feature] Processed Tb927.11.1940:0.0-1394.0 (median depth 129.0)
[11:24:02 - Sampler] Took 0.10s to make features.
[11:24:02 - Sampler] Initializing sampler for consensus of region Tb927.3.4350:0-2325.
[11:24:02 - Feature] Pileup counts do not span requested region, requested Tb927.11.3980:0-1557, received 0-1264.
[11:24:02 - Feature] Processed Tb927.11.3980:0.0-1264.0 (median depth 1.0)
[11:24:02 - Sampler] Took 0.04s to make features.
[11:24:02 - Sampler] Initializing sampler for consensus of region Tb927.4.980:0-1119.
[11:24:02 - Feature] Processed Tb927.4.980:0.0-1118.0 (median depth 6.0)
[11:24:02 - Sampler] Took 0.06s to make features.
[11:24:02 - Sampler] Initializing sampler for consensus of region Tb927.5.1220:0-567.
[11:24:02 - Sampler] Took 0.06s to make features.
[11:24:02 - Sampler] Initializing sampler for consensus of region Tb927.6.1100:0-1479.
[11:24:02 - Sampler] Took 0.05s to make features.
[11:24:02 - Sampler] Initializing sampler for consensus of region Tb927.6.2630:0-1320.
[11:24:02 - Feature] Processed Tb927.3.4350:0.0-2324.0 (median depth 65.0)
[11:24:02 - Sampler] Took 0.18s to make features.
[11:24:02 - Sampler] Initializing sampler for consensus of region Tb927.6.3660:0-831.
[11:24:02 - Sampler] Took 0.00s to make features.
[11:24:02 - Sampler] Initializing sampler for consensus of region Tb927.6.5000:0-1185.
[11:24:02 - Feature] Processed Tb927.6.2630:0.0-1319.0 (median depth 4.0)
[11:24:02 - Sampler] Took 0.00s to make features.
[11:24:02 - Sampler] Initializing sampler for consensus of region Tb927.7.6560:0-684.
[11:24:02 - Sampler] Took 0.00s to make features.
[11:24:02 - Sampler] Initializing sampler for consensus of region Tb927.8.3480:0-1827.
[11:24:02 - Feature] Pileup counts do not span requested region, requested Tb927.8.3480:0-1827, received 0-1804.
[11:24:02 - Feature] Processed Tb927.6.5000:0.0-1184.0 (median depth 4.0)
[11:24:02 - Sampler] Took 0.00s to make features.
[11:24:02 - Sampler] Initializing sampler for consensus of region Tb927.8.3810:0-1173.
[11:24:02 - Feature] Processed Tb927.8.3480:0.0-1804.0 (median depth 2.0)
[11:24:02 - Sampler] Took 0.00s to make features.
[11:24:02 - Sampler] Initializing sampler for consensus of region Tb927.9.10660:0-528.
[11:24:02 - Sampler] Took 0.00s to make features.
[11:24:02 - Feature] Pileup counts do not span requested region, requested Tb927.8.3810:0-1173, received 471-1045.
[11:24:02 - Feature] Processed Tb927.8.3810:471.0-1045.0 (median depth 1.0)
[11:24:02 - Sampler] Took 0.00s to make features.
[11:24:11 - PWorker] Batches in cache: 8.
[11:24:12 - PWorker] 5.7% Done (0.0/0.0 Mbases) in 10.6s
[11:24:25 - PWorker] Batches in cache: 8.
[11:24:25 - PWorker] 18.1% Done (0.0/0.0 Mbases) in 24.0s
[11:24:33 - PWorker] Batches in cache: 8.
[11:24:41 - PWorker] Batches in cache: 8.
[11:24:41 - PWorker] 22.2% Done (0.0/0.0 Mbases) in 39.3s
[11:24:48 - PWorker] Batches in cache: 6.
[11:24:59 - PWorker] Batches in cache: 5.
[11:24:59 - PWorker] 30.1% Done (0.0/0.0 Mbases) in 57.7s
[11:25:07 - PWorker] Batches in cache: 3.
[11:25:13 - PWorker] Batches in cache: 2.
[11:25:13 - PWorker] 35.6% Done (0.0/0.0 Mbases) in 71.8s
[11:25:15 - PWorker] Processed 14 batches
[11:25:15 - PWorker] All done, 0 remainder regions.
[11:25:15 - Predict] Finished processing all regions.
[11:25:15 - MdlStrTF] Successfully removed temporary files from /var/folders/vs/4d0w8drx4zdg1jl70nymtyt00000gn/T/tmpo_w4gkai.
[11:25:18 - DataIndx] Loaded 1/1 (100.00%) sample files.
[11:25:18 - Stitcher] Stitching Tb927.4.980:0-1119
[11:25:18 - Stitcher] Stitching Tb927.8.3480:0-1827
[11:25:18 - Stitcher] Stitching Tb927.10.1820:0-795
[11:25:18 - Stitcher] Stitching Tb927.10.2810:0-1017
[11:25:18 - Stitcher] Stitching Tb927.8.3810:0-1173
[11:25:18 - Stitcher] Stitching Tb927.10.4720:0-1083
[11:25:18 - Stitcher] Stitching Tb927.11.3980:0-1557
[11:25:18 - Stitcher] Stitching Tb927.10.14170:0-939
[11:25:18 - Stitcher] Stitching Tb927.6.2630:0-1320
[11:25:18 - Stitcher] Stitching Tb927.10.15300:0-3465
[11:25:18 - Stitcher] Stitching Tb927.11.1940:0-1395
[11:25:18 - Stitcher] Stitching Tb927.6.5000:0-1185
[11:25:18 - Stitcher] Stitching Tb927.3.4350:0-2325
[11:25:18 - Stitcher] Stitching Tb927.1.3230:0-2148
[11:25:18 - Stitcher] Copying contig 'Tb927.6.3660' verbatim from input.
[11:25:18 - Stitcher] Copying contig 'Tb927.7.6560' verbatim from input.
[11:25:18 - Stitcher] Copying contig 'Tb927.10.13980' verbatim from input.
[11:25:18 - Stitcher] Copying contig 'Tb927.5.1220' verbatim from input.
[11:25:18 - Stitcher] Copying contig 'Tb927.9.10660' verbatim from input.
[11:25:18 - Stitcher] Copying contig 'Tb927.6.1100' verbatim from input.
[11:25:19 - DataIndx] Loaded 1/1 (100.00%) sample files.
[11:25:19 - Variants] Processing Tb927.1.3230:0-.
[11:25:19 - Variants] Processing Tb927.10.14170:0-.
[11:25:19 - Variants] Processing Tb927.10.15300:0-.
[11:25:20 - Variants] Processing Tb927.10.1820:0-.
[11:25:20 - Variants] Processing Tb927.10.2810:0-.
[11:25:20 - Variants] Processing Tb927.10.4720:0-.
[11:25:20 - Variants] Processing Tb927.11.1940:0-.
[11:25:20 - Variants] Processing Tb927.11.3980:0-.
[11:25:20 - Variants] Processing Tb927.3.4350:0-.
[11:25:20 - Variants] Processing Tb927.4.980:0-.
[11:25:20 - Variants] Processing Tb927.6.2630:0-.
[11:25:20 - Variants] Processing Tb927.6.5000:0-.
[11:25:20 - Variants] Processing Tb927.8.3480:0-.
[11:25:20 - Variants] Processing Tb927.8.3810:0-.
[11:25:20 - Annotate] Getting chrom coordinates
[11:25:20 - Annotate] Processing chunk with coordinates: Tb927.1.3230:17-2139
[11:25:20 - BAMFile] Creating pool of 16 BAM file sets.
[11:25:20 - Annotate] Processing chunk with coordinates: Tb927.10.14170:65-321
[11:25:20 - BAMFile] Creating pool of 16 BAM file sets.
[11:25:20 - Annotate] Processing chunk with coordinates: Tb927.10.15300:61-3408
[11:25:20 - BAMFile] Creating pool of 16 BAM file sets.
[11:25:20 - Annotate] Processing chunk with coordinates: Tb927.10.1820:16-734
[11:25:20 - BAMFile] Creating pool of 16 BAM file sets.
[11:25:20 - Annotate] Processing chunk with coordinates: Tb927.10.2810:3-1008
[11:25:20 - BAMFile] Creating pool of 16 BAM file sets.
[11:25:20 - Annotate] Processing chunk with coordinates: Tb927.10.4720:36-1052
[11:25:20 - BAMFile] Creating pool of 16 BAM file sets.
[11:25:20 - Annotate] Processing chunk with coordinates: Tb927.11.1940:1263-1264
[11:25:20 - BAMFile] Creating pool of 16 BAM file sets.
[11:25:20 - Annotate] Processing chunk with coordinates: Tb927.11.3980:9-1257
[11:25:20 - BAMFile] Creating pool of 16 BAM file sets.
[11:25:20 - Annotate] Processing chunk with coordinates: Tb927.3.4350:541-2180
[11:25:20 - BAMFile] Creating pool of 16 BAM file sets.
[11:25:21 - Annotate] Processing chunk with coordinates: Tb927.4.980:29-1010
[11:25:21 - BAMFile] Creating pool of 16 BAM file sets.
[11:25:21 - Annotate] Processing chunk with coordinates: Tb927.6.2630:8-1307
[11:25:21 - BAMFile] Creating pool of 16 BAM file sets.
[11:25:21 - Annotate] Processing chunk with coordinates: Tb927.6.5000:8-1160
[11:25:21 - BAMFile] Creating pool of 16 BAM file sets.
[11:25:21 - Annotate] Processing chunk with coordinates: Tb927.8.3480:6-1796
[11:25:21 - BAMFile] Creating pool of 16 BAM file sets.
[11:25:21 - Annotate] Processing chunk with coordinates: Tb927.8.3810:498-1021
[11:25:21 - BAMFile] Creating pool of 16 BAM file sets.
Note: the --sample option not given, applying all records regardless of the genotype
Warning: Sequence "Tb927.10.13980" not in barcode3_consensus/medaka.annotated.vcf.gz
Warning: Sequence "Tb927.5.1220" not in barcode3_consensus/medaka.annotated.vcf.gz
Warning: Sequence "Tb927.6.1100" not in barcode3_consensus/medaka.annotated.vcf.gz
Warning: Sequence "Tb927.6.3660" not in barcode3_consensus/medaka.annotated.vcf.gz
Warning: Sequence "Tb927.7.6560" not in barcode3_consensus/medaka.annotated.vcf.gz
Warning: Sequence "Tb927.9.10660" not in barcode3_consensus/medaka.annotated.vcf.gz
Applied 14 variants
