TF_CPP_MIN_LOG_LEVEL is set to '3'
Attempting to automatically select model version.
WARNING: Failed to detect a model version, will use default: 'r1041_e82_400bps_sup_v5.0.0'
Checking program versions
This is medaka 1.12.1
Program    Version    Required   Pass     
bcftools   1.11       1.11       True     
bgzip      1.21       1.11       True     
minimap2   2.11       2.11       True     
samtools   1.11       1.11       True     
tabix      1.21       1.11       True     
[12:57:57 - MdlStrTF] Successfully removed temporary files from /var/folders/vs/4d0w8drx4zdg1jl70nymtyt00000gn/T/tmphqgvh9ec.
[12:57:58 - MdlStrTF] Successfully removed temporary files from /var/folders/vs/4d0w8drx4zdg1jl70nymtyt00000gn/T/tmp5xpdspk4.
Aligning basecalls to draft
Using the existing fai index file /Volumes/Seagate/monotrac/nextflow/References/targets.fasta.fai
Using the existing mmi index file /Volumes/Seagate/monotrac/nextflow/References/targets.fasta.map-ont.mmi
[M::main::0.015*1.32] loaded/built the index for 20 target sequence(s)
[M::mm_mapopt_update::0.015*1.31] mid_occ = 2
[M::mm_idx_stat] kmer size: 15; skip: 10; is_hpc: 0; #seq: 20
[M::mm_idx_stat::0.015*1.31] distinct minimizers: 4818 (100.00% are singletons); average occurrences: 1.000; average spacing: 5.410
[M::worker_pipeline::0.200*0.88] mapped 868 sequences
[M::main] Version: 2.11-r797
[M::main] CMD: minimap2 -x map-ont --secondary=no -L --MD -A 2 -B 4 -O 4,24 -E 2,1 -t 1 -a /Volumes/Seagate/monotrac/nextflow/References/targets.fasta.map-ont.mmi /Volumes/Seagate/monotrac/nextflow/Raw_reads/barcode3.fq.gz
[M::main] Real time: 0.202 sec; CPU: 0.178 sec
Running medaka consensus
[12:58:04 - Predict] Setting tensorflow inter/intra-op threads to 1/1.
[12:58:04 - Predict] Processing region(s): Tb927.1.3230:0-2148 Tb927.10.13980:0-627 Tb927.10.14170:0-939 Tb927.10.15300:0-3465 Tb927.10.1820:0-795 Tb927.10.2810:0-1017 Tb927.10.4720:0-1083 Tb927.11.1940:0-1395 Tb927.11.3980:0-1557 Tb927.3.4350:0-2325 Tb927.4.980:0-1119 Tb927.5.1220:0-567 Tb927.6.1100:0-1479 Tb927.6.2630:0-1320 Tb927.6.3660:0-831 Tb927.6.5000:0-1185 Tb927.7.6560:0-684 Tb927.8.3480:0-1827 Tb927.8.3810:0-1173 Tb927.9.10660:0-528
[12:58:04 - Predict] Using model: /opt/anaconda3/envs/medaka/lib/python3.8/site-packages/medaka/data/r1041_e82_400bps_sup_v5.0.0_model.tar.gz.
[12:58:04 - Predict] Using minimum mapQ threshold of 1 for read filtering.
[12:58:04 - BAMFile] Creating pool of 16 BAM file sets.
[12:58:04 - Predict] Processing 20 short region(s).
[12:58:05 - MdlStrTF] Model <keras.src.engine.sequential.Sequential object at 0x7fc5a155bf70>
[12:58:05 - MdlStrTF] loading weights from /var/folders/vs/4d0w8drx4zdg1jl70nymtyt00000gn/T/tmpdmi9f9qh/model/variables/variables (using expect partial)
[12:58:05 - Sampler] Initializing sampler for consensus of region Tb927.1.3230:0-2148.
[12:58:05 - Sampler] Initializing sampler for consensus of region Tb927.10.13980:0-627.
[12:58:05 - PWorker] Running inference for 0.0M draft bases.
[12:58:05 - Sampler] Took 0.08s to make features.
[12:58:05 - Sampler] Initializing sampler for consensus of region Tb927.10.14170:0-939.
[12:58:05 - Feature] Pileup counts do not span requested region, requested Tb927.1.3230:0-2148, received 1-2146.
[12:58:05 - Feature] Pileup counts do not span requested region, requested Tb927.10.14170:0-939, received 0-334.
[12:58:05 - Feature] Processed Tb927.10.14170:0.0-334.0 (median depth 2.0)
[12:58:05 - Sampler] Took 0.17s to make features.
[12:58:05 - Sampler] Initializing sampler for consensus of region Tb927.10.15300:0-3465.
[12:58:05 - Feature] Processed Tb927.1.3230:1.0-2146.0 (median depth 1.0)
[12:58:05 - Sampler] Took 0.26s to make features.
[12:58:05 - Sampler] Initializing sampler for consensus of region Tb927.10.1820:0-795.
[12:58:05 - Feature] Processed Tb927.10.1820:0.0-794.0 (median depth 4.0)
[12:58:05 - Feature] Pileup counts do not span requested region, requested Tb927.10.15300:0-3465, received 55-3464.
[12:58:05 - Sampler] Took 0.04s to make features.
[12:58:05 - Sampler] Initializing sampler for consensus of region Tb927.10.2810:0-1017.
[12:58:05 - Feature] Processed Tb927.10.15300:55.0-3464.0 (median depth 2.0)
[12:58:05 - Sampler] Took 0.14s to make features.
[12:58:05 - Sampler] Initializing sampler for consensus of region Tb927.10.4720:0-1083.
[12:58:05 - Feature] Processed Tb927.10.2810:0.0-1016.0 (median depth 8.0)
[12:58:05 - Sampler] Took 0.09s to make features.
[12:58:05 - Sampler] Initializing sampler for consensus of region Tb927.11.1940:0-1395.
[12:58:05 - Feature] Processed Tb927.10.4720:0.0-1082.0 (median depth 4.0)
[12:58:05 - Sampler] Took 0.08s to make features.
[12:58:05 - Sampler] Initializing sampler for consensus of region Tb927.11.3980:0-1557.
[12:58:05 - Feature] Pileup counts do not span requested region, requested Tb927.11.3980:0-1557, received 0-1264.
[12:58:05 - Feature] Processed Tb927.11.3980:0.0-1264.0 (median depth 1.0)
[12:58:05 - Sampler] Took 0.08s to make features.
[12:58:05 - Sampler] Initializing sampler for consensus of region Tb927.3.4350:0-2325.
[12:58:05 - Feature] Processed Tb927.11.1940:0.0-1394.0 (median depth 129.0)
[12:58:05 - Sampler] Took 0.19s to make features.
[12:58:05 - Sampler] Initializing sampler for consensus of region Tb927.4.980:0-1119.
[12:58:05 - Feature] Processed Tb927.3.4350:0.0-2324.0 (median depth 65.0)
[12:58:05 - Sampler] Took 0.09s to make features.
[12:58:05 - Sampler] Initializing sampler for consensus of region Tb927.5.1220:0-567.
[12:58:06 - Sampler] Took 0.02s to make features.
[12:58:06 - Sampler] Initializing sampler for consensus of region Tb927.6.1100:0-1479.
[12:58:06 - Feature] Processed Tb927.4.980:0.0-1118.0 (median depth 6.0)
[12:58:06 - Sampler] Took 0.09s to make features.
[12:58:06 - Sampler] Initializing sampler for consensus of region Tb927.6.2630:0-1320.
[12:58:06 - Sampler] Took 0.01s to make features.
[12:58:06 - Sampler] Initializing sampler for consensus of region Tb927.6.3660:0-831.
[12:58:06 - Sampler] Took 0.00s to make features.
[12:58:06 - Sampler] Initializing sampler for consensus of region Tb927.6.5000:0-1185.
[12:58:06 - Feature] Processed Tb927.6.2630:0.0-1319.0 (median depth 4.0)
[12:58:06 - Sampler] Took 0.00s to make features.
[12:58:06 - Sampler] Initializing sampler for consensus of region Tb927.7.6560:0-684.
[12:58:06 - Sampler] Took 0.00s to make features.
[12:58:06 - Sampler] Initializing sampler for consensus of region Tb927.8.3480:0-1827.
[12:58:06 - Feature] Processed Tb927.6.5000:0.0-1184.0 (median depth 4.0)
[12:58:06 - Sampler] Took 0.00s to make features.
[12:58:06 - Sampler] Initializing sampler for consensus of region Tb927.8.3810:0-1173.
[12:58:06 - Feature] Pileup counts do not span requested region, requested Tb927.8.3480:0-1827, received 0-1804.
[12:58:06 - Feature] Pileup counts do not span requested region, requested Tb927.8.3810:0-1173, received 471-1045.
[12:58:06 - Feature] Processed Tb927.8.3810:471.0-1045.0 (median depth 1.0)
[12:58:06 - Sampler] Took 0.00s to make features.
[12:58:06 - Sampler] Initializing sampler for consensus of region Tb927.9.10660:0-528.
[12:58:06 - Feature] Processed Tb927.8.3480:0.0-1804.0 (median depth 2.0)
[12:58:06 - Sampler] Took 0.00s to make features.
[12:58:06 - Sampler] Took 0.00s to make features.
[12:58:14 - PWorker] Batches in cache: 8.
[12:58:17 - PWorker] 8.8% Done (0.0/0.0 Mbases) in 11.9s
[12:58:28 - PWorker] Batches in cache: 8.
[12:58:28 - PWorker] 18.1% Done (0.0/0.0 Mbases) in 23.3s
[12:58:36 - PWorker] Batches in cache: 8.
[12:58:40 - PWorker] 20.1% Done (0.0/0.0 Mbases) in 35.5s
[12:58:48 - PWorker] Batches in cache: 7.
[12:59:00 - PWorker] Batches in cache: 6.
[12:59:00 - PWorker] 29.4% Done (0.0/0.0 Mbases) in 55.2s
[12:59:09 - PWorker] Batches in cache: 4.
[12:59:12 - PWorker] 32.4% Done (0.0/0.0 Mbases) in 67.6s
[12:59:14 - PWorker] Batches in cache: 2.
[12:59:20 - PWorker] Batches in cache: 1.
[12:59:20 - PWorker] Processed 14 batches
[12:59:20 - PWorker] All done, 0 remainder regions.
[12:59:20 - Predict] Finished processing all regions.
[12:59:20 - MdlStrTF] Successfully removed temporary files from /var/folders/vs/4d0w8drx4zdg1jl70nymtyt00000gn/T/tmpdmi9f9qh.
[12:59:23 - DataIndx] Loaded 1/1 (100.00%) sample files.
[12:59:23 - Stitcher] Stitching Tb927.10.4720:0-1083
[12:59:23 - Stitcher] Stitching Tb927.6.2630:0-1320
[12:59:23 - Stitcher] Stitching Tb927.3.4350:0-2325
[12:59:23 - Stitcher] Stitching Tb927.6.5000:0-1185
[12:59:23 - Stitcher] Stitching Tb927.11.1940:0-1395
[12:59:23 - Stitcher] Stitching Tb927.8.3480:0-1827
[12:59:23 - Stitcher] Stitching Tb927.10.2810:0-1017
[12:59:23 - Stitcher] Stitching Tb927.10.15300:0-3465
[12:59:23 - Stitcher] Stitching Tb927.4.980:0-1119
[12:59:23 - Stitcher] Stitching Tb927.1.3230:0-2148
[12:59:23 - Stitcher] Stitching Tb927.8.3810:0-1173
[12:59:23 - Stitcher] Stitching Tb927.11.3980:0-1557
[12:59:23 - Stitcher] Stitching Tb927.10.1820:0-795
[12:59:23 - Stitcher] Stitching Tb927.10.14170:0-939
[12:59:23 - Stitcher] Copying contig 'Tb927.6.1100' verbatim from input.
[12:59:23 - Stitcher] Copying contig 'Tb927.7.6560' verbatim from input.
[12:59:23 - Stitcher] Copying contig 'Tb927.5.1220' verbatim from input.
[12:59:23 - Stitcher] Copying contig 'Tb927.10.13980' verbatim from input.
[12:59:23 - Stitcher] Copying contig 'Tb927.6.3660' verbatim from input.
[12:59:23 - Stitcher] Copying contig 'Tb927.9.10660' verbatim from input.
Polished assembly written to barcode3_consensus/consensus.fasta, have a nice day.
Calling variant
[12:59:24 - DataIndx] Loaded 1/1 (100.00%) sample files.
[12:59:25 - Variants] Processing Tb927.1.3230:0-.
[12:59:25 - Variants] Processing Tb927.10.14170:0-.
[12:59:25 - Variants] Processing Tb927.10.15300:0-.
[12:59:25 - Variants] Processing Tb927.10.1820:0-.
[12:59:25 - Variants] Processing Tb927.10.2810:0-.
[12:59:25 - Variants] Processing Tb927.10.4720:0-.
[12:59:25 - Variants] Processing Tb927.11.1940:0-.
[12:59:25 - Variants] Processing Tb927.11.3980:0-.
[12:59:25 - Variants] Processing Tb927.3.4350:0-.
[12:59:25 - Variants] Processing Tb927.4.980:0-.
[12:59:25 - Variants] Processing Tb927.6.2630:0-.
[12:59:25 - Variants] Processing Tb927.6.5000:0-.
[12:59:25 - Variants] Processing Tb927.8.3480:0-.
[12:59:25 - Variants] Processing Tb927.8.3810:0-.
[12:59:25 - Annotate] Getting chrom coordinates
[12:59:25 - Annotate] Processing chunk with coordinates: Tb927.1.3230:17-2139
[12:59:25 - BAMFile] Creating pool of 16 BAM file sets.
[12:59:25 - Annotate] Processing chunk with coordinates: Tb927.10.14170:65-321
[12:59:25 - BAMFile] Creating pool of 16 BAM file sets.
[12:59:25 - Annotate] Processing chunk with coordinates: Tb927.10.15300:61-3408
[12:59:25 - BAMFile] Creating pool of 16 BAM file sets.
[12:59:26 - Annotate] Processing chunk with coordinates: Tb927.10.1820:16-734
[12:59:26 - BAMFile] Creating pool of 16 BAM file sets.
[12:59:26 - Annotate] Processing chunk with coordinates: Tb927.10.2810:3-1008
[12:59:26 - BAMFile] Creating pool of 16 BAM file sets.
[12:59:26 - Annotate] Processing chunk with coordinates: Tb927.10.4720:36-1052
[12:59:26 - BAMFile] Creating pool of 16 BAM file sets.
[12:59:26 - Annotate] Processing chunk with coordinates: Tb927.11.1940:1263-1264
[12:59:26 - BAMFile] Creating pool of 16 BAM file sets.
[12:59:26 - Annotate] Processing chunk with coordinates: Tb927.11.3980:9-1257
[12:59:26 - BAMFile] Creating pool of 16 BAM file sets.
[12:59:26 - Annotate] Processing chunk with coordinates: Tb927.3.4350:541-2180
[12:59:26 - BAMFile] Creating pool of 16 BAM file sets.
[12:59:26 - Annotate] Processing chunk with coordinates: Tb927.4.980:29-1010
[12:59:26 - BAMFile] Creating pool of 16 BAM file sets.
[12:59:26 - Annotate] Processing chunk with coordinates: Tb927.6.2630:8-1307
[12:59:26 - BAMFile] Creating pool of 16 BAM file sets.
[12:59:26 - Annotate] Processing chunk with coordinates: Tb927.6.5000:8-1160
[12:59:26 - BAMFile] Creating pool of 16 BAM file sets.
[12:59:26 - Annotate] Processing chunk with coordinates: Tb927.8.3480:6-1796
[12:59:26 - BAMFile] Creating pool of 16 BAM file sets.
[12:59:26 - Annotate] Processing chunk with coordinates: Tb927.8.3810:498-1021
[12:59:26 - BAMFile] Creating pool of 16 BAM file sets.
Note: the --sample option not given, applying all records regardless of the genotype
Warning: Sequence "Tb927.10.13980" not in barcode3_consensus/medaka.annotated.vcf.gz
Warning: Sequence "Tb927.5.1220" not in barcode3_consensus/medaka.annotated.vcf.gz
Warning: Sequence "Tb927.6.1100" not in barcode3_consensus/medaka.annotated.vcf.gz
Warning: Sequence "Tb927.6.3660" not in barcode3_consensus/medaka.annotated.vcf.gz
Warning: Sequence "Tb927.7.6560" not in barcode3_consensus/medaka.annotated.vcf.gz
Warning: Sequence "Tb927.9.10660" not in barcode3_consensus/medaka.annotated.vcf.gz
Applied 14 variants
