FastTree Version 2.1.11 Double precision (No SSE3)
Alignment: aligned.fas
Nucleotide distances: Jukes-Cantor Joins: balanced Support: SH-like 1000
Search: Normal +NNI +SPR (2 rounds range 10) +ML-NNI opt-each=1
TopHits: 1.00*sqrtN close=default refresh=0.80
ML Model: Generalized Time-Reversible, CAT approximation with 20 rate categories
Ignored unknown character k (seen 2 times)
Ignored unknown character m (seen 1 times)
Ignored unknown character r (seen 10 times)
Ignored unknown character s (seen 2 times)
Ignored unknown character w (seen 4 times)
Ignored unknown character y (seen 6 times)
Initial topology in 0.00 seconds
Refining topology: 8 rounds ME-NNIs, 2 rounds ME-SPRs, 4 rounds ML-NNIs
Total branch-length 0.008 after 0.03 sec
ML-NNI round 1: LogLk = -36465.642 NNIs 0 max delta 0.00 Time 0.10
      0.14 seconds: Optimizing GTR model, step 2 of 12
      0.25 seconds: Optimizing GTR model, step 5 of 12
      0.37 seconds: Optimizing GTR model, step 9 of 12
GTR Frequencies: 0.2485 0.2307 0.2848 0.2359
GTR rates(ac ag at cg ct gt) 0.8776 4.9839 0.5719 0.9069 5.0915 1.0000
      0.48 seconds: ML Lengths 1 of 2 splits
      0.58 seconds: Site likelihoods with rate category 15 of 20
Switched to using 20 rate categories (CAT approximation)
Rate categories were divided by 0.625 so that average rate = 1.0
CAT-based log-likelihoods may not be comparable across runs
ML-NNI round 2: LogLk = -36238.594 NNIs 0 max delta 0.00 Time 0.63
Turning off heuristics for final round of ML NNIs (converged)
ML-NNI round 3: LogLk = -36238.594 NNIs 0 max delta 0.00 Time 0.71 (final)
      0.70 seconds: ML Lengths 1 of 2 splits
Optimize all lengths: LogLk = -36238.594 Time 0.75
      1.32 seconds: Site likelihoods with rate category 1 of 20
      1.58 seconds: Optimizing alpha round 2
      1.69 seconds: Optimizing alpha round 3
      1.98 seconds: Optimizing alpha round 5
      2.12 seconds: Optimizing alpha round 6
      2.24 seconds: Optimizing alpha round 7
      2.37 seconds: Optimizing alpha round 8
      2.52 seconds: Optimizing alpha round 9
      2.63 seconds: Optimizing alpha round 10
Gamma(20) LogLk = -36296.769 alpha = 0.057 rescaling lengths by 1.216
Total time: 2.72 seconds Unique: 4/4 Bad splits: 0/1
