FastTree Version 2.1.11 Double precision (No SSE3)
Alignment: aligned.fas
Nucleotide distances: Jukes-Cantor Joins: balanced Support: SH-like 1000
Search: Normal +NNI +SPR (2 rounds range 10) +ML-NNI opt-each=1
TopHits: 1.00*sqrtN close=default refresh=0.80
ML Model: Generalized Time-Reversible, CAT approximation with 20 rate categories
Ignored unknown character m (seen 3 times)
Ignored unknown character r (seen 8 times)
Ignored unknown character s (seen 1 times)
Ignored unknown character w (seen 1 times)
Ignored unknown character y (seen 6 times)
Initial topology in 0.00 seconds
Refining topology: 8 rounds ME-NNIs, 2 rounds ME-SPRs, 4 rounds ML-NNIs
Total branch-length 0.008 after 0.02 sec
ML-NNI round 1: LogLk = -36475.591 NNIs 0 max delta 0.00 Time 0.08
      0.10 seconds: Optimizing GTR model, step 2 of 12
      0.23 seconds: Optimizing GTR model, step 6 of 12
      0.36 seconds: Optimizing GTR model, step 11 of 12
GTR Frequencies: 0.2486 0.2307 0.2848 0.2359
GTR rates(ac ag at cg ct gt) 0.8780 4.9300 0.7177 0.9086 5.0986 1.0000
      0.46 seconds: Site likelihoods with rate category 8 of 20
Switched to using 20 rate categories (CAT approximation)
Rate categories were divided by 0.625 so that average rate = 1.0
CAT-based log-likelihoods may not be comparable across runs
ML-NNI round 2: LogLk = -36251.659 NNIs 0 max delta 0.00 Time 0.51
Turning off heuristics for final round of ML NNIs (converged)
ML-NNI round 3: LogLk = -36251.659 NNIs 0 max delta 0.00 Time 0.61 (final)
      0.61 seconds: ML Lengths 1 of 2 splits
Optimize all lengths: LogLk = -36251.659 Time 0.65
      1.19 seconds: Site likelihoods with rate category 1 of 20
      1.41 seconds: Optimizing alpha round 2
      1.55 seconds: Optimizing alpha round 3
      1.68 seconds: Optimizing alpha round 4
      1.79 seconds: Optimizing alpha round 5
      1.90 seconds: Optimizing alpha round 6
      2.03 seconds: Optimizing alpha round 7
      2.18 seconds: Optimizing alpha round 8
      2.28 seconds: Optimizing alpha round 9
      2.41 seconds: Optimizing alpha round 10
Gamma(20) LogLk = -36310.418 alpha = 0.060 rescaling lengths by 1.192
Total time: 2.54 seconds Unique: 4/4 Bad splits: 0/1
