FastTree Version 2.1.11 Double precision (No SSE3)
Alignment: aligned.fas
Nucleotide distances: Jukes-Cantor Joins: balanced Support: SH-like 1000
Search: Normal +NNI +SPR (2 rounds range 10) +ML-NNI opt-each=1
TopHits: 1.00*sqrtN close=default refresh=0.80
ML Model: Generalized Time-Reversible, CAT approximation with 20 rate categories
Ignored unknown character k (seen 117 times)
Ignored unknown character m (seen 98 times)
Ignored unknown character r (seen 535 times)
Ignored unknown character s (seen 119 times)
Ignored unknown character w (seen 55 times)
Ignored unknown character y (seen 510 times)
Initial topology in 0.20 seconds
Refining topology: 23 rounds ME-NNIs, 2 rounds ME-SPRs, 11 rounds ML-NNIs
      0.19 seconds: ME NNI round 1 of 23, 1 of 50 splits
      0.85 seconds: SPR round   1 of   2, 101 of 102 nodes
      1.46 seconds: SPR round   2 of   2, 101 of 102 nodes
Total branch-length 0.013 after 1.52 sec

WARNING! This alignment consists of closely-related and very-long sequences.
WARNING! FastTree (or other standard maximum-likelihood tools)
may not be appropriate for aligments of very closely-related sequences
like this one, as FastTree does not account for recombination or gene conversion

      1.83 seconds: ML NNI round 1 of 11, 1 of 50 splits
ML-NNI round 1: LogLk = -38561.962 NNIs 20 max delta 13.05 Time 2.81
      2.80 seconds: Optimizing GTR model, step 1 of 12
      3.27 seconds: Optimizing GTR model, step 2 of 12
      3.58 seconds: Optimizing GTR model, step 3 of 12
      3.96 seconds: Optimizing GTR model, step 4 of 12
      4.32 seconds: Optimizing GTR model, step 5 of 12
      4.65 seconds: Optimizing GTR model, step 6 of 12
      4.97 seconds: Optimizing GTR model, step 7 of 12
      5.19 seconds: Optimizing GTR model, step 8 of 12
      5.40 seconds: Optimizing GTR model, step 9 of 12
      5.61 seconds: Optimizing GTR model, step 10 of 12
      5.82 seconds: Optimizing GTR model, step 11 of 12
      6.06 seconds: Optimizing GTR model, step 12 of 12
GTR Frequencies: 0.2486 0.2307 0.2847 0.2360
GTR rates(ac ag at cg ct gt) 0.7187 4.6867 0.7641 0.7755 3.9399 1.0000
      6.29 seconds: ML Lengths 1 of 50 splits
      6.76 seconds: Site likelihoods with rate category 1 of 20
      6.88 seconds: Site likelihoods with rate category 6 of 20
      7.00 seconds: Site likelihoods with rate category 11 of 20
      7.13 seconds: Site likelihoods with rate category 16 of 20
Switched to using 20 rate categories (CAT approximation)
Rate categories were divided by 0.627 so that average rate = 1.0
CAT-based log-likelihoods may not be comparable across runs
      7.26 seconds: ML NNI round 2 of 11, 1 of 50 splits
ML-NNI round 2: LogLk = -38098.843 NNIs 15 max delta 4.30 Time 9.03
      9.02 seconds: ML NNI round 3 of 11, 1 of 50 splits
ML-NNI round 3: LogLk = -38086.318 NNIs 6 max delta 5.64 Time 10.29
     10.29 seconds: ML NNI round 4 of 11, 1 of 50 splits
ML-NNI round 4: LogLk = -38081.345 NNIs 5 max delta 2.35 Time 11.26
     11.25 seconds: ML NNI round 5 of 11, 1 of 50 splits
ML-NNI round 5: LogLk = -38081.115 NNIs 3 max delta 0.03 Time 12.01
Turning off heuristics for final round of ML NNIs (converged)
     12.01 seconds: ML NNI round 6 of 11, 1 of 50 splits
ML-NNI round 6: LogLk = -38080.753 NNIs 4 max delta 0.00 Time 13.84 (final)
     13.83 seconds: ML Lengths 1 of 50 splits
Optimize all lengths: LogLk = -38080.750 Time 14.27
     18.73 seconds: Site likelihoods with rate category 1 of 20
     18.86 seconds: Site likelihoods with rate category 6 of 20
     18.96 seconds: Site likelihoods with rate category 10 of 20
     19.08 seconds: Site likelihoods with rate category 15 of 20
     19.20 seconds: Site likelihoods with rate category 20 of 20
     19.31 seconds: Optimizing alpha round 2
     19.42 seconds: Optimizing alpha round 4
     19.54 seconds: Optimizing alpha round 6
     19.64 seconds: Optimizing alpha round 8
     19.74 seconds: Optimizing alpha round 10
Gamma(20) LogLk = -38019.765 alpha = 0.011 rescaling lengths by 7.523
Total time: 19.79 seconds Unique: 52/86 Bad splits: 0/49
